mode: atomic
github.com/baaaki/mydreamcampus/auth-service/cmd/seed/main.go:16.13,19.16 2 0
github.com/baaaki/mydreamcampus/auth-service/cmd/seed/main.go:19.16,21.3 1 0
github.com/baaaki/mydreamcampus/auth-service/cmd/seed/main.go:24.2,26.16 3 0
github.com/baaaki/mydreamcampus/auth-service/cmd/seed/main.go:26.16,28.3 1 0
github.com/baaaki/mydreamcampus/auth-service/cmd/seed/main.go:29.2,32.39 2 0
github.com/baaaki/mydreamcampus/auth-service/cmd/seed/main.go:32.39,34.3 1 0
github.com/baaaki/mydreamcampus/auth-service/cmd/seed/main.go:35.2,41.16 4 0
github.com/baaaki/mydreamcampus/auth-service/cmd/seed/main.go:41.16,43.3 1 0
github.com/baaaki/mydreamcampus/auth-service/cmd/seed/main.go:43.8,45.3 1 0
github.com/baaaki/mydreamcampus/auth-service/cmd/seed/main.go:48.2,49.16 2 0
github.com/baaaki/mydreamcampus/auth-service/cmd/seed/main.go:49.16,51.3 1 0
github.com/baaaki/mydreamcampus/auth-service/cmd/seed/main.go:54.2,67.16 3 0
github.com/baaaki/mydreamcampus/auth-service/cmd/seed/main.go:67.16,69.3 1 0
github.com/baaaki/mydreamcampus/auth-service/cmd/seed/main.go:71.2,78.12 7 0
github.com/baaaki/mydreamcampus/auth-service/internal/db/db.go:20.28,22.2 1 0
github.com/baaaki/mydreamcampus/auth-service/internal/db/db.go:28.46,32.2 1 0
github.com/baaaki/mydreamcampus/auth-service/internal/db/processed_events.sql.go:19.98,22.2 2 0
github.com/baaaki/mydreamcampus/auth-service/internal/db/processed_events.sql.go:28.87,33.2 4 0
github.com/baaaki/mydreamcampus/auth-service/internal/db/processed_events.sql.go:46.95,49.2 2 0
github.com/baaaki/mydreamcampus/auth-service/internal/db/sessions.sql.go:19.69,22.2 2 0
github.com/baaaki/mydreamcampus/auth-service/internal/db/sessions.sql.go:38.96,58.2 4 0
github.com/baaaki/mydreamcampus/auth-service/internal/db/sessions.sql.go:65.88,68.2 2 0
github.com/baaaki/mydreamcampus/auth-service/internal/db/sessions.sql.go:75.84,78.2 2 0
github.com/baaaki/mydreamcampus/auth-service/internal/db/sessions.sql.go:90.93,93.2 2 0
github.com/baaaki/mydreamcampus/auth-service/internal/db/sessions.sql.go:102.97,116.2 4 0
github.com/baaaki/mydreamcampus/auth-service/internal/db/sessions.sql.go:125.99,127.16 2 0
github.com/baaaki/mydreamcampus/auth-service/internal/db/sessions.sql.go:127.16,129.3 1 0
github.com/baaaki/mydreamcampus/auth-service/internal/db/sessions.sql.go:130.2,132.18 3 0
github.com/baaaki/mydreamcampus/auth-service/internal/db/sessions.sql.go:132.18,143.17 2 0
github.com/baaaki/mydreamcampus/auth-service/internal/db/sessions.sql.go:143.17,145.4 1 0
github.com/baaaki/mydreamcampus/auth-service/internal/db/sessions.sql.go:146.3,146.27 1 0
github.com/baaaki/mydreamcampus/auth-service/internal/db/sessions.sql.go:148.2,148.35 1 0
github.com/baaaki/mydreamcampus/auth-service/internal/db/sessions.sql.go:148.35,150.3 1 0
github.com/baaaki/mydreamcampus/auth-service/internal/db/sessions.sql.go:151.2,151.19 1 0
github.com/baaaki/mydreamcampus/auth-service/internal/db/sessions.sql.go:160.92,163.2 2 0
github.com/baaaki/mydreamcampus/auth-service/internal/db/users.sql.go:18.66,23.2 4 0
github.com/baaaki/mydreamcampus/auth-service/internal/db/users.sql.go:38.111,43.2 4 0
github.com/baaaki/mydreamcampus/auth-service/internal/db/users.sql.go:74.96,97.2 4 0
github.com/baaaki/mydreamcampus/auth-service/internal/db/users.sql.go:108.77,111.2 2 0
github.com/baaaki/mydreamcampus/auth-service/internal/db/users.sql.go:122.83,141.2 4 0
github.com/baaaki/mydreamcampus/auth-service/internal/db/users.sql.go:152.82,171.2 4 0
github.com/baaaki/mydreamcampus/auth-service/internal/db/users.sql.go:180.91,183.2 2 0
github.com/baaaki/mydreamcampus/auth-service/internal/db/users.sql.go:193.94,198.2 4 0
github.com/baaaki/mydreamcampus/auth-service/internal/db/users.sql.go:212.81,215.2 2 0
github.com/baaaki/mydreamcampus/auth-service/internal/db/users.sql.go:225.87,228.2 2 0
github.com/baaaki/mydreamcampus/auth-service/internal/db/users.sql.go:245.87,248.2 2 0
github.com/baaaki/mydreamcampus/auth-service/internal/db/users.sql.go:264.79,267.2 2 0
github.com/baaaki/mydreamcampus/auth-service/cmd/main.go:28.13,31.16 2 0
github.com/baaaki/mydreamcampus/auth-service/cmd/main.go:31.16,32.55 1 0
github.com/baaaki/mydreamcampus/auth-service/cmd/main.go:36.2,36.60 1 0
github.com/baaaki/mydreamcampus/auth-service/cmd/main.go:36.60,37.61 1 0
github.com/baaaki/mydreamcampus/auth-service/cmd/main.go:39.2,52.16 6 0
github.com/baaaki/mydreamcampus/auth-service/cmd/main.go:52.16,56.3 1 0
github.com/baaaki/mydreamcampus/auth-service/cmd/main.go:57.2,63.16 4 0
github.com/baaaki/mydreamcampus/auth-service/cmd/main.go:63.16,67.3 1 0
github.com/baaaki/mydreamcampus/auth-service/cmd/main.go:68.2,77.27 5 0
github.com/baaaki/mydreamcampus/auth-service/cmd/main.go:77.27,100.3 4 0
github.com/baaaki/mydreamcampus/auth-service/cmd/main.go:103.2,104.16 2 0
github.com/baaaki/mydreamcampus/auth-service/cmd/main.go:104.16,108.3 1 0
github.com/baaaki/mydreamcampus/auth-service/cmd/main.go:109.2,114.50 3 0
github.com/baaaki/mydreamcampus/auth-service/cmd/main.go:114.50,118.3 1 0
github.com/baaaki/mydreamcampus/auth-service/cmd/main.go:121.2,138.51 10 0
github.com/baaaki/mydreamcampus/auth-service/cmd/main.go:138.51,143.3 1 0
github.com/baaaki/mydreamcampus/auth-service/cmd/main.go:146.2,157.57 7 0
github.com/baaaki/mydreamcampus/auth-service/cmd/main.go:157.57,161.3 1 0
github.com/baaaki/mydreamcampus/auth-service/cmd/main.go:164.2,181.12 5 0
github.com/baaaki/mydreamcampus/auth-service/cmd/main.go:181.12,185.77 2 0
github.com/baaaki/mydreamcampus/auth-service/cmd/main.go:185.77,189.4 1 0
github.com/baaaki/mydreamcampus/auth-service/cmd/main.go:193.2,207.50 9 0
github.com/baaaki/mydreamcampus/auth-service/cmd/main.go:207.50,211.3 1 0
github.com/baaaki/mydreamcampus/auth-service/cmd/main.go:213.2,213.30 1 0
github.com/baaaki/mydreamcampus/auth-service/cmd/main.go:216.116,217.25 1 0
github.com/baaaki/mydreamcampus/auth-service/cmd/main.go:217.25,219.3 1 0
github.com/baaaki/mydreamcampus/auth-service/cmd/main.go:221.2,233.2 9 0
github.com/baaaki/mydreamcampus/auth-service/cmd/main.go:233.2,243.3 7 0
github.com/baaaki/mydreamcampus/auth-service/cmd/main.go:243.3,259.4 6 0
github.com/baaaki/mydreamcampus/auth-service/cmd/main.go:263.2,266.2 4 0
github.com/baaaki/mydreamcampus/auth-service/cmd/main.go:266.2,268.3 1 0
github.com/baaaki/mydreamcampus/auth-service/cmd/main.go:270.2,270.15 1 0
github.com/baaaki/mydreamcampus/auth-service/cmd/main.go:273.53,285.16 2 0
github.com/baaaki/mydreamcampus/auth-service/cmd/main.go:285.16,287.3 1 0
github.com/baaaki/mydreamcampus/auth-service/cmd/main.go:290.2,298.16 1 0
github.com/baaaki/mydreamcampus/auth-service/cmd/main.go:298.16,300.3 1 0
github.com/baaaki/mydreamcampus/auth-service/cmd/main.go:303.2,311.16 2 0
github.com/baaaki/mydreamcampus/auth-service/cmd/main.go:311.16,313.3 1 0
github.com/baaaki/mydreamcampus/auth-service/cmd/main.go:316.2,321.41 2 0
github.com/baaaki/mydreamcampus/auth-service/cmd/main.go:321.41,328.17 1 0
github.com/baaaki/mydreamcampus/auth-service/cmd/main.go:328.17,330.4 1 0
github.com/baaaki/mydreamcampus/auth-service/cmd/main.go:334.2,339.39 2 0
github.com/baaaki/mydreamcampus/auth-service/cmd/main.go:339.39,346.17 1 0
github.com/baaaki/mydreamcampus/auth-service/cmd/main.go:346.17,348.4 1 0
github.com/baaaki/mydreamcampus/auth-service/cmd/main.go:351.2,357.12 2 0
github.com/baaaki/mydreamcampus/auth-service/config/config.go:36.30,47.58 6 0
github.com/baaaki/mydreamcampus/auth-service/config/config.go:47.58,49.3 1 0
github.com/baaaki/mydreamcampus/auth-service/config/config.go:52.2,73.39 3 0
github.com/baaaki/mydreamcampus/auth-service/config/config.go:73.39,75.3 1 0
github.com/baaaki/mydreamcampus/auth-service/config/config.go:77.2,77.17 1 0
github.com/baaaki/mydreamcampus/auth-service/config/config.go:81.35,84.95 2 0
github.com/baaaki/mydreamcampus/auth-service/config/config.go:84.95,86.3 1 0
github.com/baaaki/mydreamcampus/auth-service/config/config.go:89.2,89.70 1 0
github.com/baaaki/mydreamcampus/auth-service/config/config.go:89.70,91.3 1 0
github.com/baaaki/mydreamcampus/auth-service/config/config.go:92.2,92.25 1 0
github.com/baaaki/mydreamcampus/auth-service/config/config.go:92.25,94.3 1 0
github.com/baaaki/mydreamcampus/auth-service/config/config.go:95.2,95.35 1 0
github.com/baaaki/mydreamcampus/auth-service/config/config.go:95.35,97.3 1 0
github.com/baaaki/mydreamcampus/auth-service/config/config.go:98.2,98.84 1 0
github.com/baaaki/mydreamcampus/auth-service/config/config.go:98.84,100.3 1 0
github.com/baaaki/mydreamcampus/auth-service/config/config.go:102.2,102.12 1 0
github.com/baaaki/mydreamcampus/auth-service/internal/repository/auth_repository.go:22.60,27.2 1 0
github.com/baaaki/mydreamcampus/auth-service/internal/repository/auth_repository.go:30.93,32.16 2 0
github.com/baaaki/mydreamcampus/auth-service/internal/repository/auth_repository.go:32.16,33.27 1 0
github.com/baaaki/mydreamcampus/auth-service/internal/repository/auth_repository.go:33.27,35.4 1 0
github.com/baaaki/mydreamcampus/auth-service/internal/repository/auth_repository.go:36.3,36.95 1 0
github.com/baaaki/mydreamcampus/auth-service/internal/repository/auth_repository.go:38.2,38.18 1 0
github.com/baaaki/mydreamcampus/auth-service/internal/repository/auth_repository.go:42.90,44.16 2 0
github.com/baaaki/mydreamcampus/auth-service/internal/repository/auth_repository.go:44.16,45.27 1 0
github.com/baaaki/mydreamcampus/auth-service/internal/repository/auth_repository.go:45.27,47.4 1 0
github.com/baaaki/mydreamcampus/auth-service/internal/repository/auth_repository.go:48.3,48.95 1 0
github.com/baaaki/mydreamcampus/auth-service/internal/repository/auth_repository.go:50.2,50.18 1 0
github.com/baaaki/mydreamcampus/auth-service/internal/repository/auth_repository.go:54.112,56.16 2 0
github.com/baaaki/mydreamcampus/auth-service/internal/repository/auth_repository.go:56.16,58.46 1 0
github.com/baaaki/mydreamcampus/auth-service/internal/repository/auth_repository.go:58.46,59.30 1 0
github.com/baaaki/mydreamcampus/auth-service/internal/repository/auth_repository.go:59.30,61.5 1 0
github.com/baaaki/mydreamcampus/auth-service/internal/repository/auth_repository.go:63.3,63.107 1 0
github.com/baaaki/mydreamcampus/auth-service/internal/repository/auth_repository.go:65.2,65.18 1 0
github.com/baaaki/mydreamcampus/auth-service/internal/repository/auth_repository.go:69.133,76.16 3 0
github.com/baaaki/mydreamcampus/auth-service/internal/repository/auth_repository.go:76.16,77.27 1 0
github.com/baaaki/mydreamcampus/auth-service/internal/repository/auth_repository.go:77.27,79.4 1 0
github.com/baaaki/mydreamcampus/auth-service/internal/repository/auth_repository.go:80.3,80.91 1 0
github.com/baaaki/mydreamcampus/auth-service/internal/repository/auth_repository.go:82.2,82.12 1 0
github.com/baaaki/mydreamcampus/auth-service/internal/repository/auth_repository.go:86.92,88.16 2 0
github.com/baaaki/mydreamcampus/auth-service/internal/repository/auth_repository.go:88.16,89.27 1 0
github.com/baaaki/mydreamcampus/auth-service/internal/repository/auth_repository.go:89.27,91.4 1 0
github.com/baaaki/mydreamcampus/auth-service/internal/repository/auth_repository.go:92.3,92.87 1 0
github.com/baaaki/mydreamcampus/auth-service/internal/repository/auth_repository.go:94.2,94.12 1 0
github.com/baaaki/mydreamcampus/auth-service/internal/repository/auth_repository.go:98.102,100.16 2 0
github.com/baaaki/mydreamcampus/auth-service/internal/repository/auth_repository.go:100.16,101.27 1 0
github.com/baaaki/mydreamcampus/auth-service/internal/repository/auth_repository.go:101.27,103.4 1 0
github.com/baaaki/mydreamcampus/auth-service/internal/repository/auth_repository.go:104.3,104.102 1 0
github.com/baaaki/mydreamcampus/auth-service/internal/repository/auth_repository.go:106.2,106.20 1 0
github.com/baaaki/mydreamcampus/auth-service/internal/repository/auth_repository.go:106.20,108.3 1 0
github.com/baaaki/mydreamcampus/auth-service/internal/repository/auth_repository.go:109.2,109.22 1 0
github.com/baaaki/mydreamcampus/auth-service/internal/repository/auth_repository.go:113.100,115.16 2 0
github.com/baaaki/mydreamcampus/auth-service/internal/repository/auth_repository.go:115.16,117.3 1 0
github.com/baaaki/mydreamcampus/auth-service/internal/repository/auth_repository.go:118.2,118.12 1 0
github.com/baaaki/mydreamcampus/auth-service/internal/repository/auth_repository.go:122.96,124.16 2 0
github.com/baaaki/mydreamcampus/auth-service/internal/repository/auth_repository.go:124.16,126.3 1 0
github.com/baaaki/mydreamcampus/auth-service/internal/repository/auth_repository.go:127.2,127.12 1 0
github.com/baaaki/mydreamcampus/auth-service/internal/repository/auth_repository.go:131.94,133.16 2 0
github.com/baaaki/mydreamcampus/auth-service/internal/repository/auth_repository.go:133.16,135.3 1 0
github.com/baaaki/mydreamcampus/auth-service/internal/repository/auth_repository.go:136.2,136.12 1 0
github.com/baaaki/mydreamcampus/auth-service/internal/repository/auth_repository.go:140.86,142.16 2 0
github.com/baaaki/mydreamcampus/auth-service/internal/repository/auth_repository.go:142.16,143.27 1 0
github.com/baaaki/mydreamcampus/auth-service/internal/repository/auth_repository.go:143.27,145.4 1 0
github.com/baaaki/mydreamcampus/auth-service/internal/repository/auth_repository.go:146.3,146.91 1 0
github.com/baaaki/mydreamcampus/auth-service/internal/repository/auth_repository.go:148.2,148.12 1 0
github.com/baaaki/mydreamcampus/auth-service/internal/repository/auth_repository.go:152.73,154.16 2 0
github.com/baaaki/mydreamcampus/auth-service/internal/repository/auth_repository.go:154.16,156.3 1 0
github.com/baaaki/mydreamcampus/auth-service/internal/repository/auth_repository.go:157.2,157.20 1 0
github.com/baaaki/mydreamcampus/auth-service/internal/repository/auth_repository.go:161.119,166.16 2 0
github.com/baaaki/mydreamcampus/auth-service/internal/repository/auth_repository.go:166.16,167.27 1 0
github.com/baaaki/mydreamcampus/auth-service/internal/repository/auth_repository.go:167.27,170.4 1 0
github.com/baaaki/mydreamcampus/auth-service/internal/repository/auth_repository.go:171.3,171.103 1 0
github.com/baaaki/mydreamcampus/auth-service/internal/repository/auth_repository.go:173.2,173.20 1 0
github.com/baaaki/mydreamcampus/auth-service/internal/repository/auth_repository.go:173.20,175.3 1 0
github.com/baaaki/mydreamcampus/auth-service/internal/repository/auth_repository.go:176.2,176.22 1 0
github.com/baaaki/mydreamcampus/auth-service/internal/repository/event_repository.go:18.62,23.2 1 0
github.com/baaaki/mydreamcampus/auth-service/internal/repository/event_repository.go:26.95,28.16 2 0
github.com/baaaki/mydreamcampus/auth-service/internal/repository/event_repository.go:28.16,30.3 1 0
github.com/baaaki/mydreamcampus/auth-service/internal/repository/event_repository.go:31.2,31.20 1 0
github.com/baaaki/mydreamcampus/auth-service/internal/repository/event_repository.go:35.100,40.16 2 0
github.com/baaaki/mydreamcampus/auth-service/internal/repository/event_repository.go:40.16,42.3 1 0
github.com/baaaki/mydreamcampus/auth-service/internal/repository/event_repository.go:43.2,43.12 1 0
github.com/baaaki/mydreamcampus/auth-service/internal/repository/event_repository.go:47.98,55.16 3 0
github.com/baaaki/mydreamcampus/auth-service/internal/repository/event_repository.go:55.16,57.3 1 0
github.com/baaaki/mydreamcampus/auth-service/internal/repository/event_repository.go:58.2,58.12 1 0
github.com/baaaki/mydreamcampus/auth-service/internal/repository/session_repository.go:21.66,26.2 1 0
github.com/baaaki/mydreamcampus/auth-service/internal/repository/session_repository.go:29.115,31.16 2 0
github.com/baaaki/mydreamcampus/auth-service/internal/repository/session_repository.go:31.16,33.3 1 0
github.com/baaaki/mydreamcampus/auth-service/internal/repository/session_repository.go:34.2,34.21 1 0
github.com/baaaki/mydreamcampus/auth-service/internal/repository/session_repository.go:38.98,40.16 2 0
github.com/baaaki/mydreamcampus/auth-service/internal/repository/session_repository.go:40.16,41.27 1 0
github.com/baaaki/mydreamcampus/auth-service/internal/repository/session_repository.go:41.27,43.4 1 0
github.com/baaaki/mydreamcampus/auth-service/internal/repository/session_repository.go:44.3,44.101 1 0
github.com/baaaki/mydreamcampus/auth-service/internal/repository/session_repository.go:46.2,46.21 1 0
github.com/baaaki/mydreamcampus/auth-service/internal/repository/session_repository.go:50.110,52.16 2 0
github.com/baaaki/mydreamcampus/auth-service/internal/repository/session_repository.go:52.16,54.3 1 0
github.com/baaaki/mydreamcampus/auth-service/internal/repository/session_repository.go:55.2,55.22 1 0
github.com/baaaki/mydreamcampus/auth-service/internal/repository/session_repository.go:59.90,61.16 2 0
github.com/baaaki/mydreamcampus/auth-service/internal/repository/session_repository.go:61.16,62.27 1 0
github.com/baaaki/mydreamcampus/auth-service/internal/repository/session_repository.go:62.27,64.4 1 0
github.com/baaaki/mydreamcampus/auth-service/internal/repository/session_repository.go:65.3,65.100 1 0
github.com/baaaki/mydreamcampus/auth-service/internal/repository/session_repository.go:67.2,67.12 1 0
github.com/baaaki/mydreamcampus/auth-service/internal/repository/session_repository.go:71.82,73.16 2 0
github.com/baaaki/mydreamcampus/auth-service/internal/repository/session_repository.go:73.16,74.27 1 0
github.com/baaaki/mydreamcampus/auth-service/internal/repository/session_repository.go:74.27,76.4 1 0
github.com/baaaki/mydreamcampus/auth-service/internal/repository/session_repository.go:77.3,77.90 1 0
github.com/baaaki/mydreamcampus/auth-service/internal/repository/session_repository.go:79.2,79.12 1 0
github.com/baaaki/mydreamcampus/auth-service/internal/repository/session_repository.go:83.103,88.16 2 0
github.com/baaaki/mydreamcampus/auth-service/internal/repository/session_repository.go:88.16,89.27 1 0
github.com/baaaki/mydreamcampus/auth-service/internal/repository/session_repository.go:89.27,91.4 1 0
github.com/baaaki/mydreamcampus/auth-service/internal/repository/session_repository.go:92.3,92.90 1 0
github.com/baaaki/mydreamcampus/auth-service/internal/repository/session_repository.go:94.2,94.12 1 0
github.com/baaaki/mydreamcampus/auth-service/internal/repository/session_repository.go:98.96,100.16 2 0
github.com/baaaki/mydreamcampus/auth-service/internal/repository/session_repository.go:100.16,102.3 1 0
github.com/baaaki/mydreamcampus/auth-service/internal/repository/session_repository.go:103.2,103.12 1 0
github.com/baaaki/mydreamcampus/auth-service/internal/repository/session_repository.go:107.79,109.16 2 0
github.com/baaaki/mydreamcampus/auth-service/internal/repository/session_repository.go:109.16,111.3 1 0
github.com/baaaki/mydreamcampus/auth-service/internal/repository/session_repository.go:112.2,112.12 1 0
github.com/baaaki/mydreamcampus/auth-service/internal/worker/event_consumer.go:24.18,29.2 1 0
github.com/baaaki/mydreamcampus/auth-service/internal/worker/event_consumer.go:32.58,37.16 3 0
github.com/baaaki/mydreamcampus/auth-service/internal/worker/event_consumer.go:37.16,39.3 1 0
github.com/baaaki/mydreamcampus/auth-service/internal/worker/event_consumer.go:42.2,42.37 1 0
github.com/baaaki/mydreamcampus/auth-service/internal/worker/event_consumer.go:42.37,45.58 2 0
github.com/baaaki/mydreamcampus/auth-service/internal/worker/event_consumer.go:45.58,47.4 1 0
github.com/baaaki/mydreamcampus/auth-service/internal/worker/event_consumer.go:49.3,55.30 2 0
github.com/baaaki/mydreamcampus/auth-service/internal/worker/event_consumer.go:56.35,57.44 1 0
github.com/baaaki/mydreamcampus/auth-service/internal/worker/event_consumer.go:58.33,59.42 1 0
github.com/baaaki/mydreamcampus/auth-service/internal/worker/event_consumer.go:60.61,61.41 1 0
github.com/baaaki/mydreamcampus/auth-service/internal/worker/event_consumer.go:62.69,63.45 1 0
github.com/baaaki/mydreamcampus/auth-service/internal/worker/event_consumer.go:64.11,68.14 2 0
github.com/baaaki/mydreamcampus/auth-service/internal/worker/event_consumer.go:73.2,74.16 2 0
github.com/baaaki/mydreamcampus/auth-service/internal/worker/event_consumer.go:74.16,76.3 1 0
github.com/baaaki/mydreamcampus/auth-service/internal/worker/event_consumer.go:78.2,79.12 2 0
github.com/baaaki/mydreamcampus/auth-service/internal/worker/event_consumer.go:84.86,86.53 2 0
github.com/baaaki/mydreamcampus/auth-service/internal/worker/event_consumer.go:86.53,91.3 2 0
github.com/baaaki/mydreamcampus/auth-service/internal/worker/event_consumer.go:93.2,93.56 1 0
github.com/baaaki/mydreamcampus/auth-service/internal/worker/event_consumer.go:97.84,99.53 2 0
github.com/baaaki/mydreamcampus/auth-service/internal/worker/event_consumer.go:99.53,104.3 2 0
github.com/baaaki/mydreamcampus/auth-service/internal/worker/event_consumer.go:106.2,106.54 1 0
github.com/baaaki/mydreamcampus/auth-service/internal/worker/event_consumer.go:110.83,112.53 2 0
github.com/baaaki/mydreamcampus/auth-service/internal/worker/event_consumer.go:112.53,117.3 2 0
github.com/baaaki/mydreamcampus/auth-service/internal/worker/event_consumer.go:119.2,119.53 1 0
github.com/baaaki/mydreamcampus/auth-service/internal/worker/event_consumer.go:123.87,125.53 2 0
github.com/baaaki/mydreamcampus/auth-service/internal/worker/event_consumer.go:125.53,130.3 2 0
github.com/baaaki/mydreamcampus/auth-service/internal/worker/event_consumer.go:132.2,132.57 1 0
github.com/baaaki/mydreamcampus/auth-service/internal/handler/auth_handler.go:28.92,39.2 2 0
github.com/baaaki/mydreamcampus/auth-service/internal/handler/auth_handler.go:44.68,55.2 2 0
github.com/baaaki/mydreamcampus/auth-service/internal/handler/auth_handler.go:62.88,67.2 1 0
github.com/baaaki/mydreamcampus/auth-service/internal/handler/auth_handler.go:70.45,81.47 5 0
github.com/baaaki/mydreamcampus/auth-service/internal/handler/auth_handler.go:81.47,90.3 3 0
github.com/baaaki/mydreamcampus/auth-service/internal/handler/auth_handler.go:93.2,104.16 5 0
github.com/baaaki/mydreamcampus/auth-service/internal/handler/auth_handler.go:104.16,111.56 2 0
github.com/baaaki/mydreamcampus/auth-service/internal/handler/auth_handler.go:111.56,118.4 3 0
github.com/baaaki/mydreamcampus/auth-service/internal/handler/auth_handler.go:120.3,120.100 1 0
github.com/baaaki/mydreamcampus/auth-service/internal/handler/auth_handler.go:120.100,127.4 3 0
github.com/baaaki/mydreamcampus/auth-service/internal/handler/auth_handler.go:129.3,133.9 2 0
github.com/baaaki/mydreamcampus/auth-service/internal/handler/auth_handler.go:136.2,148.33 6 0
github.com/baaaki/mydreamcampus/auth-service/internal/handler/auth_handler.go:152.46,164.45 5 0
github.com/baaaki/mydreamcampus/auth-service/internal/handler/auth_handler.go:164.45,166.3 1 0
github.com/baaaki/mydreamcampus/auth-service/internal/handler/auth_handler.go:169.2,170.16 2 0
github.com/baaaki/mydreamcampus/auth-service/internal/handler/auth_handler.go:170.16,179.3 3 0
github.com/baaaki/mydreamcampus/auth-service/internal/handler/auth_handler.go:182.2,184.56 3 0
github.com/baaaki/mydreamcampus/auth-service/internal/handler/auth_handler.go:184.56,186.3 1 0
github.com/baaaki/mydreamcampus/auth-service/internal/handler/auth_handler.go:187.2,187.23 1 0
github.com/baaaki/mydreamcampus/auth-service/internal/handler/auth_handler.go:187.23,188.70 1 0
github.com/baaaki/mydreamcampus/auth-service/internal/handler/auth_handler.go:188.70,190.4 1 0
github.com/baaaki/mydreamcampus/auth-service/internal/handler/auth_handler.go:193.2,197.16 3 0
github.com/baaaki/mydreamcampus/auth-service/internal/handler/auth_handler.go:197.16,202.3 1 0
github.com/baaaki/mydreamcampus/auth-service/internal/handler/auth_handler.go:204.2,211.45 5 0
github.com/baaaki/mydreamcampus/auth-service/internal/handler/auth_handler.go:211.45,213.3 1 0
github.com/baaaki/mydreamcampus/auth-service/internal/handler/auth_handler.go:214.2,218.4 2 0
github.com/baaaki/mydreamcampus/auth-service/internal/handler/auth_handler.go:222.49,234.13 5 0
github.com/baaaki/mydreamcampus/auth-service/internal/handler/auth_handler.go:234.13,241.3 3 0
github.com/baaaki/mydreamcampus/auth-service/internal/handler/auth_handler.go:243.2,244.16 2 0
github.com/baaaki/mydreamcampus/auth-service/internal/handler/auth_handler.go:244.16,253.3 3 0
github.com/baaaki/mydreamcampus/auth-service/internal/handler/auth_handler.go:255.2,261.56 5 0
github.com/baaaki/mydreamcampus/auth-service/internal/handler/auth_handler.go:261.56,263.3 1 0
github.com/baaaki/mydreamcampus/auth-service/internal/handler/auth_handler.go:264.2,264.23 1 0
github.com/baaaki/mydreamcampus/auth-service/internal/handler/auth_handler.go:264.23,265.70 1 0
github.com/baaaki/mydreamcampus/auth-service/internal/handler/auth_handler.go:265.70,267.4 1 0
github.com/baaaki/mydreamcampus/auth-service/internal/handler/auth_handler.go:271.2,272.16 2 0
github.com/baaaki/mydreamcampus/auth-service/internal/handler/auth_handler.go:272.16,281.3 3 0
github.com/baaaki/mydreamcampus/auth-service/internal/handler/auth_handler.go:283.2,292.4 5 0
github.com/baaaki/mydreamcampus/auth-service/internal/handler/auth_handler.go:296.52,308.38 5 0
github.com/baaaki/mydreamcampus/auth-service/internal/handler/auth_handler.go:308.38,312.3 3 0
github.com/baaaki/mydreamcampus/auth-service/internal/handler/auth_handler.go:313.2,313.24 1 0
github.com/baaaki/mydreamcampus/auth-service/internal/handler/auth_handler.go:313.24,320.3 3 0
github.com/baaaki/mydreamcampus/auth-service/internal/handler/auth_handler.go:322.2,326.16 3 0
github.com/baaaki/mydreamcampus/auth-service/internal/handler/auth_handler.go:326.16,331.42 2 0
github.com/baaaki/mydreamcampus/auth-service/internal/handler/auth_handler.go:331.42,337.4 2 0
github.com/baaaki/mydreamcampus/auth-service/internal/handler/auth_handler.go:339.3,343.9 2 0
github.com/baaaki/mydreamcampus/auth-service/internal/handler/auth_handler.go:346.2,355.33 6 0
github.com/baaaki/mydreamcampus/auth-service/internal/handler/auth_handler.go:359.54,365.13 4 0
github.com/baaaki/mydreamcampus/auth-service/internal/handler/auth_handler.go:365.13,371.3 2 0
github.com/baaaki/mydreamcampus/auth-service/internal/handler/auth_handler.go:373.2,374.16 2 0
github.com/baaaki/mydreamcampus/auth-service/internal/handler/auth_handler.go:374.16,380.3 2 0
github.com/baaaki/mydreamcampus/auth-service/internal/handler/auth_handler.go:382.2,383.47 2 0
github.com/baaaki/mydreamcampus/auth-service/internal/handler/auth_handler.go:383.47,389.3 2 0
github.com/baaaki/mydreamcampus/auth-service/internal/handler/auth_handler.go:392.2,393.16 2 0
github.com/baaaki/mydreamcampus/auth-service/internal/handler/auth_handler.go:393.16,399.42 2 0
github.com/baaaki/mydreamcampus/auth-service/internal/handler/auth_handler.go:399.42,406.4 3 0
github.com/baaaki/mydreamcampus/auth-service/internal/handler/auth_handler.go:408.3,413.9 3 0
github.com/baaaki/mydreamcampus/auth-service/internal/handler/auth_handler.go:416.2,423.33 5 0
github.com/baaaki/mydreamcampus/auth-service/internal/handler/auth_handler.go:427.51,433.13 4 0
github.com/baaaki/mydreamcampus/auth-service/internal/handler/auth_handler.go:433.13,439.3 2 0
github.com/baaaki/mydreamcampus/auth-service/internal/handler/auth_handler.go:441.2,442.16 2 0
github.com/baaaki/mydreamcampus/auth-service/internal/handler/auth_handler.go:442.16,448.3 2 0
github.com/baaaki/mydreamcampus/auth-service/internal/handler/auth_handler.go:451.2,453.23 3 0
github.com/baaaki/mydreamcampus/auth-service/internal/handler/auth_handler.go:453.23,455.3 1 0
github.com/baaaki/mydreamcampus/auth-service/internal/handler/auth_handler.go:458.2,459.16 2 0
github.com/baaaki/mydreamcampus/auth-service/internal/handler/auth_handler.go:459.16,469.3 3 0
github.com/baaaki/mydreamcampus/auth-service/internal/handler/auth_handler.go:471.2,471.33 1 0
github.com/baaaki/mydreamcampus/auth-service/internal/handler/auth_handler.go:476.46,479.13 2 4
github.com/baaaki/mydreamcampus/auth-service/internal/handler/auth_handler.go:479.13,482.3 2 1
github.com/baaaki/mydreamcampus/auth-service/internal/handler/auth_handler.go:485.2,485.51 1 3
github.com/baaaki/mydreamcampus/auth-service/internal/handler/auth_handler.go:485.51,486.46 1 1
github.com/baaaki/mydreamcampus/auth-service/internal/handler/auth_handler.go:486.46,492.4 2 1
github.com/baaaki/mydreamcampus/auth-service/internal/handler/auth_handler.go:495.2,501.55 5 2
github.com/baaaki/mydreamcampus/auth-service/internal/handler/auth_handler.go:501.55,503.3 1 1
github.com/baaaki/mydreamcampus/auth-service/internal/handler/auth_handler.go:505.2,505.25 1 2
github.com/baaaki/mydreamcampus/auth-service/internal/handler/auth_handler.go:509.53,515.13 4 0
github.com/baaaki/mydreamcampus/auth-service/internal/handler/auth_handler.go:515.13,521.3 2 0
github.com/baaaki/mydreamcampus/auth-service/internal/handler/auth_handler.go:523.2,524.16 2 0
github.com/baaaki/mydreamcampus/auth-service/internal/handler/auth_handler.go:524.16,530.3 2 0
github.com/baaaki/mydreamcampus/auth-service/internal/handler/auth_handler.go:533.2,535.16 3 0
github.com/baaaki/mydreamcampus/auth-service/internal/handler/auth_handler.go:535.16,541.3 2 0
github.com/baaaki/mydreamcampus/auth-service/internal/handler/auth_handler.go:544.2,546.23 3 0
github.com/baaaki/mydreamcampus/auth-service/internal/handler/auth_handler.go:546.23,548.3 1 0
github.com/baaaki/mydreamcampus/auth-service/internal/handler/auth_handler.go:551.2,552.16 2 0
github.com/baaaki/mydreamcampus/auth-service/internal/handler/auth_handler.go:552.16,558.76 2 0
github.com/baaaki/mydreamcampus/auth-service/internal/handler/auth_handler.go:558.76,564.4 2 0
github.com/baaaki/mydreamcampus/auth-service/internal/handler/auth_handler.go:566.3,570.9 2 0
github.com/baaaki/mydreamcampus/auth-service/internal/handler/auth_handler.go:573.2,575.4 1 0
github.com/baaaki/mydreamcampus/auth-service/internal/service/auth_service.go:38.16,46.2 1 0
github.com/baaaki/mydreamcampus/auth-service/internal/service/auth_service.go:49.137,63.16 3 0
github.com/baaaki/mydreamcampus/auth-service/internal/service/auth_service.go:63.16,65.62 1 0
github.com/baaaki/mydreamcampus/auth-service/internal/service/auth_service.go:65.62,72.4 3 0
github.com/baaaki/mydreamcampus/auth-service/internal/service/auth_service.go:74.3,74.56 1 0
github.com/baaaki/mydreamcampus/auth-service/internal/service/auth_service.go:74.56,76.4 1 0
github.com/baaaki/mydreamcampus/auth-service/internal/service/auth_service.go:78.3,78.83 1 0
github.com/baaaki/mydreamcampus/auth-service/internal/service/auth_service.go:84.2,84.44 1 0
github.com/baaaki/mydreamcampus/auth-service/internal/service/auth_service.go:84.44,88.3 3 0
github.com/baaaki/mydreamcampus/auth-service/internal/service/auth_service.go:91.2,91.72 1 0
github.com/baaaki/mydreamcampus/auth-service/internal/service/auth_service.go:91.72,96.3 2 0
github.com/baaaki/mydreamcampus/auth-service/internal/service/auth_service.go:99.2,99.60 1 0
github.com/baaaki/mydreamcampus/auth-service/internal/service/auth_service.go:99.60,104.59 2 0
github.com/baaaki/mydreamcampus/auth-service/internal/service/auth_service.go:104.59,116.4 3 0
github.com/baaaki/mydreamcampus/auth-service/internal/service/auth_service.go:118.3,119.70 2 0
github.com/baaaki/mydreamcampus/auth-service/internal/service/auth_service.go:123.2,127.16 3 0
github.com/baaaki/mydreamcampus/auth-service/internal/service/auth_service.go:127.16,130.3 1 0
github.com/baaaki/mydreamcampus/auth-service/internal/service/auth_service.go:133.2,134.16 2 0
github.com/baaaki/mydreamcampus/auth-service/internal/service/auth_service.go:134.16,137.3 1 0
github.com/baaaki/mydreamcampus/auth-service/internal/service/auth_service.go:140.2,151.16 6 0
github.com/baaaki/mydreamcampus/auth-service/internal/service/auth_service.go:151.16,153.56 1 0
github.com/baaaki/mydreamcampus/auth-service/internal/service/auth_service.go:153.56,155.4 1 0
github.com/baaaki/mydreamcampus/auth-service/internal/service/auth_service.go:157.3,157.83 1 0
github.com/baaaki/mydreamcampus/auth-service/internal/service/auth_service.go:161.2,162.94 2 0
github.com/baaaki/mydreamcampus/auth-service/internal/service/auth_service.go:162.94,168.3 1 0
github.com/baaaki/mydreamcampus/auth-service/internal/service/auth_service.go:170.2,188.54 3 0
github.com/baaaki/mydreamcampus/auth-service/internal/service/auth_service.go:188.54,190.3 1 0
github.com/baaaki/mydreamcampus/auth-service/internal/service/auth_service.go:192.2,197.36 2 0
github.com/baaaki/mydreamcampus/auth-service/internal/service/auth_service.go:201.126,204.16 2 0
github.com/baaaki/mydreamcampus/auth-service/internal/service/auth_service.go:204.16,206.3 1 0
github.com/baaaki/mydreamcampus/auth-service/internal/service/auth_service.go:209.2,210.47 2 0
github.com/baaaki/mydreamcampus/auth-service/internal/service/auth_service.go:210.47,216.3 2 0
github.com/baaaki/mydreamcampus/auth-service/internal/service/auth_service.go:219.2,221.16 3 0
github.com/baaaki/mydreamcampus/auth-service/internal/service/auth_service.go:221.16,223.65 1 0
github.com/baaaki/mydreamcampus/auth-service/internal/service/auth_service.go:223.65,228.4 1 0
github.com/baaaki/mydreamcampus/auth-service/internal/service/auth_service.go:228.9,228.63 1 0
github.com/baaaki/mydreamcampus/auth-service/internal/service/auth_service.go:228.63,234.4 1 0
github.com/baaaki/mydreamcampus/auth-service/internal/service/auth_service.go:238.2,238.67 1 0
github.com/baaaki/mydreamcampus/auth-service/internal/service/auth_service.go:238.67,243.3 1 0
github.com/baaaki/mydreamcampus/auth-service/internal/service/auth_service.go:246.2,246.23 1 0
github.com/baaaki/mydreamcampus/auth-service/internal/service/auth_service.go:246.23,247.66 1 0
github.com/baaaki/mydreamcampus/auth-service/internal/service/auth_service.go:247.66,252.4 1 0
github.com/baaaki/mydreamcampus/auth-service/internal/service/auth_service.go:255.2,259.12 2 0
github.com/baaaki/mydreamcampus/auth-service/internal/service/auth_service.go:263.91,265.75 1 0
github.com/baaaki/mydreamcampus/auth-service/internal/service/auth_service.go:265.75,267.3 1 0
github.com/baaaki/mydreamcampus/auth-service/internal/service/auth_service.go:268.2,268.16 1 0
github.com/baaaki/mydreamcampus/auth-service/internal/service/auth_service.go:268.16,270.3 1 0
github.com/baaaki/mydreamcampus/auth-service/internal/service/auth_service.go:272.2,273.9 2 0
github.com/baaaki/mydreamcampus/auth-service/internal/service/auth_service.go:273.9,275.3 1 0
github.com/baaaki/mydreamcampus/auth-service/internal/service/auth_service.go:277.2,278.9 2 0
github.com/baaaki/mydreamcampus/auth-service/internal/service/auth_service.go:278.9,280.3 1 0
github.com/baaaki/mydreamcampus/auth-service/internal/service/auth_service.go:282.2,283.9 2 0
github.com/baaaki/mydreamcampus/auth-service/internal/service/auth_service.go:283.9,285.3 1 0
github.com/baaaki/mydreamcampus/auth-service/internal/service/auth_service.go:288.2,292.67 3 0
github.com/baaaki/mydreamcampus/auth-service/internal/service/auth_service.go:296.98,299.16 2 0
github.com/baaaki/mydreamcampus/auth-service/internal/service/auth_service.go:299.16,301.62 1 0
github.com/baaaki/mydreamcampus/auth-service/internal/service/auth_service.go:301.62,306.4 2 0
github.com/baaaki/mydreamcampus/auth-service/internal/service/auth_service.go:308.3,308.56 1 0
github.com/baaaki/mydreamcampus/auth-service/internal/service/auth_service.go:308.56,310.4 1 0
github.com/baaaki/mydreamcampus/auth-service/internal/service/auth_service.go:312.3,312.58 1 0
github.com/baaaki/mydreamcampus/auth-service/internal/service/auth_service.go:316.2,317.87 2 0
github.com/baaaki/mydreamcampus/auth-service/internal/service/auth_service.go:317.87,321.3 1 0
github.com/baaaki/mydreamcampus/auth-service/internal/service/auth_service.go:324.2,324.94 1 0
github.com/baaaki/mydreamcampus/auth-service/internal/service/auth_service.go:324.94,328.3 1 0
github.com/baaaki/mydreamcampus/auth-service/internal/service/auth_service.go:331.2,331.81 1 0
github.com/baaaki/mydreamcampus/auth-service/internal/service/auth_service.go:331.81,335.3 1 0
github.com/baaaki/mydreamcampus/auth-service/internal/service/auth_service.go:338.2,338.23 1 0
github.com/baaaki/mydreamcampus/auth-service/internal/service/auth_service.go:338.23,339.66 1 0
github.com/baaaki/mydreamcampus/auth-service/internal/service/auth_service.go:339.66,343.4 1 0
github.com/baaaki/mydreamcampus/auth-service/internal/service/auth_service.go:347.2,348.16 2 0
github.com/baaaki/mydreamcampus/auth-service/internal/service/auth_service.go:348.16,350.56 1 0
github.com/baaaki/mydreamcampus/auth-service/internal/service/auth_service.go:350.56,352.4 1 0
github.com/baaaki/mydreamcampus/auth-service/internal/service/auth_service.go:354.3,354.58 1 0
github.com/baaaki/mydreamcampus/auth-service/internal/service/auth_service.go:357.2,362.12 2 0
github.com/baaaki/mydreamcampus/auth-service/internal/service/auth_service.go:366.121,369.16 2 0
github.com/baaaki/mydreamcampus/auth-service/internal/service/auth_service.go:369.16,371.3 1 0
github.com/baaaki/mydreamcampus/auth-service/internal/service/auth_service.go:373.2,374.16 2 0
github.com/baaaki/mydreamcampus/auth-service/internal/service/auth_service.go:374.16,376.3 1 0
github.com/baaaki/mydreamcampus/auth-service/internal/service/auth_service.go:378.2,383.16 4 0
github.com/baaaki/mydreamcampus/auth-service/internal/service/auth_service.go:383.16,385.65 1 0
github.com/baaaki/mydreamcampus/auth-service/internal/service/auth_service.go:385.65,390.4 2 0
github.com/baaaki/mydreamcampus/auth-service/internal/service/auth_service.go:392.3,392.56 1 0
github.com/baaaki/mydreamcampus/auth-service/internal/service/auth_service.go:392.56,394.4 1 0
github.com/baaaki/mydreamcampus/auth-service/internal/service/auth_service.go:396.3,396.85 1 0
github.com/baaaki/mydreamcampus/auth-service/internal/service/auth_service.go:400.2,401.16 2 0
github.com/baaaki/mydreamcampus/auth-service/internal/service/auth_service.go:401.16,403.62 1 0
github.com/baaaki/mydreamcampus/auth-service/internal/service/auth_service.go:403.62,405.4 1 0
github.com/baaaki/mydreamcampus/auth-service/internal/service/auth_service.go:407.3,407.56 1 0
github.com/baaaki/mydreamcampus/auth-service/internal/service/auth_service.go:407.56,409.4 1 0
github.com/baaaki/mydreamcampus/auth-service/internal/service/auth_service.go:411.3,411.85 1 0
github.com/baaaki/mydreamcampus/auth-service/internal/service/auth_service.go:415.2,415.60 1 0
github.com/baaaki/mydreamcampus/auth-service/internal/service/auth_service.go:415.60,422.3 2 0
github.com/baaaki/mydreamcampus/auth-service/internal/service/auth_service.go:425.2,426.16 2 0
github.com/baaaki/mydreamcampus/auth-service/internal/service/auth_service.go:426.16,428.3 1 0
github.com/baaaki/mydreamcampus/auth-service/internal/service/auth_service.go:430.2,431.16 2 0
github.com/baaaki/mydreamcampus/auth-service/internal/service/auth_service.go:431.16,433.3 1 0
github.com/baaaki/mydreamcampus/auth-service/internal/service/auth_service.go:436.2,447.16 4 0
github.com/baaaki/mydreamcampus/auth-service/internal/service/auth_service.go:447.16,449.56 1 0
github.com/baaaki/mydreamcampus/auth-service/internal/service/auth_service.go:449.56,451.4 1 0
github.com/baaaki/mydreamcampus/auth-service/internal/service/auth_service.go:453.3,453.85 1 0
github.com/baaaki/mydreamcampus/auth-service/internal/service/auth_service.go:456.2,463.25 2 0
github.com/baaaki/mydreamcampus/auth-service/internal/service/auth_service.go:467.152,470.16 2 0
github.com/baaaki/mydreamcampus/auth-service/internal/service/auth_service.go:470.16,472.3 1 0
github.com/baaaki/mydreamcampus/auth-service/internal/service/auth_service.go:475.2,475.63 1 0
github.com/baaaki/mydreamcampus/auth-service/internal/service/auth_service.go:475.63,480.3 2 0
github.com/baaaki/mydreamcampus/auth-service/internal/service/auth_service.go:482.2,482.70 1 0
github.com/baaaki/mydreamcampus/auth-service/internal/service/auth_service.go:482.70,484.3 1 0
github.com/baaaki/mydreamcampus/auth-service/internal/service/auth_service.go:487.2,488.16 2 0
github.com/baaaki/mydreamcampus/auth-service/internal/service/auth_service.go:488.16,491.3 1 0
github.com/baaaki/mydreamcampus/auth-service/internal/service/auth_service.go:494.2,495.16 2 0
github.com/baaaki/mydreamcampus/auth-service/internal/service/auth_service.go:495.16,498.3 1 0
github.com/baaaki/mydreamcampus/auth-service/internal/service/auth_service.go:501.2,502.16 2 0
github.com/baaaki/mydreamcampus/auth-service/internal/service/auth_service.go:502.16,504.3 1 0
github.com/baaaki/mydreamcampus/auth-service/internal/service/auth_service.go:507.2,508.16 2 0
github.com/baaaki/mydreamcampus/auth-service/internal/service/auth_service.go:508.16,512.3 1 0
github.com/baaaki/mydreamcampus/auth-service/internal/service/auth_service.go:515.2,516.16 2 0
github.com/baaaki/mydreamcampus/auth-service/internal/service/auth_service.go:516.16,520.3 1 0
github.com/baaaki/mydreamcampus/auth-service/internal/service/auth_service.go:523.2,524.16 2 0
github.com/baaaki/mydreamcampus/auth-service/internal/service/auth_service.go:524.16,526.3 1 0
github.com/baaaki/mydreamcampus/auth-service/internal/service/auth_service.go:528.2,529.16 2 0
github.com/baaaki/mydreamcampus/auth-service/internal/service/auth_service.go:529.16,531.3 1 0
github.com/baaaki/mydreamcampus/auth-service/internal/service/auth_service.go:534.2,540.16 3 0
github.com/baaaki/mydreamcampus/auth-service/internal/service/auth_service.go:540.16,542.3 1 0
github.com/baaaki/mydreamcampus/auth-service/internal/service/auth_service.go:544.2,552.22 2 0
github.com/baaaki/mydreamcampus/auth-service/internal/service/auth_service.go:556.127,558.16 2 0
github.com/baaaki/mydreamcampus/auth-service/internal/service/auth_service.go:558.16,560.3 1 0
github.com/baaaki/mydreamcampus/auth-service/internal/service/auth_service.go:562.2,563.35 2 0
github.com/baaaki/mydreamcampus/auth-service/internal/service/auth_service.go:563.35,572.3 1 0
github.com/baaaki/mydreamcampus/auth-service/internal/service/auth_service.go:574.2,574.62 1 0
github.com/baaaki/mydreamcampus/auth-service/internal/service/auth_service.go:578.112,581.16 2 0
github.com/baaaki/mydreamcampus/auth-service/internal/service/auth_service.go:581.16,583.3 1 0
github.com/baaaki/mydreamcampus/auth-service/internal/service/auth_service.go:585.2,585.35 1 0
github.com/baaaki/mydreamcampus/auth-service/internal/service/auth_service.go:585.35,586.50 1 0
github.com/baaaki/mydreamcampus/auth-service/internal/service/auth_service.go:586.50,587.45 1 0
github.com/baaaki/mydreamcampus/auth-service/internal/service/auth_service.go:587.45,589.5 1 0
github.com/baaaki/mydreamcampus/auth-service/internal/service/auth_service.go:593.2,594.16 2 0
github.com/baaaki/mydreamcampus/auth-service/internal/service/auth_service.go:594.16,596.3 1 0
github.com/baaaki/mydreamcampus/auth-service/internal/service/auth_service.go:598.2,603.12 2 0
github.com/baaaki/mydreamcampus/auth-service/internal/service/auth_service.go:607.60,610.16 2 0
github.com/baaaki/mydreamcampus/auth-service/internal/service/auth_service.go:610.16,612.3 1 0
github.com/baaaki/mydreamcampus/auth-service/internal/service/auth_service.go:614.2,614.12 1 0
github.com/baaaki/mydreamcampus/auth-service/internal/service/auth_service.go:614.12,617.3 2 0
github.com/baaaki/mydreamcampus/auth-service/internal/service/auth_service.go:620.2,621.16 2 0
github.com/baaaki/mydreamcampus/auth-service/internal/service/auth_service.go:621.16,623.3 1 0
github.com/baaaki/mydreamcampus/auth-service/internal/service/auth_service.go:626.2,639.16 3 0
github.com/baaaki/mydreamcampus/auth-service/internal/service/auth_service.go:639.16,641.3 1 0
github.com/baaaki/mydreamcampus/auth-service/internal/service/auth_service.go:643.2,647.12 2 0
github.com/baaaki/mydreamcampus/auth-service/internal/service/auth_service.go:651.66,653.12 2 0
github.com/baaaki/mydreamcampus/auth-service/internal/service/auth_service.go:653.12,654.7 1 0
github.com/baaaki/mydreamcampus/auth-service/internal/service/auth_service.go:654.7,655.11 1 0
github.com/baaaki/mydreamcampus/auth-service/internal/service/auth_service.go:656.20,659.19 2 0
github.com/baaaki/mydreamcampus/auth-service/internal/service/auth_service.go:659.19,663.6 1 0
github.com/baaaki/mydreamcampus/auth-service/internal/service/auth_service.go:663.11,665.6 1 0
github.com/baaaki/mydreamcampus/auth-service/internal/service/auth_service.go:668.5,669.19 2 0
github.com/baaaki/mydreamcampus/auth-service/internal/service/auth_service.go:669.19,673.6 1 0
github.com/baaaki/mydreamcampus/auth-service/internal/service/auth_service.go:673.11,675.6 1 0
github.com/baaaki/mydreamcampus/auth-service/internal/service/auth_service.go:676.22,678.11 2 0
github.com/baaaki/mydreamcampus/auth-service/internal/service/auth_service.go:683.2,683.42 1 0
github.com/baaaki/mydreamcampus/auth-service/internal/service/auth_service.go:687.73,705.2 6 0
github.com/baaaki/mydreamcampus/auth-service/internal/service/auth_service.go:708.82,723.16 7 0
github.com/baaaki/mydreamcampus/auth-service/internal/service/auth_service.go:723.16,725.3 1 0
github.com/baaaki/mydreamcampus/auth-service/internal/service/auth_service.go:727.2,727.30 1 0
github.com/baaaki/mydreamcampus/auth-service/internal/service/auth_service.go:731.84,732.75 1 0
github.com/baaaki/mydreamcampus/auth-service/internal/service/auth_service.go:732.75,733.58 1 0
github.com/baaaki/mydreamcampus/auth-service/internal/service/auth_service.go:733.58,735.4 1 0
github.com/baaaki/mydreamcampus/auth-service/internal/service/auth_service.go:736.3,736.42 1 0
github.com/baaaki/mydreamcampus/auth-service/internal/service/auth_service.go:739.2,739.16 1 0
github.com/baaaki/mydreamcampus/auth-service/internal/service/auth_service.go:739.16,741.3 1 0
github.com/baaaki/mydreamcampus/auth-service/internal/service/auth_service.go:743.2,743.67 1 0
github.com/baaaki/mydreamcampus/auth-service/internal/service/auth_service.go:743.67,745.3 1 0
github.com/baaaki/mydreamcampus/auth-service/internal/service/auth_service.go:747.2,747.41 1 0
github.com/baaaki/mydreamcampus/auth-service/internal/service/auth_service.go:751.101,752.75 1 0
github.com/baaaki/mydreamcampus/auth-service/internal/service/auth_service.go:752.75,753.58 1 0
github.com/baaaki/mydreamcampus/auth-service/internal/service/auth_service.go:753.58,755.4 1 0
github.com/baaaki/mydreamcampus/auth-service/internal/service/auth_service.go:756.3,756.42 1 0
github.com/baaaki/mydreamcampus/auth-service/internal/service/auth_service.go:759.2,759.16 1 0
github.com/baaaki/mydreamcampus/auth-service/internal/service/auth_service.go:759.16,761.3 1 0
github.com/baaaki/mydreamcampus/auth-service/internal/service/auth_service.go:763.2,763.52 1 0
github.com/baaaki/mydreamcampus/auth-service/internal/service/auth_service.go:763.52,765.3 1 0
github.com/baaaki/mydreamcampus/auth-service/internal/service/auth_service.go:767.2,767.41 1 0
github.com/baaaki/mydreamcampus/auth-service/internal/service/event_service.go:28.17,34.2 1 0
github.com/baaaki/mydreamcampus/auth-service/internal/service/event_service.go:37.103,40.16 2 0
github.com/baaaki/mydreamcampus/auth-service/internal/service/event_service.go:40.16,42.3 1 0
github.com/baaaki/mydreamcampus/auth-service/internal/service/event_service.go:43.2,43.15 1 0
github.com/baaaki/mydreamcampus/auth-service/internal/service/event_service.go:43.15,49.3 2 0
github.com/baaaki/mydreamcampus/auth-service/internal/service/event_service.go:52.2,53.16 2 0
github.com/baaaki/mydreamcampus/auth-service/internal/service/event_service.go:53.16,55.3 1 0
github.com/baaaki/mydreamcampus/auth-service/internal/service/event_service.go:56.2,60.16 3 0
github.com/baaaki/mydreamcampus/auth-service/internal/service/event_service.go:60.16,62.3 1 0
github.com/baaaki/mydreamcampus/auth-service/internal/service/event_service.go:65.2,66.16 2 0
github.com/baaaki/mydreamcampus/auth-service/internal/service/event_service.go:66.16,68.3 1 0
github.com/baaaki/mydreamcampus/auth-service/internal/service/event_service.go:71.2,82.16 3 0
github.com/baaaki/mydreamcampus/auth-service/internal/service/event_service.go:82.16,88.3 1 0
github.com/baaaki/mydreamcampus/auth-service/internal/service/event_service.go:91.2,95.16 2 0
github.com/baaaki/mydreamcampus/auth-service/internal/service/event_service.go:95.16,97.3 1 0
github.com/baaaki/mydreamcampus/auth-service/internal/service/event_service.go:100.2,100.39 1 0
github.com/baaaki/mydreamcampus/auth-service/internal/service/event_service.go:100.39,102.3 1 0
github.com/baaaki/mydreamcampus/auth-service/internal/service/event_service.go:104.2,110.12 2 0
github.com/baaaki/mydreamcampus/auth-service/internal/service/event_service.go:114.99,117.16 2 0
github.com/baaaki/mydreamcampus/auth-service/internal/service/event_service.go:117.16,119.3 1 0
github.com/baaaki/mydreamcampus/auth-service/internal/service/event_service.go:120.2,120.15 1 0
github.com/baaaki/mydreamcampus/auth-service/internal/service/event_service.go:120.15,126.3 2 0
github.com/baaaki/mydreamcampus/auth-service/internal/service/event_service.go:129.2,130.16 2 0
github.com/baaaki/mydreamcampus/auth-service/internal/service/event_service.go:130.16,132.3 1 0
github.com/baaaki/mydreamcampus/auth-service/internal/service/event_service.go:133.2,137.16 3 0
github.com/baaaki/mydreamcampus/auth-service/internal/service/event_service.go:137.16,139.3 1 0
github.com/baaaki/mydreamcampus/auth-service/internal/service/event_service.go:142.2,143.16 2 0
github.com/baaaki/mydreamcampus/auth-service/internal/service/event_service.go:143.16,145.3 1 0
github.com/baaaki/mydreamcampus/auth-service/internal/service/event_service.go:148.2,150.33 3 0
github.com/baaaki/mydreamcampus/auth-service/internal/service/event_service.go:150.33,152.3 1 0
github.com/baaaki/mydreamcampus/auth-service/internal/service/event_service.go:153.2,163.16 2 0
github.com/baaaki/mydreamcampus/auth-service/internal/service/event_service.go:163.16,168.3 1 0
github.com/baaaki/mydreamcampus/auth-service/internal/service/event_service.go:171.2,175.16 2 0
github.com/baaaki/mydreamcampus/auth-service/internal/service/event_service.go:175.16,177.3 1 0
github.com/baaaki/mydreamcampus/auth-service/internal/service/event_service.go:180.2,180.39 1 0
github.com/baaaki/mydreamcampus/auth-service/internal/service/event_service.go:180.39,182.3 1 0
github.com/baaaki/mydreamcampus/auth-service/internal/service/event_service.go:184.2,191.12 2 0
github.com/baaaki/mydreamcampus/auth-service/internal/service/event_service.go:195.97,198.16 2 0
github.com/baaaki/mydreamcampus/auth-service/internal/service/event_service.go:198.16,200.3 1 0
github.com/baaaki/mydreamcampus/auth-service/internal/service/event_service.go:201.2,201.15 1 0
github.com/baaaki/mydreamcampus/auth-service/internal/service/event_service.go:201.15,207.3 2 0
github.com/baaaki/mydreamcampus/auth-service/internal/service/event_service.go:210.2,211.16 2 0
github.com/baaaki/mydreamcampus/auth-service/internal/service/event_service.go:211.16,213.3 1 0
github.com/baaaki/mydreamcampus/auth-service/internal/service/event_service.go:214.2,218.16 3 0
github.com/baaaki/mydreamcampus/auth-service/internal/service/event_service.go:218.16,220.3 1 0
github.com/baaaki/mydreamcampus/auth-service/internal/service/event_service.go:222.2,229.56 3 0
github.com/baaaki/mydreamcampus/auth-service/internal/service/event_service.go:229.56,231.3 1 0
github.com/baaaki/mydreamcampus/auth-service/internal/service/event_service.go:233.2,233.66 1 0
github.com/baaaki/mydreamcampus/auth-service/internal/service/event_service.go:233.66,235.3 1 0
github.com/baaaki/mydreamcampus/auth-service/internal/service/event_service.go:237.2,238.16 2 0
github.com/baaaki/mydreamcampus/auth-service/internal/service/event_service.go:238.16,240.3 1 0
github.com/baaaki/mydreamcampus/auth-service/internal/service/event_service.go:243.2,243.56 1 0
github.com/baaaki/mydreamcampus/auth-service/internal/service/event_service.go:243.56,248.17 2 0
github.com/baaaki/mydreamcampus/auth-service/internal/service/event_service.go:248.17,252.4 1 0
github.com/baaaki/mydreamcampus/auth-service/internal/service/event_service.go:256.2,260.16 2 0
github.com/baaaki/mydreamcampus/auth-service/internal/service/event_service.go:260.16,262.3 1 0
github.com/baaaki/mydreamcampus/auth-service/internal/service/event_service.go:265.2,265.39 1 0
github.com/baaaki/mydreamcampus/auth-service/internal/service/event_service.go:265.39,267.3 1 0
github.com/baaaki/mydreamcampus/auth-service/internal/service/event_service.go:269.2,274.12 2 0
github.com/baaaki/mydreamcampus/auth-service/internal/service/event_service.go:278.105,281.16 2 0
github.com/baaaki/mydreamcampus/auth-service/internal/service/event_service.go:281.16,283.3 1 0
github.com/baaaki/mydreamcampus/auth-service/internal/service/event_service.go:284.2,284.15 1 0
github.com/baaaki/mydreamcampus/auth-service/internal/service/event_service.go:284.15,290.3 2 0
github.com/baaaki/mydreamcampus/auth-service/internal/service/event_service.go:293.2,294.16 2 0
github.com/baaaki/mydreamcampus/auth-service/internal/service/event_service.go:294.16,296.3 1 0
github.com/baaaki/mydreamcampus/auth-service/internal/service/event_service.go:297.2,301.16 3 0
github.com/baaaki/mydreamcampus/auth-service/internal/service/event_service.go:301.16,303.3 1 0
github.com/baaaki/mydreamcampus/auth-service/internal/service/event_service.go:305.2,309.16 3 0
github.com/baaaki/mydreamcampus/auth-service/internal/service/event_service.go:309.16,311.3 1 0
github.com/baaaki/mydreamcampus/auth-service/internal/service/event_service.go:314.2,315.16 2 0
github.com/baaaki/mydreamcampus/auth-service/internal/service/event_service.go:315.16,320.3 1 0
github.com/baaaki/mydreamcampus/auth-service/internal/service/event_service.go:323.2,327.16 2 0
github.com/baaaki/mydreamcampus/auth-service/internal/service/event_service.go:327.16,329.3 1 0
github.com/baaaki/mydreamcampus/auth-service/internal/service/event_service.go:332.2,332.39 1 0
github.com/baaaki/mydreamcampus/auth-service/internal/service/event_service.go:332.39,334.3 1 0
github.com/baaaki/mydreamcampus/auth-service/internal/service/event_service.go:336.2,341.12 2 0
