mode: atomic
github.com/baaaki/mydreamcampus/course-catalog-service/internal/database/pgx_config.go:14.65,16.16 2 0
github.com/baaaki/mydreamcampus/course-catalog-service/internal/database/pgx_config.go:16.16,18.3 1 0
github.com/baaaki/mydreamcampus/course-catalog-service/internal/database/pgx_config.go:21.2,34.16 10 0
github.com/baaaki/mydreamcampus/course-catalog-service/internal/database/pgx_config.go:34.16,36.3 1 0
github.com/baaaki/mydreamcampus/course-catalog-service/internal/database/pgx_config.go:39.2,39.39 1 0
github.com/baaaki/mydreamcampus/course-catalog-service/internal/database/pgx_config.go:39.39,41.3 1 0
github.com/baaaki/mydreamcampus/course-catalog-service/internal/database/pgx_config.go:43.2,43.18 1 0
github.com/baaaki/mydreamcampus/course-catalog-service/internal/database/pgx_config.go:48.67,50.2 1 0
github.com/baaaki/mydreamcampus/course-catalog-service/internal/database/pgx_config.go:52.79,56.16 3 0
github.com/baaaki/mydreamcampus/course-catalog-service/internal/database/pgx_config.go:56.16,58.3 1 0
github.com/baaaki/mydreamcampus/course-catalog-service/internal/database/pgx_config.go:61.2,63.16 3 0
github.com/baaaki/mydreamcampus/course-catalog-service/internal/database/pgx_config.go:63.16,65.3 1 0
github.com/baaaki/mydreamcampus/course-catalog-service/internal/database/pgx_config.go:68.2,86.12 3 0
github.com/baaaki/mydreamcampus/course-catalog-service/internal/db/audit_log.sql.go:28.94,33.2 4 0
github.com/baaaki/mydreamcampus/course-catalog-service/internal/db/audit_log.sql.go:51.99,74.2 4 0
github.com/baaaki/mydreamcampus/course-catalog-service/internal/db/audit_log.sql.go:94.97,102.16 2 0
github.com/baaaki/mydreamcampus/course-catalog-service/internal/db/audit_log.sql.go:102.16,104.3 1 0
github.com/baaaki/mydreamcampus/course-catalog-service/internal/db/audit_log.sql.go:105.2,107.18 3 0
github.com/baaaki/mydreamcampus/course-catalog-service/internal/db/audit_log.sql.go:107.18,119.17 2 0
github.com/baaaki/mydreamcampus/course-catalog-service/internal/db/audit_log.sql.go:119.17,121.4 1 0
github.com/baaaki/mydreamcampus/course-catalog-service/internal/db/audit_log.sql.go:122.3,122.27 1 0
github.com/baaaki/mydreamcampus/course-catalog-service/internal/db/audit_log.sql.go:124.2,124.35 1 0
github.com/baaaki/mydreamcampus/course-catalog-service/internal/db/audit_log.sql.go:124.35,126.3 1 0
github.com/baaaki/mydreamcampus/course-catalog-service/internal/db/audit_log.sql.go:127.2,127.19 1 0
github.com/baaaki/mydreamcampus/course-catalog-service/internal/db/batch.go:38.150,40.24 2 0
github.com/baaaki/mydreamcampus/course-catalog-service/internal/db/batch.go:40.24,48.3 2 0
github.com/baaaki/mydreamcampus/course-catalog-service/internal/db/batch.go:49.2,50.70 2 0
github.com/baaaki/mydreamcampus/course-catalog-service/internal/db/batch.go:53.76,55.29 2 0
github.com/baaaki/mydreamcampus/course-catalog-service/internal/db/batch.go:55.29,56.15 1 0
github.com/baaaki/mydreamcampus/course-catalog-service/internal/db/batch.go:56.15,57.16 1 0
github.com/baaaki/mydreamcampus/course-catalog-service/internal/db/batch.go:57.16,59.5 1 0
github.com/baaaki/mydreamcampus/course-catalog-service/internal/db/batch.go:60.4,60.12 1 0
github.com/baaaki/mydreamcampus/course-catalog-service/internal/db/batch.go:62.3,63.15 2 0
github.com/baaaki/mydreamcampus/course-catalog-service/internal/db/batch.go:63.15,65.4 1 0
github.com/baaaki/mydreamcampus/course-catalog-service/internal/db/batch.go:69.65,72.2 2 0
github.com/baaaki/mydreamcampus/course-catalog-service/internal/db/catalog.sql.go:42.92,58.2 4 0
github.com/baaaki/mydreamcampus/course-catalog-service/internal/db/catalog.sql.go:106.100,168.2 4 0
github.com/baaaki/mydreamcampus/course-catalog-service/internal/db/catalog.sql.go:182.104,217.2 4 0
github.com/baaaki/mydreamcampus/course-catalog-service/internal/db/catalog.sql.go:231.93,266.2 4 0
github.com/baaaki/mydreamcampus/course-catalog-service/internal/db/catalog.sql.go:281.110,283.16 2 0
github.com/baaaki/mydreamcampus/course-catalog-service/internal/db/catalog.sql.go:283.16,285.3 1 0
github.com/baaaki/mydreamcampus/course-catalog-service/internal/db/catalog.sql.go:286.2,288.18 3 0
github.com/baaaki/mydreamcampus/course-catalog-service/internal/db/catalog.sql.go:288.18,295.17 2 0
github.com/baaaki/mydreamcampus/course-catalog-service/internal/db/catalog.sql.go:295.17,297.4 1 0
github.com/baaaki/mydreamcampus/course-catalog-service/internal/db/catalog.sql.go:298.3,298.27 1 0
github.com/baaaki/mydreamcampus/course-catalog-service/internal/db/catalog.sql.go:300.2,300.35 1 0
github.com/baaaki/mydreamcampus/course-catalog-service/internal/db/catalog.sql.go:300.35,302.3 1 0
github.com/baaaki/mydreamcampus/course-catalog-service/internal/db/catalog.sql.go:303.2,303.19 1 0
github.com/baaaki/mydreamcampus/course-catalog-service/internal/db/catalog.sql.go:363.101,378.16 2 0
github.com/baaaki/mydreamcampus/course-catalog-service/internal/db/catalog.sql.go:378.16,380.3 1 0
github.com/baaaki/mydreamcampus/course-catalog-service/internal/db/catalog.sql.go:381.2,383.18 3 0
github.com/baaaki/mydreamcampus/course-catalog-service/internal/db/catalog.sql.go:383.18,405.17 2 0
github.com/baaaki/mydreamcampus/course-catalog-service/internal/db/catalog.sql.go:405.17,407.4 1 0
github.com/baaaki/mydreamcampus/course-catalog-service/internal/db/catalog.sql.go:408.3,408.27 1 0
github.com/baaaki/mydreamcampus/course-catalog-service/internal/db/catalog.sql.go:410.2,410.35 1 0
github.com/baaaki/mydreamcampus/course-catalog-service/internal/db/catalog.sql.go:410.35,412.3 1 0
github.com/baaaki/mydreamcampus/course-catalog-service/internal/db/catalog.sql.go:413.2,413.19 1 0
github.com/baaaki/mydreamcampus/course-catalog-service/internal/db/catalog.sql.go:482.100,544.2 4 0
github.com/baaaki/mydreamcampus/course-catalog-service/internal/db/db.go:21.28,23.2 1 0
github.com/baaaki/mydreamcampus/course-catalog-service/internal/db/db.go:29.46,33.2 1 0
github.com/baaaki/mydreamcampus/course-catalog-service/internal/db/models.go:25.63,26.25 1 0
github.com/baaaki/mydreamcampus/course-catalog-service/internal/db/models.go:27.14,28.34 1 0
github.com/baaaki/mydreamcampus/course-catalog-service/internal/db/models.go:29.14,30.34 1 0
github.com/baaaki/mydreamcampus/course-catalog-service/internal/db/models.go:31.10,32.82 1 0
github.com/baaaki/mydreamcampus/course-catalog-service/internal/db/models.go:34.2,34.12 1 0
github.com/baaaki/mydreamcampus/course-catalog-service/internal/db/models.go:43.70,44.18 1 0
github.com/baaaki/mydreamcampus/course-catalog-service/internal/db/models.go:44.18,47.3 2 0
github.com/baaaki/mydreamcampus/course-catalog-service/internal/db/models.go:48.2,49.47 2 0
github.com/baaaki/mydreamcampus/course-catalog-service/internal/db/models.go:53.69,54.15 1 0
github.com/baaaki/mydreamcampus/course-catalog-service/internal/db/models.go:54.15,56.3 1 0
github.com/baaaki/mydreamcampus/course-catalog-service/internal/db/models.go:57.2,57.48 1 0
github.com/baaaki/mydreamcampus/course-catalog-service/internal/db/models.go:70.58,71.25 1 0
github.com/baaaki/mydreamcampus/course-catalog-service/internal/db/models.go:72.14,73.29 1 0
github.com/baaaki/mydreamcampus/course-catalog-service/internal/db/models.go:74.14,75.29 1 0
github.com/baaaki/mydreamcampus/course-catalog-service/internal/db/models.go:76.10,77.77 1 0
github.com/baaaki/mydreamcampus/course-catalog-service/internal/db/models.go:79.2,79.12 1 0
github.com/baaaki/mydreamcampus/course-catalog-service/internal/db/models.go:88.65,89.18 1 0
github.com/baaaki/mydreamcampus/course-catalog-service/internal/db/models.go:89.18,92.3 2 0
github.com/baaaki/mydreamcampus/course-catalog-service/internal/db/models.go:93.2,94.42 2 0
github.com/baaaki/mydreamcampus/course-catalog-service/internal/db/models.go:98.64,99.15 1 0
github.com/baaaki/mydreamcampus/course-catalog-service/internal/db/models.go:99.15,101.3 1 0
github.com/baaaki/mydreamcampus/course-catalog-service/internal/db/models.go:102.2,102.43 1 0
github.com/baaaki/mydreamcampus/course-catalog-service/internal/db/models.go:112.54,113.25 1 0
github.com/baaaki/mydreamcampus/course-catalog-service/internal/db/models.go:114.14,115.25 1 0
github.com/baaaki/mydreamcampus/course-catalog-service/internal/db/models.go:116.14,117.25 1 0
github.com/baaaki/mydreamcampus/course-catalog-service/internal/db/models.go:118.10,119.73 1 0
github.com/baaaki/mydreamcampus/course-catalog-service/internal/db/models.go:121.2,121.12 1 0
github.com/baaaki/mydreamcampus/course-catalog-service/internal/db/models.go:130.61,131.18 1 0
github.com/baaaki/mydreamcampus/course-catalog-service/internal/db/models.go:131.18,134.3 2 0
github.com/baaaki/mydreamcampus/course-catalog-service/internal/db/models.go:135.2,136.38 2 0
github.com/baaaki/mydreamcampus/course-catalog-service/internal/db/models.go:140.60,141.15 1 0
github.com/baaaki/mydreamcampus/course-catalog-service/internal/db/models.go:141.15,143.3 1 0
github.com/baaaki/mydreamcampus/course-catalog-service/internal/db/models.go:144.2,144.39 1 0
github.com/baaaki/mydreamcampus/course-catalog-service/internal/db/models.go:159.53,160.25 1 0
github.com/baaaki/mydreamcampus/course-catalog-service/internal/db/models.go:161.14,162.24 1 0
github.com/baaaki/mydreamcampus/course-catalog-service/internal/db/models.go:163.14,164.24 1 0
github.com/baaaki/mydreamcampus/course-catalog-service/internal/db/models.go:165.10,166.72 1 0
github.com/baaaki/mydreamcampus/course-catalog-service/internal/db/models.go:168.2,168.12 1 0
github.com/baaaki/mydreamcampus/course-catalog-service/internal/db/models.go:177.60,178.18 1 0
github.com/baaaki/mydreamcampus/course-catalog-service/internal/db/models.go:178.18,181.3 2 0
github.com/baaaki/mydreamcampus/course-catalog-service/internal/db/models.go:182.2,183.37 2 0
github.com/baaaki/mydreamcampus/course-catalog-service/internal/db/models.go:187.59,188.15 1 0
github.com/baaaki/mydreamcampus/course-catalog-service/internal/db/models.go:188.15,190.3 1 0
github.com/baaaki/mydreamcampus/course-catalog-service/internal/db/models.go:191.2,191.38 1 0
github.com/baaaki/mydreamcampus/course-catalog-service/internal/db/models.go:202.58,203.25 1 0
github.com/baaaki/mydreamcampus/course-catalog-service/internal/db/models.go:204.14,205.29 1 0
github.com/baaaki/mydreamcampus/course-catalog-service/internal/db/models.go:206.14,207.29 1 0
github.com/baaaki/mydreamcampus/course-catalog-service/internal/db/models.go:208.10,209.77 1 0
github.com/baaaki/mydreamcampus/course-catalog-service/internal/db/models.go:211.2,211.12 1 0
github.com/baaaki/mydreamcampus/course-catalog-service/internal/db/models.go:220.65,221.18 1 0
github.com/baaaki/mydreamcampus/course-catalog-service/internal/db/models.go:221.18,224.3 2 0
github.com/baaaki/mydreamcampus/course-catalog-service/internal/db/models.go:225.2,226.42 2 0
github.com/baaaki/mydreamcampus/course-catalog-service/internal/db/models.go:230.64,231.15 1 0
github.com/baaaki/mydreamcampus/course-catalog-service/internal/db/models.go:231.15,233.3 1 0
github.com/baaaki/mydreamcampus/course-catalog-service/internal/db/models.go:234.2,234.43 1 0
github.com/baaaki/mydreamcampus/course-catalog-service/internal/db/models.go:245.56,246.25 1 0
github.com/baaaki/mydreamcampus/course-catalog-service/internal/db/models.go:247.14,248.27 1 0
github.com/baaaki/mydreamcampus/course-catalog-service/internal/db/models.go:249.14,250.27 1 0
github.com/baaaki/mydreamcampus/course-catalog-service/internal/db/models.go:251.10,252.75 1 0
github.com/baaaki/mydreamcampus/course-catalog-service/internal/db/models.go:254.2,254.12 1 0
github.com/baaaki/mydreamcampus/course-catalog-service/internal/db/models.go:263.63,264.18 1 0
github.com/baaaki/mydreamcampus/course-catalog-service/internal/db/models.go:264.18,267.3 2 0
github.com/baaaki/mydreamcampus/course-catalog-service/internal/db/models.go:268.2,269.40 2 0
github.com/baaaki/mydreamcampus/course-catalog-service/internal/db/models.go:273.62,274.15 1 0
github.com/baaaki/mydreamcampus/course-catalog-service/internal/db/models.go:274.15,276.3 1 0
github.com/baaaki/mydreamcampus/course-catalog-service/internal/db/models.go:277.2,277.41 1 0
github.com/baaaki/mydreamcampus/course-catalog-service/internal/db/models.go:287.63,288.25 1 0
github.com/baaaki/mydreamcampus/course-catalog-service/internal/db/models.go:289.14,290.34 1 0
github.com/baaaki/mydreamcampus/course-catalog-service/internal/db/models.go:291.14,292.34 1 0
github.com/baaaki/mydreamcampus/course-catalog-service/internal/db/models.go:293.10,294.82 1 0
github.com/baaaki/mydreamcampus/course-catalog-service/internal/db/models.go:296.2,296.12 1 0
github.com/baaaki/mydreamcampus/course-catalog-service/internal/db/models.go:305.70,306.18 1 0
github.com/baaaki/mydreamcampus/course-catalog-service/internal/db/models.go:306.18,309.3 2 0
github.com/baaaki/mydreamcampus/course-catalog-service/internal/db/models.go:310.2,311.47 2 0
github.com/baaaki/mydreamcampus/course-catalog-service/internal/db/models.go:315.69,316.15 1 0
github.com/baaaki/mydreamcampus/course-catalog-service/internal/db/models.go:316.15,318.3 1 0
github.com/baaaki/mydreamcampus/course-catalog-service/internal/db/models.go:319.2,319.48 1 0
github.com/baaaki/mydreamcampus/course-catalog-service/internal/db/models.go:330.54,331.25 1 0
github.com/baaaki/mydreamcampus/course-catalog-service/internal/db/models.go:332.14,333.25 1 0
github.com/baaaki/mydreamcampus/course-catalog-service/internal/db/models.go:334.14,335.25 1 0
github.com/baaaki/mydreamcampus/course-catalog-service/internal/db/models.go:336.10,337.73 1 0
github.com/baaaki/mydreamcampus/course-catalog-service/internal/db/models.go:339.2,339.12 1 0
github.com/baaaki/mydreamcampus/course-catalog-service/internal/db/models.go:348.61,349.18 1 0
github.com/baaaki/mydreamcampus/course-catalog-service/internal/db/models.go:349.18,352.3 2 0
github.com/baaaki/mydreamcampus/course-catalog-service/internal/db/models.go:353.2,354.38 2 0
github.com/baaaki/mydreamcampus/course-catalog-service/internal/db/models.go:358.60,359.15 1 0
github.com/baaaki/mydreamcampus/course-catalog-service/internal/db/models.go:359.15,361.3 1 0
github.com/baaaki/mydreamcampus/course-catalog-service/internal/db/models.go:362.2,362.39 1 0
github.com/baaaki/mydreamcampus/course-catalog-service/internal/db/models.go:373.56,374.25 1 0
github.com/baaaki/mydreamcampus/course-catalog-service/internal/db/models.go:375.14,376.27 1 0
github.com/baaaki/mydreamcampus/course-catalog-service/internal/db/models.go:377.14,378.27 1 0
github.com/baaaki/mydreamcampus/course-catalog-service/internal/db/models.go:379.10,380.75 1 0
github.com/baaaki/mydreamcampus/course-catalog-service/internal/db/models.go:382.2,382.12 1 0
github.com/baaaki/mydreamcampus/course-catalog-service/internal/db/models.go:391.63,392.18 1 0
github.com/baaaki/mydreamcampus/course-catalog-service/internal/db/models.go:392.18,395.3 2 0
github.com/baaaki/mydreamcampus/course-catalog-service/internal/db/models.go:396.2,397.40 2 0
github.com/baaaki/mydreamcampus/course-catalog-service/internal/db/models.go:401.62,402.15 1 0
github.com/baaaki/mydreamcampus/course-catalog-service/internal/db/models.go:402.15,404.3 1 0
github.com/baaaki/mydreamcampus/course-catalog-service/internal/db/models.go:405.2,405.41 1 0
github.com/baaaki/mydreamcampus/course-catalog-service/internal/db/outbox.sql.go:26.108,42.2 4 0
github.com/baaaki/mydreamcampus/course-catalog-service/internal/db/outbox.sql.go:52.100,54.16 2 0
github.com/baaaki/mydreamcampus/course-catalog-service/internal/db/outbox.sql.go:54.16,56.3 1 0
github.com/baaaki/mydreamcampus/course-catalog-service/internal/db/outbox.sql.go:57.2,59.18 3 0
github.com/baaaki/mydreamcampus/course-catalog-service/internal/db/outbox.sql.go:59.18,72.17 2 0
github.com/baaaki/mydreamcampus/course-catalog-service/internal/db/outbox.sql.go:72.17,74.4 1 0
github.com/baaaki/mydreamcampus/course-catalog-service/internal/db/outbox.sql.go:75.3,75.27 1 0
github.com/baaaki/mydreamcampus/course-catalog-service/internal/db/outbox.sql.go:77.2,77.35 1 0
github.com/baaaki/mydreamcampus/course-catalog-service/internal/db/outbox.sql.go:77.35,79.3 1 0
github.com/baaaki/mydreamcampus/course-catalog-service/internal/db/outbox.sql.go:80.2,80.19 1 0
github.com/baaaki/mydreamcampus/course-catalog-service/internal/db/outbox.sql.go:91.93,93.16 2 0
github.com/baaaki/mydreamcampus/course-catalog-service/internal/db/outbox.sql.go:93.16,95.3 1 0
github.com/baaaki/mydreamcampus/course-catalog-service/internal/db/outbox.sql.go:96.2,98.18 3 0
github.com/baaaki/mydreamcampus/course-catalog-service/internal/db/outbox.sql.go:98.18,111.17 2 0
github.com/baaaki/mydreamcampus/course-catalog-service/internal/db/outbox.sql.go:111.17,113.4 1 0
github.com/baaaki/mydreamcampus/course-catalog-service/internal/db/outbox.sql.go:114.3,114.27 1 0
github.com/baaaki/mydreamcampus/course-catalog-service/internal/db/outbox.sql.go:116.2,116.35 1 0
github.com/baaaki/mydreamcampus/course-catalog-service/internal/db/outbox.sql.go:116.35,118.3 1 0
github.com/baaaki/mydreamcampus/course-catalog-service/internal/db/outbox.sql.go:119.2,119.19 1 0
github.com/baaaki/mydreamcampus/course-catalog-service/internal/db/outbox.sql.go:133.89,136.2 2 0
github.com/baaaki/mydreamcampus/course-catalog-service/internal/db/outbox.sql.go:144.81,147.2 2 0
github.com/baaaki/mydreamcampus/course-catalog-service/internal/db/periods.sql.go:27.101,45.2 4 0
github.com/baaaki/mydreamcampus/course-catalog-service/internal/db/periods.sql.go:51.75,54.2 2 0
github.com/baaaki/mydreamcampus/course-catalog-service/internal/db/periods.sql.go:60.87,63.2 2 0
github.com/baaaki/mydreamcampus/course-catalog-service/internal/db/periods.sql.go:72.107,85.2 4 0
github.com/baaaki/mydreamcampus/course-catalog-service/internal/db/periods.sql.go:93.94,106.2 4 0
github.com/baaaki/mydreamcampus/course-catalog-service/internal/db/periods.sql.go:112.101,125.2 4 0
github.com/baaaki/mydreamcampus/course-catalog-service/internal/db/periods.sql.go:133.81,135.16 2 0
github.com/baaaki/mydreamcampus/course-catalog-service/internal/db/periods.sql.go:135.16,137.3 1 0
github.com/baaaki/mydreamcampus/course-catalog-service/internal/db/periods.sql.go:138.2,140.18 3 0
github.com/baaaki/mydreamcampus/course-catalog-service/internal/db/periods.sql.go:140.18,150.17 2 0
github.com/baaaki/mydreamcampus/course-catalog-service/internal/db/periods.sql.go:150.17,152.4 1 0
github.com/baaaki/mydreamcampus/course-catalog-service/internal/db/periods.sql.go:153.3,153.27 1 0
github.com/baaaki/mydreamcampus/course-catalog-service/internal/db/periods.sql.go:155.2,155.35 1 0
github.com/baaaki/mydreamcampus/course-catalog-service/internal/db/periods.sql.go:155.35,157.3 1 0
github.com/baaaki/mydreamcampus/course-catalog-service/internal/db/periods.sql.go:158.2,158.19 1 0
github.com/baaaki/mydreamcampus/course-catalog-service/internal/db/periods.sql.go:168.105,170.16 2 0
github.com/baaaki/mydreamcampus/course-catalog-service/internal/db/periods.sql.go:170.16,172.3 1 0
github.com/baaaki/mydreamcampus/course-catalog-service/internal/db/periods.sql.go:173.2,175.18 3 0
github.com/baaaki/mydreamcampus/course-catalog-service/internal/db/periods.sql.go:175.18,185.17 2 0
github.com/baaaki/mydreamcampus/course-catalog-service/internal/db/periods.sql.go:185.17,187.4 1 0
github.com/baaaki/mydreamcampus/course-catalog-service/internal/db/periods.sql.go:188.3,188.27 1 0
github.com/baaaki/mydreamcampus/course-catalog-service/internal/db/periods.sql.go:190.2,190.35 1 0
github.com/baaaki/mydreamcampus/course-catalog-service/internal/db/periods.sql.go:190.35,192.3 1 0
github.com/baaaki/mydreamcampus/course-catalog-service/internal/db/periods.sql.go:193.2,193.19 1 0
github.com/baaaki/mydreamcampus/course-catalog-service/internal/db/periods.sql.go:211.101,224.2 4 0
github.com/baaaki/mydreamcampus/course-catalog-service/internal/db/periods.sql.go:239.127,252.2 4 0
github.com/baaaki/mydreamcampus/course-catalog-service/internal/db/schedule.sql.go:44.161,52.16 2 0
github.com/baaaki/mydreamcampus/course-catalog-service/internal/db/schedule.sql.go:52.16,54.3 1 0
github.com/baaaki/mydreamcampus/course-catalog-service/internal/db/schedule.sql.go:55.2,57.18 3 0
github.com/baaaki/mydreamcampus/course-catalog-service/internal/db/schedule.sql.go:57.18,65.17 2 0
github.com/baaaki/mydreamcampus/course-catalog-service/internal/db/schedule.sql.go:65.17,67.4 1 0
github.com/baaaki/mydreamcampus/course-catalog-service/internal/db/schedule.sql.go:68.3,68.27 1 0
github.com/baaaki/mydreamcampus/course-catalog-service/internal/db/schedule.sql.go:70.2,70.35 1 0
github.com/baaaki/mydreamcampus/course-catalog-service/internal/db/schedule.sql.go:70.35,72.3 1 0
github.com/baaaki/mydreamcampus/course-catalog-service/internal/db/schedule.sql.go:73.2,73.19 1 0
github.com/baaaki/mydreamcampus/course-catalog-service/internal/db/schedule.sql.go:98.129,115.2 4 0
github.com/baaaki/mydreamcampus/course-catalog-service/internal/db/schedule.sql.go:122.109,125.2 2 0
github.com/baaaki/mydreamcampus/course-catalog-service/internal/db/schedule.sql.go:143.144,145.16 2 0
github.com/baaaki/mydreamcampus/course-catalog-service/internal/db/schedule.sql.go:145.16,147.3 1 0
github.com/baaaki/mydreamcampus/course-catalog-service/internal/db/schedule.sql.go:148.2,150.18 3 0
github.com/baaaki/mydreamcampus/course-catalog-service/internal/db/schedule.sql.go:150.18,159.17 2 0
github.com/baaaki/mydreamcampus/course-catalog-service/internal/db/schedule.sql.go:159.17,161.4 1 0
github.com/baaaki/mydreamcampus/course-catalog-service/internal/db/schedule.sql.go:162.3,162.27 1 0
github.com/baaaki/mydreamcampus/course-catalog-service/internal/db/schedule.sql.go:164.2,164.35 1 0
github.com/baaaki/mydreamcampus/course-catalog-service/internal/db/schedule.sql.go:164.35,166.3 1 0
github.com/baaaki/mydreamcampus/course-catalog-service/internal/db/schedule.sql.go:167.2,167.19 1 0
github.com/baaaki/mydreamcampus/course-catalog-service/internal/db/schedule.sql.go:186.157,188.16 2 0
github.com/baaaki/mydreamcampus/course-catalog-service/internal/db/schedule.sql.go:188.16,190.3 1 0
github.com/baaaki/mydreamcampus/course-catalog-service/internal/db/schedule.sql.go:191.2,193.18 3 0
github.com/baaaki/mydreamcampus/course-catalog-service/internal/db/schedule.sql.go:193.18,202.17 2 0
github.com/baaaki/mydreamcampus/course-catalog-service/internal/db/schedule.sql.go:202.17,204.4 1 0
github.com/baaaki/mydreamcampus/course-catalog-service/internal/db/schedule.sql.go:205.3,205.27 1 0
github.com/baaaki/mydreamcampus/course-catalog-service/internal/db/schedule.sql.go:207.2,207.35 1 0
github.com/baaaki/mydreamcampus/course-catalog-service/internal/db/schedule.sql.go:207.35,209.3 1 0
github.com/baaaki/mydreamcampus/course-catalog-service/internal/db/schedule.sql.go:210.2,210.19 1 0
github.com/baaaki/mydreamcampus/course-catalog-service/internal/db/semester.sql.go:35.108,47.2 4 0
github.com/baaaki/mydreamcampus/course-catalog-service/internal/db/semester.sql.go:91.126,123.2 4 0
github.com/baaaki/mydreamcampus/course-catalog-service/internal/db/semester.sql.go:130.83,133.2 2 0
github.com/baaaki/mydreamcampus/course-catalog-service/internal/db/semester.sql.go:166.129,186.2 4 0
github.com/baaaki/mydreamcampus/course-catalog-service/internal/db/semester.sql.go:219.168,239.2 4 0
github.com/baaaki/mydreamcampus/course-catalog-service/internal/db/semester.sql.go:288.119,290.16 2 0
github.com/baaaki/mydreamcampus/course-catalog-service/internal/db/semester.sql.go:290.16,292.3 1 0
github.com/baaaki/mydreamcampus/course-catalog-service/internal/db/semester.sql.go:293.2,295.18 3 0
github.com/baaaki/mydreamcampus/course-catalog-service/internal/db/semester.sql.go:295.18,313.17 2 0
github.com/baaaki/mydreamcampus/course-catalog-service/internal/db/semester.sql.go:313.17,315.4 1 0
github.com/baaaki/mydreamcampus/course-catalog-service/internal/db/semester.sql.go:316.3,316.27 1 0
github.com/baaaki/mydreamcampus/course-catalog-service/internal/db/semester.sql.go:318.2,318.35 1 0
github.com/baaaki/mydreamcampus/course-catalog-service/internal/db/semester.sql.go:318.35,320.3 1 0
github.com/baaaki/mydreamcampus/course-catalog-service/internal/db/semester.sql.go:321.2,321.19 1 0
github.com/baaaki/mydreamcampus/course-catalog-service/internal/db/semester.sql.go:366.125,377.16 2 0
github.com/baaaki/mydreamcampus/course-catalog-service/internal/db/semester.sql.go:377.16,379.3 1 0
github.com/baaaki/mydreamcampus/course-catalog-service/internal/db/semester.sql.go:380.2,382.18 3 0
github.com/baaaki/mydreamcampus/course-catalog-service/internal/db/semester.sql.go:382.18,397.17 2 0
github.com/baaaki/mydreamcampus/course-catalog-service/internal/db/semester.sql.go:397.17,399.4 1 0
github.com/baaaki/mydreamcampus/course-catalog-service/internal/db/semester.sql.go:400.3,400.27 1 0
github.com/baaaki/mydreamcampus/course-catalog-service/internal/db/semester.sql.go:402.2,402.35 1 0
github.com/baaaki/mydreamcampus/course-catalog-service/internal/db/semester.sql.go:402.35,404.3 1 0
github.com/baaaki/mydreamcampus/course-catalog-service/internal/db/semester.sql.go:405.2,405.19 1 0
github.com/baaaki/mydreamcampus/course-catalog-service/internal/db/semester.sql.go:447.137,449.16 2 0
github.com/baaaki/mydreamcampus/course-catalog-service/internal/db/semester.sql.go:449.16,451.3 1 0
github.com/baaaki/mydreamcampus/course-catalog-service/internal/db/semester.sql.go:452.2,454.18 3 0
github.com/baaaki/mydreamcampus/course-catalog-service/internal/db/semester.sql.go:454.18,475.17 2 0
github.com/baaaki/mydreamcampus/course-catalog-service/internal/db/semester.sql.go:475.17,477.4 1 0
github.com/baaaki/mydreamcampus/course-catalog-service/internal/db/semester.sql.go:478.3,478.27 1 0
github.com/baaaki/mydreamcampus/course-catalog-service/internal/db/semester.sql.go:480.2,480.35 1 0
github.com/baaaki/mydreamcampus/course-catalog-service/internal/db/semester.sql.go:480.35,482.3 1 0
github.com/baaaki/mydreamcampus/course-catalog-service/internal/db/semester.sql.go:483.2,483.19 1 0
github.com/baaaki/mydreamcampus/course-catalog-service/internal/db/semesters.sql.go:19.91,33.2 4 0
github.com/baaaki/mydreamcampus/course-catalog-service/internal/db/semesters.sql.go:40.80,43.2 2 0
github.com/baaaki/mydreamcampus/course-catalog-service/internal/db/semesters.sql.go:50.91,64.2 4 0
github.com/baaaki/mydreamcampus/course-catalog-service/internal/db/semesters.sql.go:77.99,91.2 4 0
github.com/baaaki/mydreamcampus/course-catalog-service/internal/db/semesters.sql.go:97.84,100.2 2 0
github.com/baaaki/mydreamcampus/course-catalog-service/internal/db/semesters.sql.go:106.95,109.2 2 0
github.com/baaaki/mydreamcampus/course-catalog-service/internal/db/semesters.sql.go:115.76,129.2 4 0
github.com/baaaki/mydreamcampus/course-catalog-service/internal/db/semesters.sql.go:135.90,149.2 4 0
github.com/baaaki/mydreamcampus/course-catalog-service/internal/db/semesters.sql.go:155.89,169.2 4 0
github.com/baaaki/mydreamcampus/course-catalog-service/internal/db/semesters.sql.go:178.72,183.2 4 0
github.com/baaaki/mydreamcampus/course-catalog-service/internal/db/semesters.sql.go:189.74,191.16 2 0
github.com/baaaki/mydreamcampus/course-catalog-service/internal/db/semesters.sql.go:191.16,193.3 1 0
github.com/baaaki/mydreamcampus/course-catalog-service/internal/db/semesters.sql.go:194.2,196.18 3 0
github.com/baaaki/mydreamcampus/course-catalog-service/internal/db/semesters.sql.go:196.18,207.17 2 0
github.com/baaaki/mydreamcampus/course-catalog-service/internal/db/semesters.sql.go:207.17,209.4 1 0
github.com/baaaki/mydreamcampus/course-catalog-service/internal/db/semesters.sql.go:210.3,210.27 1 0
github.com/baaaki/mydreamcampus/course-catalog-service/internal/db/semesters.sql.go:212.2,212.35 1 0
github.com/baaaki/mydreamcampus/course-catalog-service/internal/db/semesters.sql.go:212.35,214.3 1 0
github.com/baaaki/mydreamcampus/course-catalog-service/internal/db/semesters.sql.go:215.2,215.19 1 0
github.com/baaaki/mydreamcampus/course-catalog-service/internal/db/semesters.sql.go:230.113,244.2 4 0
github.com/baaaki/mydreamcampus/course-catalog-service/config/config.go:37.30,49.68 7 0
github.com/baaaki/mydreamcampus/course-catalog-service/config/config.go:49.68,51.3 1 0
github.com/baaaki/mydreamcampus/course-catalog-service/config/config.go:54.2,78.39 4 0
github.com/baaaki/mydreamcampus/course-catalog-service/config/config.go:78.39,80.3 1 0
github.com/baaaki/mydreamcampus/course-catalog-service/config/config.go:82.2,82.17 1 0
github.com/baaaki/mydreamcampus/course-catalog-service/config/config.go:86.35,88.93 1 0
github.com/baaaki/mydreamcampus/course-catalog-service/config/config.go:88.93,90.3 1 0
github.com/baaaki/mydreamcampus/course-catalog-service/config/config.go:93.2,93.34 1 0
github.com/baaaki/mydreamcampus/course-catalog-service/config/config.go:93.34,95.3 1 0
github.com/baaaki/mydreamcampus/course-catalog-service/config/config.go:97.2,97.12 1 0
github.com/baaaki/mydreamcampus/course-catalog-service/cmd/main.go:28.13,31.16 2 0
github.com/baaaki/mydreamcampus/course-catalog-service/cmd/main.go:31.16,32.55 1 0
github.com/baaaki/mydreamcampus/course-catalog-service/cmd/main.go:36.2,36.60 1 0
github.com/baaaki/mydreamcampus/course-catalog-service/cmd/main.go:36.60,37.61 1 0
github.com/baaaki/mydreamcampus/course-catalog-service/cmd/main.go:39.2,48.16 4 0
github.com/baaaki/mydreamcampus/course-catalog-service/cmd/main.go:48.16,52.3 1 0
github.com/baaaki/mydreamcampus/course-catalog-service/cmd/main.go:53.2,59.16 4 0
github.com/baaaki/mydreamcampus/course-catalog-service/cmd/main.go:59.16,61.3 1 0
github.com/baaaki/mydreamcampus/course-catalog-service/cmd/main.go:61.8,63.28 2 0
github.com/baaaki/mydreamcampus/course-catalog-service/cmd/main.go:63.28,74.4 3 0
github.com/baaaki/mydreamcampus/course-catalog-service/cmd/main.go:78.2,79.16 2 0
github.com/baaaki/mydreamcampus/course-catalog-service/cmd/main.go:79.16,83.3 1 0
github.com/baaaki/mydreamcampus/course-catalog-service/cmd/main.go:84.2,89.50 3 0
github.com/baaaki/mydreamcampus/course-catalog-service/cmd/main.go:89.50,93.3 1 0
github.com/baaaki/mydreamcampus/course-catalog-service/cmd/main.go:96.2,170.24 25 0
github.com/baaaki/mydreamcampus/course-catalog-service/cmd/main.go:170.24,172.3 1 0
github.com/baaaki/mydreamcampus/course-catalog-service/cmd/main.go:173.2,183.12 4 0
github.com/baaaki/mydreamcampus/course-catalog-service/cmd/main.go:183.12,187.77 2 0
github.com/baaaki/mydreamcampus/course-catalog-service/cmd/main.go:187.77,191.4 1 0
github.com/baaaki/mydreamcampus/course-catalog-service/cmd/main.go:195.2,208.50 8 0
github.com/baaaki/mydreamcampus/course-catalog-service/cmd/main.go:208.50,212.3 1 0
github.com/baaaki/mydreamcampus/course-catalog-service/cmd/main.go:214.2,214.30 1 0
github.com/baaaki/mydreamcampus/course-catalog-service/cmd/main.go:217.304,218.25 1 0
github.com/baaaki/mydreamcampus/course-catalog-service/cmd/main.go:218.25,220.3 1 0
github.com/baaaki/mydreamcampus/course-catalog-service/cmd/main.go:222.2,236.2 9 0
github.com/baaaki/mydreamcampus/course-catalog-service/cmd/main.go:236.2,240.3 2 0
github.com/baaaki/mydreamcampus/course-catalog-service/cmd/main.go:240.3,244.4 2 0
github.com/baaaki/mydreamcampus/course-catalog-service/cmd/main.go:248.3,252.3 5 0
github.com/baaaki/mydreamcampus/course-catalog-service/cmd/main.go:252.3,255.4 2 0
github.com/baaaki/mydreamcampus/course-catalog-service/cmd/main.go:255.4,258.5 2 0
github.com/baaaki/mydreamcampus/course-catalog-service/cmd/main.go:261.4,263.4 3 0
github.com/baaaki/mydreamcampus/course-catalog-service/cmd/main.go:263.4,268.5 4 0
github.com/baaaki/mydreamcampus/course-catalog-service/cmd/main.go:271.4,272.4 2 0
github.com/baaaki/mydreamcampus/course-catalog-service/cmd/main.go:272.4,278.5 3 0
github.com/baaaki/mydreamcampus/course-catalog-service/cmd/main.go:278.5,286.6 4 0
github.com/baaaki/mydreamcampus/course-catalog-service/cmd/main.go:291.3,292.3 2 0
github.com/baaaki/mydreamcampus/course-catalog-service/cmd/main.go:292.3,295.4 2 0
github.com/baaaki/mydreamcampus/course-catalog-service/cmd/main.go:298.2,298.15 1 0
github.com/baaaki/mydreamcampus/course-catalog-service/cmd/main.go:301.53,313.16 2 0
github.com/baaaki/mydreamcampus/course-catalog-service/cmd/main.go:313.16,315.3 1 0
github.com/baaaki/mydreamcampus/course-catalog-service/cmd/main.go:317.2,341.39 4 0
github.com/baaaki/mydreamcampus/course-catalog-service/cmd/main.go:341.39,342.90 1 0
github.com/baaaki/mydreamcampus/course-catalog-service/cmd/main.go:342.90,344.4 1 0
github.com/baaaki/mydreamcampus/course-catalog-service/cmd/main.go:347.2,349.12 2 0
github.com/baaaki/mydreamcampus/course-catalog-service/internal/worker/outbox_worker.go:28.17,35.2 1 0
github.com/baaaki/mydreamcampus/course-catalog-service/internal/worker/outbox_worker.go:38.51,50.6 5 0
github.com/baaaki/mydreamcampus/course-catalog-service/internal/worker/outbox_worker.go:50.6,51.10 1 0
github.com/baaaki/mydreamcampus/course-catalog-service/internal/worker/outbox_worker.go:52.21,54.10 2 0
github.com/baaaki/mydreamcampus/course-catalog-service/internal/worker/outbox_worker.go:55.19,56.24 1 0
github.com/baaaki/mydreamcampus/course-catalog-service/internal/worker/outbox_worker.go:62.59,64.16 2 0
github.com/baaaki/mydreamcampus/course-catalog-service/internal/worker/outbox_worker.go:64.16,69.3 2 0
github.com/baaaki/mydreamcampus/course-catalog-service/internal/worker/outbox_worker.go:71.2,71.22 1 0
github.com/baaaki/mydreamcampus/course-catalog-service/internal/worker/outbox_worker.go:71.22,74.3 1 0
github.com/baaaki/mydreamcampus/course-catalog-service/internal/worker/outbox_worker.go:76.2,83.31 4 0
github.com/baaaki/mydreamcampus/course-catalog-service/internal/worker/outbox_worker.go:83.31,90.65 4 0
github.com/baaaki/mydreamcampus/course-catalog-service/internal/worker/outbox_worker.go:90.65,96.12 3 0
github.com/baaaki/mydreamcampus/course-catalog-service/internal/worker/outbox_worker.go:100.3,101.17 2 0
github.com/baaaki/mydreamcampus/course-catalog-service/internal/worker/outbox_worker.go:101.17,109.12 3 0
github.com/baaaki/mydreamcampus/course-catalog-service/internal/worker/outbox_worker.go:113.3,114.17 2 0
github.com/baaaki/mydreamcampus/course-catalog-service/internal/worker/outbox_worker.go:114.17,120.12 3 0
github.com/baaaki/mydreamcampus/course-catalog-service/internal/worker/outbox_worker.go:123.3,127.17 2 0
github.com/baaaki/mydreamcampus/course-catalog-service/internal/worker/outbox_worker.go:130.2,134.3 1 0
github.com/baaaki/mydreamcampus/course-catalog-service/internal/repository/audit_repository.go:15.62,20.2 1 0
github.com/baaaki/mydreamcampus/course-catalog-service/internal/repository/audit_repository.go:22.116,24.2 1 0
github.com/baaaki/mydreamcampus/course-catalog-service/internal/repository/audit_repository.go:26.114,28.2 1 0
github.com/baaaki/mydreamcampus/course-catalog-service/internal/repository/audit_repository.go:30.108,32.2 1 0
github.com/baaaki/mydreamcampus/course-catalog-service/internal/repository/catalog_repository.go:25.66,30.2 1 0
github.com/baaaki/mydreamcampus/course-catalog-service/internal/repository/catalog_repository.go:33.66,38.2 1 0
github.com/baaaki/mydreamcampus/course-catalog-service/internal/repository/catalog_repository.go:41.117,43.16 2 0
github.com/baaaki/mydreamcampus/course-catalog-service/internal/repository/catalog_repository.go:43.16,44.27 1 0
github.com/baaaki/mydreamcampus/course-catalog-service/internal/repository/catalog_repository.go:44.27,46.4 1 0
github.com/baaaki/mydreamcampus/course-catalog-service/internal/repository/catalog_repository.go:47.3,47.114 1 0
github.com/baaaki/mydreamcampus/course-catalog-service/internal/repository/catalog_repository.go:49.2,49.20 1 0
github.com/baaaki/mydreamcampus/course-catalog-service/internal/repository/catalog_repository.go:53.104,55.16 2 0
github.com/baaaki/mydreamcampus/course-catalog-service/internal/repository/catalog_repository.go:55.16,56.27 1 0
github.com/baaaki/mydreamcampus/course-catalog-service/internal/repository/catalog_repository.go:56.27,58.4 1 0
github.com/baaaki/mydreamcampus/course-catalog-service/internal/repository/catalog_repository.go:59.3,59.106 1 0
github.com/baaaki/mydreamcampus/course-catalog-service/internal/repository/catalog_repository.go:61.2,61.20 1 0
github.com/baaaki/mydreamcampus/course-catalog-service/internal/repository/catalog_repository.go:65.120,67.16 2 0
github.com/baaaki/mydreamcampus/course-catalog-service/internal/repository/catalog_repository.go:67.16,69.3 1 0
github.com/baaaki/mydreamcampus/course-catalog-service/internal/repository/catalog_repository.go:70.2,70.21 1 0
github.com/baaaki/mydreamcampus/course-catalog-service/internal/repository/catalog_repository.go:74.108,76.16 2 0
github.com/baaaki/mydreamcampus/course-catalog-service/internal/repository/catalog_repository.go:76.16,78.3 1 0
github.com/baaaki/mydreamcampus/course-catalog-service/internal/repository/catalog_repository.go:79.2,79.19 1 0
github.com/baaaki/mydreamcampus/course-catalog-service/internal/repository/catalog_repository.go:83.116,86.25 2 0
github.com/baaaki/mydreamcampus/course-catalog-service/internal/repository/catalog_repository.go:86.25,88.3 1 0
github.com/baaaki/mydreamcampus/course-catalog-service/internal/repository/catalog_repository.go:90.2,91.16 2 0
github.com/baaaki/mydreamcampus/course-catalog-service/internal/repository/catalog_repository.go:91.16,93.3 1 0
github.com/baaaki/mydreamcampus/course-catalog-service/internal/repository/catalog_repository.go:94.2,94.21 1 0
github.com/baaaki/mydreamcampus/course-catalog-service/internal/repository/catalog_repository.go:98.119,100.16 2 0
github.com/baaaki/mydreamcampus/course-catalog-service/internal/repository/catalog_repository.go:100.16,102.46 1 0
github.com/baaaki/mydreamcampus/course-catalog-service/internal/repository/catalog_repository.go:102.46,103.30 1 0
github.com/baaaki/mydreamcampus/course-catalog-service/internal/repository/catalog_repository.go:103.30,105.5 1 0
github.com/baaaki/mydreamcampus/course-catalog-service/internal/repository/catalog_repository.go:107.3,107.109 1 0
github.com/baaaki/mydreamcampus/course-catalog-service/internal/repository/catalog_repository.go:109.2,109.20 1 0
github.com/baaaki/mydreamcampus/course-catalog-service/internal/repository/catalog_repository.go:113.119,115.16 2 0
github.com/baaaki/mydreamcampus/course-catalog-service/internal/repository/catalog_repository.go:115.16,116.27 1 0
github.com/baaaki/mydreamcampus/course-catalog-service/internal/repository/catalog_repository.go:116.27,118.4 1 0
github.com/baaaki/mydreamcampus/course-catalog-service/internal/repository/catalog_repository.go:119.3,119.109 1 0
github.com/baaaki/mydreamcampus/course-catalog-service/internal/repository/catalog_repository.go:121.2,121.20 1 0
github.com/baaaki/mydreamcampus/course-catalog-service/internal/repository/catalog_repository.go:127.76,128.29 1 0
github.com/baaaki/mydreamcampus/course-catalog-service/internal/repository/catalog_repository.go:128.29,130.3 1 0
github.com/baaaki/mydreamcampus/course-catalog-service/internal/repository/catalog_repository.go:131.2,131.36 1 0
github.com/baaaki/mydreamcampus/course-catalog-service/internal/repository/catalog_repository.go:135.67,137.46 2 0
github.com/baaaki/mydreamcampus/course-catalog-service/internal/repository/catalog_repository.go:137.46,139.3 1 0
github.com/baaaki/mydreamcampus/course-catalog-service/internal/repository/catalog_repository.go:140.2,140.61 1 0
github.com/baaaki/mydreamcampus/course-catalog-service/internal/repository/catalog_repository.go:140.61,142.3 1 0
github.com/baaaki/mydreamcampus/course-catalog-service/internal/repository/catalog_repository.go:143.2,143.27 1 0
github.com/baaaki/mydreamcampus/course-catalog-service/internal/repository/catalog_repository.go:147.76,148.24 1 0
github.com/baaaki/mydreamcampus/course-catalog-service/internal/repository/catalog_repository.go:148.24,150.3 1 0
github.com/baaaki/mydreamcampus/course-catalog-service/internal/repository/catalog_repository.go:151.2,151.34 1 0
github.com/baaaki/mydreamcampus/course-catalog-service/internal/repository/catalog_repository.go:155.69,156.46 1 0
github.com/baaaki/mydreamcampus/course-catalog-service/internal/repository/catalog_repository.go:156.46,158.3 1 0
github.com/baaaki/mydreamcampus/course-catalog-service/internal/repository/catalog_repository.go:159.2,160.59 2 0
github.com/baaaki/mydreamcampus/course-catalog-service/internal/repository/catalog_repository.go:160.59,162.3 1 0
github.com/baaaki/mydreamcampus/course-catalog-service/internal/repository/catalog_repository.go:163.2,163.26 1 0
github.com/baaaki/mydreamcampus/course-catalog-service/internal/repository/catalog_repository.go:167.67,168.22 1 0
github.com/baaaki/mydreamcampus/course-catalog-service/internal/repository/catalog_repository.go:168.22,170.3 1 0
github.com/baaaki/mydreamcampus/course-catalog-service/internal/repository/catalog_repository.go:171.2,171.29 1 0
github.com/baaaki/mydreamcampus/course-catalog-service/internal/repository/catalog_repository.go:175.65,177.46 2 0
github.com/baaaki/mydreamcampus/course-catalog-service/internal/repository/catalog_repository.go:177.46,179.3 1 0
github.com/baaaki/mydreamcampus/course-catalog-service/internal/repository/catalog_repository.go:180.2,180.54 1 0
github.com/baaaki/mydreamcampus/course-catalog-service/internal/repository/catalog_repository.go:180.54,182.3 1 0
github.com/baaaki/mydreamcampus/course-catalog-service/internal/repository/catalog_repository.go:183.2,183.20 1 0
github.com/baaaki/mydreamcampus/course-catalog-service/internal/repository/catalog_repository.go:187.56,188.21 1 0
github.com/baaaki/mydreamcampus/course-catalog-service/internal/repository/catalog_repository.go:188.21,190.3 1 0
github.com/baaaki/mydreamcampus/course-catalog-service/internal/repository/catalog_repository.go:191.2,191.28 1 0
github.com/baaaki/mydreamcampus/course-catalog-service/internal/repository/catalog_repository.go:195.55,197.46 2 0
github.com/baaaki/mydreamcampus/course-catalog-service/internal/repository/catalog_repository.go:197.46,199.3 1 0
github.com/baaaki/mydreamcampus/course-catalog-service/internal/repository/catalog_repository.go:200.2,200.53 1 0
github.com/baaaki/mydreamcampus/course-catalog-service/internal/repository/catalog_repository.go:200.53,202.3 1 0
github.com/baaaki/mydreamcampus/course-catalog-service/internal/repository/catalog_repository.go:203.2,203.19 1 0
github.com/baaaki/mydreamcampus/course-catalog-service/internal/repository/outbox_repository.go:20.64,25.2 1 0
github.com/baaaki/mydreamcampus/course-catalog-service/internal/repository/outbox_repository.go:28.126,30.16 2 0
github.com/baaaki/mydreamcampus/course-catalog-service/internal/repository/outbox_repository.go:30.16,32.3 1 0
github.com/baaaki/mydreamcampus/course-catalog-service/internal/repository/outbox_repository.go:33.2,33.19 1 0
github.com/baaaki/mydreamcampus/course-catalog-service/internal/repository/outbox_repository.go:37.143,40.16 3 0
github.com/baaaki/mydreamcampus/course-catalog-service/internal/repository/outbox_repository.go:40.16,42.3 1 0
github.com/baaaki/mydreamcampus/course-catalog-service/internal/repository/outbox_repository.go:43.2,43.19 1 0
github.com/baaaki/mydreamcampus/course-catalog-service/internal/repository/outbox_repository.go:47.105,49.16 2 0
github.com/baaaki/mydreamcampus/course-catalog-service/internal/repository/outbox_repository.go:49.16,51.3 1 0
github.com/baaaki/mydreamcampus/course-catalog-service/internal/repository/outbox_repository.go:52.2,52.20 1 0
github.com/baaaki/mydreamcampus/course-catalog-service/internal/repository/outbox_repository.go:56.88,58.16 2 0
github.com/baaaki/mydreamcampus/course-catalog-service/internal/repository/outbox_repository.go:58.16,60.3 1 0
github.com/baaaki/mydreamcampus/course-catalog-service/internal/repository/outbox_repository.go:61.2,61.12 1 0
github.com/baaaki/mydreamcampus/course-catalog-service/internal/repository/outbox_repository.go:65.106,70.16 2 0
github.com/baaaki/mydreamcampus/course-catalog-service/internal/repository/outbox_repository.go:70.16,72.3 1 0
github.com/baaaki/mydreamcampus/course-catalog-service/internal/repository/outbox_repository.go:73.2,73.12 1 0
github.com/baaaki/mydreamcampus/course-catalog-service/internal/repository/outbox_repository.go:77.112,79.16 2 0
github.com/baaaki/mydreamcampus/course-catalog-service/internal/repository/outbox_repository.go:79.16,81.3 1 0
github.com/baaaki/mydreamcampus/course-catalog-service/internal/repository/outbox_repository.go:82.2,82.20 1 0
github.com/baaaki/mydreamcampus/course-catalog-service/internal/repository/outbox_repository.go:86.73,88.16 2 0
github.com/baaaki/mydreamcampus/course-catalog-service/internal/repository/outbox_repository.go:88.16,90.3 1 0
github.com/baaaki/mydreamcampus/course-catalog-service/internal/repository/outbox_repository.go:91.2,91.16 1 0
github.com/baaaki/mydreamcampus/course-catalog-service/internal/repository/schedule_repository.go:21.68,26.2 1 0
github.com/baaaki/mydreamcampus/course-catalog-service/internal/repository/schedule_repository.go:29.68,34.2 1 0
github.com/baaaki/mydreamcampus/course-catalog-service/internal/repository/schedule_repository.go:37.156,39.16 2 0
github.com/baaaki/mydreamcampus/course-catalog-service/internal/repository/schedule_repository.go:39.16,41.3 1 0
github.com/baaaki/mydreamcampus/course-catalog-service/internal/repository/schedule_repository.go:42.2,42.22 1 0
github.com/baaaki/mydreamcampus/course-catalog-service/internal/repository/schedule_repository.go:46.169,49.31 2 0
github.com/baaaki/mydreamcampus/course-catalog-service/internal/repository/schedule_repository.go:49.31,51.3 1 0
github.com/baaaki/mydreamcampus/course-catalog-service/internal/repository/schedule_repository.go:53.2,54.16 2 0
github.com/baaaki/mydreamcampus/course-catalog-service/internal/repository/schedule_repository.go:54.16,56.3 1 0
github.com/baaaki/mydreamcampus/course-catalog-service/internal/repository/schedule_repository.go:57.2,57.22 1 0
github.com/baaaki/mydreamcampus/course-catalog-service/internal/repository/schedule_repository.go:61.149,63.16 2 0
github.com/baaaki/mydreamcampus/course-catalog-service/internal/repository/schedule_repository.go:63.16,65.3 1 0
github.com/baaaki/mydreamcampus/course-catalog-service/internal/repository/schedule_repository.go:66.2,66.21 1 0
github.com/baaaki/mydreamcampus/course-catalog-service/internal/repository/schedule_repository.go:71.127,72.24 1 0
github.com/baaaki/mydreamcampus/course-catalog-service/internal/repository/schedule_repository.go:72.24,74.3 1 0
github.com/baaaki/mydreamcampus/course-catalog-service/internal/repository/schedule_repository.go:77.2,78.29 2 0
github.com/baaaki/mydreamcampus/course-catalog-service/internal/repository/schedule_repository.go:78.29,85.3 1 0
github.com/baaaki/mydreamcampus/course-catalog-service/internal/repository/schedule_repository.go:88.2,92.38 3 0
github.com/baaaki/mydreamcampus/course-catalog-service/internal/repository/schedule_repository.go:92.38,93.36 1 0
github.com/baaaki/mydreamcampus/course-catalog-service/internal/repository/schedule_repository.go:93.36,95.4 1 0
github.com/baaaki/mydreamcampus/course-catalog-service/internal/repository/schedule_repository.go:98.2,98.17 1 0
github.com/baaaki/mydreamcampus/course-catalog-service/internal/repository/schedule_repository.go:102.118,104.16 2 0
github.com/baaaki/mydreamcampus/course-catalog-service/internal/repository/schedule_repository.go:104.16,106.3 1 0
github.com/baaaki/mydreamcampus/course-catalog-service/internal/repository/schedule_repository.go:107.2,107.12 1 0
github.com/baaaki/mydreamcampus/course-catalog-service/internal/repository/schedule_repository.go:112.181,114.16 2 0
github.com/baaaki/mydreamcampus/course-catalog-service/internal/repository/schedule_repository.go:114.16,116.3 1 0
github.com/baaaki/mydreamcampus/course-catalog-service/internal/repository/schedule_repository.go:117.2,117.23 1 0
github.com/baaaki/mydreamcampus/course-catalog-service/internal/repository/semester_repository.go:25.68,30.2 1 0
github.com/baaaki/mydreamcampus/course-catalog-service/internal/repository/semester_repository.go:33.68,38.2 1 0
github.com/baaaki/mydreamcampus/course-catalog-service/internal/repository/semester_repository.go:41.131,46.16 2 0
github.com/baaaki/mydreamcampus/course-catalog-service/internal/repository/semester_repository.go:46.16,47.27 1 0
github.com/baaaki/mydreamcampus/course-catalog-service/internal/repository/semester_repository.go:47.27,49.4 1 0
github.com/baaaki/mydreamcampus/course-catalog-service/internal/repository/semester_repository.go:50.3,50.116 1 0
github.com/baaaki/mydreamcampus/course-catalog-service/internal/repository/semester_repository.go:53.2,67.8 1 0
github.com/baaaki/mydreamcampus/course-catalog-service/internal/repository/semester_repository.go:71.142,76.16 2 0
github.com/baaaki/mydreamcampus/course-catalog-service/internal/repository/semester_repository.go:76.16,77.27 1 0
github.com/baaaki/mydreamcampus/course-catalog-service/internal/repository/semester_repository.go:77.27,80.4 1 0
github.com/baaaki/mydreamcampus/course-catalog-service/internal/repository/semester_repository.go:81.3,81.116 1 0
github.com/baaaki/mydreamcampus/course-catalog-service/internal/repository/semester_repository.go:84.2,98.8 1 0
github.com/baaaki/mydreamcampus/course-catalog-service/internal/repository/semester_repository.go:102.145,104.16 2 0
github.com/baaaki/mydreamcampus/course-catalog-service/internal/repository/semester_repository.go:104.16,106.3 1 0
github.com/baaaki/mydreamcampus/course-catalog-service/internal/repository/semester_repository.go:107.2,107.21 1 0
github.com/baaaki/mydreamcampus/course-catalog-service/internal/repository/semester_repository.go:111.125,113.16 2 0
github.com/baaaki/mydreamcampus/course-catalog-service/internal/repository/semester_repository.go:113.16,115.3 1 0
github.com/baaaki/mydreamcampus/course-catalog-service/internal/repository/semester_repository.go:116.2,116.19 1 0
github.com/baaaki/mydreamcampus/course-catalog-service/internal/repository/semester_repository.go:120.137,122.16 2 0
github.com/baaaki/mydreamcampus/course-catalog-service/internal/repository/semester_repository.go:122.16,124.31 1 0
github.com/baaaki/mydreamcampus/course-catalog-service/internal/repository/semester_repository.go:124.31,126.4 1 0
github.com/baaaki/mydreamcampus/course-catalog-service/internal/repository/semester_repository.go:127.3,127.119 1 0
github.com/baaaki/mydreamcampus/course-catalog-service/internal/repository/semester_repository.go:130.2,144.8 1 0
github.com/baaaki/mydreamcampus/course-catalog-service/internal/repository/semester_repository.go:148.92,150.16 2 0
github.com/baaaki/mydreamcampus/course-catalog-service/internal/repository/semester_repository.go:150.16,152.3 1 0
github.com/baaaki/mydreamcampus/course-catalog-service/internal/repository/semester_repository.go:153.2,153.12 1 0
github.com/baaaki/mydreamcampus/course-catalog-service/internal/repository/semester_repository.go:157.84,159.2 1 0
github.com/baaaki/mydreamcampus/course-catalog-service/internal/repository/semester_repository.go:162.72,164.46 2 0
github.com/baaaki/mydreamcampus/course-catalog-service/internal/repository/semester_repository.go:164.46,166.3 1 0
github.com/baaaki/mydreamcampus/course-catalog-service/internal/repository/semester_repository.go:167.2,167.64 1 0
github.com/baaaki/mydreamcampus/course-catalog-service/internal/repository/semester_repository.go:167.64,169.3 1 0
github.com/baaaki/mydreamcampus/course-catalog-service/internal/repository/semester_repository.go:170.2,170.30 1 0
github.com/baaaki/mydreamcampus/course-catalog-service/internal/repository/semester_repository.go:174.42,175.44 1 0
github.com/baaaki/mydreamcampus/course-catalog-service/internal/repository/semester_repository.go:175.44,177.3 1 0
github.com/baaaki/mydreamcampus/course-catalog-service/internal/repository/semester_repository.go:178.2,178.14 1 0
github.com/baaaki/mydreamcampus/course-catalog-service/internal/repository/semester_repository.go:182.150,187.16 2 0
github.com/baaaki/mydreamcampus/course-catalog-service/internal/repository/semester_repository.go:187.16,189.3 1 0
github.com/baaaki/mydreamcampus/course-catalog-service/internal/repository/semester_repository.go:190.2,190.21 1 0
github.com/baaaki/mydreamcampus/course-catalog-service/internal/repository/semester_status_repository.go:22.106,28.2 1 0
github.com/baaaki/mydreamcampus/course-catalog-service/internal/repository/semester_status_repository.go:30.130,35.2 1 0
github.com/baaaki/mydreamcampus/course-catalog-service/internal/repository/semester_status_repository.go:37.109,39.2 1 0
github.com/baaaki/mydreamcampus/course-catalog-service/internal/repository/semester_status_repository.go:41.96,43.2 1 0
github.com/baaaki/mydreamcampus/course-catalog-service/internal/repository/semester_status_repository.go:45.94,47.2 1 0
github.com/baaaki/mydreamcampus/course-catalog-service/internal/repository/semester_status_repository.go:52.89,54.2 1 0
github.com/baaaki/mydreamcampus/course-catalog-service/internal/repository/semester_status_repository.go:56.109,58.2 1 0
github.com/baaaki/mydreamcampus/course-catalog-service/internal/repository/semester_status_repository.go:60.109,62.2 1 0
github.com/baaaki/mydreamcampus/course-catalog-service/internal/repository/semester_status_repository.go:67.109,69.16 2 0
github.com/baaaki/mydreamcampus/course-catalog-service/internal/repository/semester_status_repository.go:69.16,71.3 1 0
github.com/baaaki/mydreamcampus/course-catalog-service/internal/repository/semester_status_repository.go:73.2,73.51 1 0
github.com/baaaki/mydreamcampus/course-catalog-service/internal/repository/semester_status_repository.go:73.51,75.3 1 0
github.com/baaaki/mydreamcampus/course-catalog-service/internal/repository/semester_status_repository.go:76.2,76.49 1 0
github.com/baaaki/mydreamcampus/course-catalog-service/internal/repository/semester_status_repository.go:76.49,78.3 1 0
github.com/baaaki/mydreamcampus/course-catalog-service/internal/repository/semester_status_repository.go:81.2,81.81 1 0
github.com/baaaki/mydreamcampus/course-catalog-service/internal/repository/semester_status_repository.go:81.81,83.75 1 0
github.com/baaaki/mydreamcampus/course-catalog-service/internal/repository/semester_status_repository.go:83.75,88.4 1 0
github.com/baaaki/mydreamcampus/course-catalog-service/internal/repository/semester_status_repository.go:88.9,90.28 1 0
github.com/baaaki/mydreamcampus/course-catalog-service/internal/repository/semester_status_repository.go:90.28,103.5 1 0
github.com/baaaki/mydreamcampus/course-catalog-service/internal/repository/semester_status_repository.go:104.4,106.5 1 0
github.com/baaaki/mydreamcampus/course-catalog-service/internal/repository/semester_status_repository.go:108.3,108.20 1 0
github.com/baaaki/mydreamcampus/course-catalog-service/internal/repository/semester_status_repository.go:111.2,111.18 1 0
github.com/baaaki/mydreamcampus/course-catalog-service/internal/repository/semester_status_repository.go:115.123,117.16 2 0
github.com/baaaki/mydreamcampus/course-catalog-service/internal/repository/semester_status_repository.go:117.16,119.3 1 0
github.com/baaaki/mydreamcampus/course-catalog-service/internal/repository/semester_status_repository.go:120.2,120.29 1 0
github.com/baaaki/mydreamcampus/course-catalog-service/internal/repository/semester_status_repository.go:132.117,134.16 2 0
github.com/baaaki/mydreamcampus/course-catalog-service/internal/repository/semester_status_repository.go:134.16,136.3 1 0
github.com/baaaki/mydreamcampus/course-catalog-service/internal/repository/semester_status_repository.go:138.2,146.8 3 0
github.com/baaaki/mydreamcampus/course-catalog-service/internal/errors/errors.go:19.48,21.2 1 1
github.com/baaaki/mydreamcampus/course-catalog-service/internal/errors/errors.go:23.48,25.2 1 3
github.com/baaaki/mydreamcampus/course-catalog-service/internal/errors/errors.go:27.114,35.2 1 2
github.com/baaaki/mydreamcampus/course-catalog-service/internal/dto/common_dto.go:25.43,26.17 1 4
github.com/baaaki/mydreamcampus/course-catalog-service/internal/dto/common_dto.go:26.17,28.3 1 2
github.com/baaaki/mydreamcampus/course-catalog-service/internal/dto/common_dto.go:29.2,29.18 1 4
github.com/baaaki/mydreamcampus/course-catalog-service/internal/dto/common_dto.go:29.18,31.3 1 2
github.com/baaaki/mydreamcampus/course-catalog-service/internal/dto/common_dto.go:34.45,36.2 1 3
github.com/baaaki/mydreamcampus/course-catalog-service/internal/dto/common_dto.go:38.71,40.21 2 6
github.com/baaaki/mydreamcampus/course-catalog-service/internal/dto/common_dto.go:40.21,42.3 1 1
github.com/baaaki/mydreamcampus/course-catalog-service/internal/dto/common_dto.go:44.2,49.3 1 6
github.com/baaaki/mydreamcampus/course-catalog-service/internal/service/audit_logger.go:22.100,27.2 1 0
github.com/baaaki/mydreamcampus/course-catalog-service/internal/service/audit_logger.go:29.84,33.26 3 0
github.com/baaaki/mydreamcampus/course-catalog-service/internal/service/audit_logger.go:33.26,36.17 3 0
github.com/baaaki/mydreamcampus/course-catalog-service/internal/service/audit_logger.go:36.17,38.4 1 0
github.com/baaaki/mydreamcampus/course-catalog-service/internal/service/audit_logger.go:41.2,49.25 2 0
github.com/baaaki/mydreamcampus/course-catalog-service/internal/service/audit_logger.go:49.25,51.17 2 0
github.com/baaaki/mydreamcampus/course-catalog-service/internal/service/audit_logger.go:51.17,53.4 1 0
github.com/baaaki/mydreamcampus/course-catalog-service/internal/service/audit_logger.go:56.2,56.28 1 0
github.com/baaaki/mydreamcampus/course-catalog-service/internal/service/audit_logger.go:56.28,58.17 2 0
github.com/baaaki/mydreamcampus/course-catalog-service/internal/service/audit_logger.go:58.17,60.4 1 0
github.com/baaaki/mydreamcampus/course-catalog-service/internal/service/audit_logger.go:63.2,64.12 2 0
github.com/baaaki/mydreamcampus/course-catalog-service/internal/service/catalog_service.go:24.83,28.2 1 0
github.com/baaaki/mydreamcampus/course-catalog-service/internal/service/catalog_service.go:31.117,39.32 2 0
github.com/baaaki/mydreamcampus/course-catalog-service/internal/service/catalog_service.go:39.32,40.89 1 0
github.com/baaaki/mydreamcampus/course-catalog-service/internal/service/catalog_service.go:40.89,42.4 1 0
github.com/baaaki/mydreamcampus/course-catalog-service/internal/service/catalog_service.go:46.2,47.16 2 0
github.com/baaaki/mydreamcampus/course-catalog-service/internal/service/catalog_service.go:47.16,50.3 2 0
github.com/baaaki/mydreamcampus/course-catalog-service/internal/service/catalog_service.go:52.2,53.16 2 0
github.com/baaaki/mydreamcampus/course-catalog-service/internal/service/catalog_service.go:53.16,56.3 2 0
github.com/baaaki/mydreamcampus/course-catalog-service/internal/service/catalog_service.go:58.2,59.16 2 0
github.com/baaaki/mydreamcampus/course-catalog-service/internal/service/catalog_service.go:59.16,62.3 2 0
github.com/baaaki/mydreamcampus/course-catalog-service/internal/service/catalog_service.go:64.2,65.16 2 0
github.com/baaaki/mydreamcampus/course-catalog-service/internal/service/catalog_service.go:65.16,68.3 2 0
github.com/baaaki/mydreamcampus/course-catalog-service/internal/service/catalog_service.go:70.2,71.16 2 0
github.com/baaaki/mydreamcampus/course-catalog-service/internal/service/catalog_service.go:71.16,74.3 2 0
github.com/baaaki/mydreamcampus/course-catalog-service/internal/service/catalog_service.go:77.2,78.18 2 0
github.com/baaaki/mydreamcampus/course-catalog-service/internal/service/catalog_service.go:78.18,80.3 1 0
github.com/baaaki/mydreamcampus/course-catalog-service/internal/service/catalog_service.go:82.2,83.26 2 0
github.com/baaaki/mydreamcampus/course-catalog-service/internal/service/catalog_service.go:83.26,85.3 1 0
github.com/baaaki/mydreamcampus/course-catalog-service/internal/service/catalog_service.go:87.2,88.26 2 0
github.com/baaaki/mydreamcampus/course-catalog-service/internal/service/catalog_service.go:88.26,90.3 1 0
github.com/baaaki/mydreamcampus/course-catalog-service/internal/service/catalog_service.go:92.2,93.24 2 0
github.com/baaaki/mydreamcampus/course-catalog-service/internal/service/catalog_service.go:93.24,95.3 1 0
github.com/baaaki/mydreamcampus/course-catalog-service/internal/service/catalog_service.go:97.2,98.25 2 0
github.com/baaaki/mydreamcampus/course-catalog-service/internal/service/catalog_service.go:98.25,100.3 1 0
github.com/baaaki/mydreamcampus/course-catalog-service/internal/service/catalog_service.go:103.2,133.16 3 0
github.com/baaaki/mydreamcampus/course-catalog-service/internal/service/catalog_service.go:133.16,134.62 1 0
github.com/baaaki/mydreamcampus/course-catalog-service/internal/service/catalog_service.go:134.62,137.4 2 0
github.com/baaaki/mydreamcampus/course-catalog-service/internal/service/catalog_service.go:138.3,138.56 1 0
github.com/baaaki/mydreamcampus/course-catalog-service/internal/service/catalog_service.go:138.56,140.4 1 0
github.com/baaaki/mydreamcampus/course-catalog-service/internal/service/catalog_service.go:141.3,141.80 1 0
github.com/baaaki/mydreamcampus/course-catalog-service/internal/service/catalog_service.go:144.2,150.35 2 0
github.com/baaaki/mydreamcampus/course-catalog-service/internal/service/catalog_service.go:154.116,162.16 3 0
github.com/baaaki/mydreamcampus/course-catalog-service/internal/service/catalog_service.go:162.16,163.64 1 0
github.com/baaaki/mydreamcampus/course-catalog-service/internal/service/catalog_service.go:163.64,166.4 2 0
github.com/baaaki/mydreamcampus/course-catalog-service/internal/service/catalog_service.go:167.3,167.56 1 0
github.com/baaaki/mydreamcampus/course-catalog-service/internal/service/catalog_service.go:167.56,169.4 1 0
github.com/baaaki/mydreamcampus/course-catalog-service/internal/service/catalog_service.go:170.3,170.80 1 0
github.com/baaaki/mydreamcampus/course-catalog-service/internal/service/catalog_service.go:173.2,177.35 2 0
github.com/baaaki/mydreamcampus/course-catalog-service/internal/service/catalog_service.go:181.120,227.16 6 0
github.com/baaaki/mydreamcampus/course-catalog-service/internal/service/catalog_service.go:227.16,228.56 1 0
github.com/baaaki/mydreamcampus/course-catalog-service/internal/service/catalog_service.go:228.56,230.4 1 0
github.com/baaaki/mydreamcampus/course-catalog-service/internal/service/catalog_service.go:231.3,231.85 1 0
github.com/baaaki/mydreamcampus/course-catalog-service/internal/service/catalog_service.go:235.2,249.16 3 0
github.com/baaaki/mydreamcampus/course-catalog-service/internal/service/catalog_service.go:249.16,250.56 1 0
github.com/baaaki/mydreamcampus/course-catalog-service/internal/service/catalog_service.go:250.56,252.4 1 0
github.com/baaaki/mydreamcampus/course-catalog-service/internal/service/catalog_service.go:253.3,253.85 1 0
github.com/baaaki/mydreamcampus/course-catalog-service/internal/service/catalog_service.go:257.2,258.33 2 0
github.com/baaaki/mydreamcampus/course-catalog-service/internal/service/catalog_service.go:258.33,260.17 2 0
github.com/baaaki/mydreamcampus/course-catalog-service/internal/service/catalog_service.go:260.17,265.12 2 0
github.com/baaaki/mydreamcampus/course-catalog-service/internal/service/catalog_service.go:268.3,288.5 1 0
github.com/baaaki/mydreamcampus/course-catalog-service/internal/service/catalog_service.go:291.2,307.8 3 0
github.com/baaaki/mydreamcampus/course-catalog-service/internal/service/catalog_service.go:311.136,320.16 3 0
github.com/baaaki/mydreamcampus/course-catalog-service/internal/service/catalog_service.go:320.16,321.64 1 0
github.com/baaaki/mydreamcampus/course-catalog-service/internal/service/catalog_service.go:321.64,324.4 2 0
github.com/baaaki/mydreamcampus/course-catalog-service/internal/service/catalog_service.go:325.3,325.56 1 0
github.com/baaaki/mydreamcampus/course-catalog-service/internal/service/catalog_service.go:325.56,327.4 1 0
github.com/baaaki/mydreamcampus/course-catalog-service/internal/service/catalog_service.go:328.3,328.80 1 0
github.com/baaaki/mydreamcampus/course-catalog-service/internal/service/catalog_service.go:332.2,333.27 2 0
github.com/baaaki/mydreamcampus/course-catalog-service/internal/service/catalog_service.go:333.27,335.3 1 0
github.com/baaaki/mydreamcampus/course-catalog-service/internal/service/catalog_service.go:338.2,339.30 2 0
github.com/baaaki/mydreamcampus/course-catalog-service/internal/service/catalog_service.go:339.30,340.86 1 0
github.com/baaaki/mydreamcampus/course-catalog-service/internal/service/catalog_service.go:340.86,342.4 1 0
github.com/baaaki/mydreamcampus/course-catalog-service/internal/service/catalog_service.go:343.3,344.17 2 0
github.com/baaaki/mydreamcampus/course-catalog-service/internal/service/catalog_service.go:344.17,347.4 2 0
github.com/baaaki/mydreamcampus/course-catalog-service/internal/service/catalog_service.go:351.2,352.28 2 0
github.com/baaaki/mydreamcampus/course-catalog-service/internal/service/catalog_service.go:352.28,354.17 2 0
github.com/baaaki/mydreamcampus/course-catalog-service/internal/service/catalog_service.go:354.17,357.4 2 0
github.com/baaaki/mydreamcampus/course-catalog-service/internal/service/catalog_service.go:361.2,362.37 2 0
github.com/baaaki/mydreamcampus/course-catalog-service/internal/service/catalog_service.go:362.37,364.17 2 0
github.com/baaaki/mydreamcampus/course-catalog-service/internal/service/catalog_service.go:364.17,367.4 2 0
github.com/baaaki/mydreamcampus/course-catalog-service/internal/service/catalog_service.go:371.2,372.29 2 0
github.com/baaaki/mydreamcampus/course-catalog-service/internal/service/catalog_service.go:372.29,374.17 2 0
github.com/baaaki/mydreamcampus/course-catalog-service/internal/service/catalog_service.go:374.17,377.4 2 0
github.com/baaaki/mydreamcampus/course-catalog-service/internal/service/catalog_service.go:381.2,382.35 2 0
github.com/baaaki/mydreamcampus/course-catalog-service/internal/service/catalog_service.go:382.35,384.17 2 0
github.com/baaaki/mydreamcampus/course-catalog-service/internal/service/catalog_service.go:384.17,387.4 2 0
github.com/baaaki/mydreamcampus/course-catalog-service/internal/service/catalog_service.go:391.2,431.30 2 0
github.com/baaaki/mydreamcampus/course-catalog-service/internal/service/catalog_service.go:431.30,433.3 1 0
github.com/baaaki/mydreamcampus/course-catalog-service/internal/service/catalog_service.go:434.2,434.28 1 0
github.com/baaaki/mydreamcampus/course-catalog-service/internal/service/catalog_service.go:434.28,436.3 1 0
github.com/baaaki/mydreamcampus/course-catalog-service/internal/service/catalog_service.go:437.2,437.37 1 0
github.com/baaaki/mydreamcampus/course-catalog-service/internal/service/catalog_service.go:437.37,439.3 1 0
github.com/baaaki/mydreamcampus/course-catalog-service/internal/service/catalog_service.go:440.2,440.29 1 0
github.com/baaaki/mydreamcampus/course-catalog-service/internal/service/catalog_service.go:440.29,442.3 1 0
github.com/baaaki/mydreamcampus/course-catalog-service/internal/service/catalog_service.go:443.2,443.35 1 0
github.com/baaaki/mydreamcampus/course-catalog-service/internal/service/catalog_service.go:443.35,445.3 1 0
github.com/baaaki/mydreamcampus/course-catalog-service/internal/service/catalog_service.go:447.2,448.16 2 0
github.com/baaaki/mydreamcampus/course-catalog-service/internal/service/catalog_service.go:448.16,449.64 1 0
github.com/baaaki/mydreamcampus/course-catalog-service/internal/service/catalog_service.go:449.64,452.4 2 0
github.com/baaaki/mydreamcampus/course-catalog-service/internal/service/catalog_service.go:453.3,453.56 1 0
github.com/baaaki/mydreamcampus/course-catalog-service/internal/service/catalog_service.go:453.56,455.4 1 0
github.com/baaaki/mydreamcampus/course-catalog-service/internal/service/catalog_service.go:456.3,456.80 1 0
github.com/baaaki/mydreamcampus/course-catalog-service/internal/service/catalog_service.go:459.2,465.35 2 0
github.com/baaaki/mydreamcampus/course-catalog-service/internal/service/catalog_service.go:469.133,470.29 1 0
github.com/baaaki/mydreamcampus/course-catalog-service/internal/service/catalog_service.go:470.29,472.3 1 0
github.com/baaaki/mydreamcampus/course-catalog-service/internal/service/catalog_service.go:475.2,476.39 2 0
github.com/baaaki/mydreamcampus/course-catalog-service/internal/service/catalog_service.go:476.39,478.3 1 0
github.com/baaaki/mydreamcampus/course-catalog-service/internal/service/catalog_service.go:481.2,482.16 2 0
github.com/baaaki/mydreamcampus/course-catalog-service/internal/service/catalog_service.go:482.16,483.56 1 0
github.com/baaaki/mydreamcampus/course-catalog-service/internal/service/catalog_service.go:483.56,485.4 1 0
github.com/baaaki/mydreamcampus/course-catalog-service/internal/service/catalog_service.go:486.3,486.58 1 0
github.com/baaaki/mydreamcampus/course-catalog-service/internal/service/catalog_service.go:490.2,490.40 1 0
github.com/baaaki/mydreamcampus/course-catalog-service/internal/service/catalog_service.go:490.40,496.3 2 0
github.com/baaaki/mydreamcampus/course-catalog-service/internal/service/catalog_service.go:499.2,500.33 2 0
github.com/baaaki/mydreamcampus/course-catalog-service/internal/service/catalog_service.go:500.33,502.3 1 0
github.com/baaaki/mydreamcampus/course-catalog-service/internal/service/catalog_service.go:504.2,504.39 1 0
github.com/baaaki/mydreamcampus/course-catalog-service/internal/service/catalog_service.go:504.39,506.14 2 0
github.com/baaaki/mydreamcampus/course-catalog-service/internal/service/catalog_service.go:506.14,511.4 2 0
github.com/baaaki/mydreamcampus/course-catalog-service/internal/service/catalog_service.go:514.3,514.45 1 0
github.com/baaaki/mydreamcampus/course-catalog-service/internal/service/catalog_service.go:514.45,520.4 2 0
github.com/baaaki/mydreamcampus/course-catalog-service/internal/service/catalog_service.go:523.3,523.39 1 0
github.com/baaaki/mydreamcampus/course-catalog-service/internal/service/catalog_service.go:523.39,529.4 2 0
github.com/baaaki/mydreamcampus/course-catalog-service/internal/service/catalog_service.go:532.3,532.44 1 0
github.com/baaaki/mydreamcampus/course-catalog-service/internal/service/catalog_service.go:532.44,538.4 2 0
github.com/baaaki/mydreamcampus/course-catalog-service/internal/service/catalog_service.go:541.2,541.12 1 0
github.com/baaaki/mydreamcampus/course-catalog-service/internal/service/catalog_service.go:545.96,547.16 2 0
github.com/baaaki/mydreamcampus/course-catalog-service/internal/service/catalog_service.go:547.16,549.3 1 0
github.com/baaaki/mydreamcampus/course-catalog-service/internal/service/catalog_service.go:551.2,552.16 2 0
github.com/baaaki/mydreamcampus/course-catalog-service/internal/service/catalog_service.go:552.16,554.3 1 0
github.com/baaaki/mydreamcampus/course-catalog-service/internal/service/catalog_service.go:556.2,557.16 2 0
github.com/baaaki/mydreamcampus/course-catalog-service/internal/service/catalog_service.go:557.16,559.3 1 0
github.com/baaaki/mydreamcampus/course-catalog-service/internal/service/catalog_service.go:561.2,562.16 2 0
github.com/baaaki/mydreamcampus/course-catalog-service/internal/service/catalog_service.go:562.16,564.3 1 0
github.com/baaaki/mydreamcampus/course-catalog-service/internal/service/catalog_service.go:566.2,567.16 2 0
github.com/baaaki/mydreamcampus/course-catalog-service/internal/service/catalog_service.go:567.16,569.3 1 0
github.com/baaaki/mydreamcampus/course-catalog-service/internal/service/catalog_service.go:571.2,601.8 1 0
github.com/baaaki/mydreamcampus/course-catalog-service/internal/service/catalog_service.go:605.66,606.22 1 18
github.com/baaaki/mydreamcampus/course-catalog-service/internal/service/catalog_service.go:606.22,608.3 1 1
github.com/baaaki/mydreamcampus/course-catalog-service/internal/service/catalog_service.go:611.2,615.30 4 17
github.com/baaaki/mydreamcampus/course-catalog-service/internal/service/catalog_service.go:615.30,617.25 1 22
github.com/baaaki/mydreamcampus/course-catalog-service/internal/service/catalog_service.go:617.25,619.4 1 1
github.com/baaaki/mydreamcampus/course-catalog-service/internal/service/catalog_service.go:620.3,620.40 1 21
github.com/baaaki/mydreamcampus/course-catalog-service/internal/service/catalog_service.go:620.40,622.4 1 6
github.com/baaaki/mydreamcampus/course-catalog-service/internal/service/catalog_service.go:623.3,626.46 2 15
github.com/baaaki/mydreamcampus/course-catalog-service/internal/service/catalog_service.go:626.46,628.4 1 2
github.com/baaaki/mydreamcampus/course-catalog-service/internal/service/catalog_service.go:631.3,631.43 1 13
github.com/baaaki/mydreamcampus/course-catalog-service/internal/service/catalog_service.go:631.43,633.4 1 3
github.com/baaaki/mydreamcampus/course-catalog-service/internal/service/catalog_service.go:635.3,635.29 1 10
github.com/baaaki/mydreamcampus/course-catalog-service/internal/service/catalog_service.go:639.2,639.24 1 5
github.com/baaaki/mydreamcampus/course-catalog-service/internal/service/catalog_service.go:639.24,641.3 1 1
github.com/baaaki/mydreamcampus/course-catalog-service/internal/service/catalog_service.go:643.2,643.12 1 4
github.com/baaaki/mydreamcampus/course-catalog-service/internal/service/catalog_service.go:647.53,648.35 1 6
github.com/baaaki/mydreamcampus/course-catalog-service/internal/service/catalog_service.go:648.35,649.27 1 15
github.com/baaaki/mydreamcampus/course-catalog-service/internal/service/catalog_service.go:649.27,651.4 1 4
github.com/baaaki/mydreamcampus/course-catalog-service/internal/service/catalog_service.go:653.2,653.12 1 2
github.com/baaaki/mydreamcampus/course-catalog-service/internal/service/catalog_service.go:657.42,663.21 2 10
github.com/baaaki/mydreamcampus/course-catalog-service/internal/service/catalog_service.go:663.21,665.3 1 3
github.com/baaaki/mydreamcampus/course-catalog-service/internal/service/catalog_service.go:666.2,666.12 1 7
github.com/baaaki/mydreamcampus/course-catalog-service/internal/service/semester_service.go:41.20,51.2 1 0
github.com/baaaki/mydreamcampus/course-catalog-service/internal/service/semester_service.go:57.107,61.35 3 8
github.com/baaaki/mydreamcampus/course-catalog-service/internal/service/semester_service.go:61.35,62.70 1 8
github.com/baaaki/mydreamcampus/course-catalog-service/internal/service/semester_service.go:62.70,64.4 1 1
github.com/baaaki/mydreamcampus/course-catalog-service/internal/service/semester_service.go:66.3,68.38 2 7
github.com/baaaki/mydreamcampus/course-catalog-service/internal/service/semester_service.go:68.38,69.29 1 4
github.com/baaaki/mydreamcampus/course-catalog-service/internal/service/semester_service.go:69.29,71.5 1 1
github.com/baaaki/mydreamcampus/course-catalog-service/internal/service/semester_service.go:72.4,72.33 1 3
github.com/baaaki/mydreamcampus/course-catalog-service/internal/service/semester_service.go:73.9,74.21 1 3
github.com/baaaki/mydreamcampus/course-catalog-service/internal/service/semester_service.go:74.21,76.5 1 1
github.com/baaaki/mydreamcampus/course-catalog-service/internal/service/semester_service.go:77.4,77.30 1 2
github.com/baaaki/mydreamcampus/course-catalog-service/internal/service/semester_service.go:82.2,82.66 1 5
github.com/baaaki/mydreamcampus/course-catalog-service/internal/service/semester_service.go:82.66,84.3 1 1
github.com/baaaki/mydreamcampus/course-catalog-service/internal/service/semester_service.go:85.2,85.47 1 4
github.com/baaaki/mydreamcampus/course-catalog-service/internal/service/semester_service.go:85.47,87.3 1 1
github.com/baaaki/mydreamcampus/course-catalog-service/internal/service/semester_service.go:89.2,89.12 1 3
github.com/baaaki/mydreamcampus/course-catalog-service/internal/service/semester_service.go:93.159,102.38 2 0
github.com/baaaki/mydreamcampus/course-catalog-service/internal/service/semester_service.go:102.38,105.3 2 0
github.com/baaaki/mydreamcampus/course-catalog-service/internal/service/semester_service.go:110.2,110.33 1 0
github.com/baaaki/mydreamcampus/course-catalog-service/internal/service/semester_service.go:110.33,112.17 2 0
github.com/baaaki/mydreamcampus/course-catalog-service/internal/service/semester_service.go:112.17,116.4 1 0
github.com/baaaki/mydreamcampus/course-catalog-service/internal/service/semester_service.go:116.9,116.48 1 0
github.com/baaaki/mydreamcampus/course-catalog-service/internal/service/semester_service.go:116.48,122.4 2 0
github.com/baaaki/mydreamcampus/course-catalog-service/internal/service/semester_service.go:126.2,127.22 2 0
github.com/baaaki/mydreamcampus/course-catalog-service/internal/service/semester_service.go:127.22,129.21 2 0
github.com/baaaki/mydreamcampus/course-catalog-service/internal/service/semester_service.go:129.21,130.46 1 0
github.com/baaaki/mydreamcampus/course-catalog-service/internal/service/semester_service.go:130.46,132.5 1 0
github.com/baaaki/mydreamcampus/course-catalog-service/internal/service/semester_service.go:133.4,133.83 1 0
github.com/baaaki/mydreamcampus/course-catalog-service/internal/service/semester_service.go:138.2,139.16 2 0
github.com/baaaki/mydreamcampus/course-catalog-service/internal/service/semester_service.go:139.16,140.64 1 0
github.com/baaaki/mydreamcampus/course-catalog-service/internal/service/semester_service.go:140.64,145.4 2 0
github.com/baaaki/mydreamcampus/course-catalog-service/internal/service/semester_service.go:147.3,147.56 1 0
github.com/baaaki/mydreamcampus/course-catalog-service/internal/service/semester_service.go:147.56,149.4 1 0
github.com/baaaki/mydreamcampus/course-catalog-service/internal/service/semester_service.go:151.3,151.88 1 0
github.com/baaaki/mydreamcampus/course-catalog-service/internal/service/semester_service.go:155.2,155.62 1 0
github.com/baaaki/mydreamcampus/course-catalog-service/internal/service/semester_service.go:155.62,160.3 2 0
github.com/baaaki/mydreamcampus/course-catalog-service/internal/service/semester_service.go:163.2,163.32 1 0
github.com/baaaki/mydreamcampus/course-catalog-service/internal/service/semester_service.go:163.32,168.3 2 0
github.com/baaaki/mydreamcampus/course-catalog-service/internal/service/semester_service.go:171.2,171.48 1 0
github.com/baaaki/mydreamcampus/course-catalog-service/internal/service/semester_service.go:171.48,177.3 2 0
github.com/baaaki/mydreamcampus/course-catalog-service/internal/service/semester_service.go:184.2,185.16 2 0
github.com/baaaki/mydreamcampus/course-catalog-service/internal/service/semester_service.go:185.16,187.3 1 0
github.com/baaaki/mydreamcampus/course-catalog-service/internal/service/semester_service.go:190.2,190.47 1 0
github.com/baaaki/mydreamcampus/course-catalog-service/internal/service/semester_service.go:190.47,191.66 1 0
github.com/baaaki/mydreamcampus/course-catalog-service/internal/service/semester_service.go:191.66,193.4 1 0
github.com/baaaki/mydreamcampus/course-catalog-service/internal/service/semester_service.go:194.3,194.62 1 0
github.com/baaaki/mydreamcampus/course-catalog-service/internal/service/semester_service.go:194.62,196.4 1 0
github.com/baaaki/mydreamcampus/course-catalog-service/internal/service/semester_service.go:200.2,200.131 1 0
github.com/baaaki/mydreamcampus/course-catalog-service/internal/service/semester_service.go:200.131,202.3 1 0
github.com/baaaki/mydreamcampus/course-catalog-service/internal/service/semester_service.go:205.2,205.36 1 0
github.com/baaaki/mydreamcampus/course-catalog-service/internal/service/semester_service.go:205.36,210.3 1 0
github.com/baaaki/mydreamcampus/course-catalog-service/internal/service/semester_service.go:213.2,213.71 1 0
github.com/baaaki/mydreamcampus/course-catalog-service/internal/service/semester_service.go:213.71,215.3 1 0
github.com/baaaki/mydreamcampus/course-catalog-service/internal/service/semester_service.go:218.2,218.141 1 0
github.com/baaaki/mydreamcampus/course-catalog-service/internal/service/semester_service.go:218.141,220.3 1 0
github.com/baaaki/mydreamcampus/course-catalog-service/internal/service/semester_service.go:223.2,224.16 2 0
github.com/baaaki/mydreamcampus/course-catalog-service/internal/service/semester_service.go:224.16,229.3 2 0
[...]
github.com/baaaki/mydreamcampus/course-catalog-service/internal/handler/semester_status_handler.go:299.2,301.16 3 0
github.com/baaaki/mydreamcampus/course-catalog-service/internal/handler/semester_status_handler.go:301.16,303.3 1 0
github.com/baaaki/mydreamcampus/course-catalog-service/internal/handler/semester_status_handler.go:304.2,306.79 2 0
github.com/baaaki/mydreamcampus/course-catalog-service/internal/handler/semester_status_handler.go:306.79,309.3 2 0
github.com/baaaki/mydreamcampus/course-catalog-service/internal/handler/semester_status_handler.go:311.2,311.12 1 0
github.com/baaaki/mydreamcampus/course-catalog-service/internal/handler/semester_status_handler.go:315.110,316.30 1 0
github.com/baaaki/mydreamcampus/course-catalog-service/internal/handler/semester_status_handler.go:316.30,318.3 1 0
github.com/baaaki/mydreamcampus/course-catalog-service/internal/handler/semester_status_handler.go:320.2,325.16 3 0
github.com/baaaki/mydreamcampus/course-catalog-service/internal/handler/semester_status_handler.go:325.16,327.3 1 0
github.com/baaaki/mydreamcampus/course-catalog-service/internal/handler/semester_status_handler.go:329.2,331.16 3 0
github.com/baaaki/mydreamcampus/course-catalog-service/internal/handler/semester_status_handler.go:331.16,333.3 1 0
github.com/baaaki/mydreamcampus/course-catalog-service/internal/handler/semester_status_handler.go:334.2,335.28 2 0
github.com/baaaki/mydreamcampus/course-catalog-service/internal/handler/semester_status_handler.go:335.28,337.3 1 0
github.com/baaaki/mydreamcampus/course-catalog-service/internal/handler/semester_status_handler.go:339.2,341.16 3 0
github.com/baaaki/mydreamcampus/course-catalog-service/internal/handler/semester_status_handler.go:341.16,343.3 1 0
github.com/baaaki/mydreamcampus/course-catalog-service/internal/handler/semester_status_handler.go:344.2,346.79 2 0
github.com/baaaki/mydreamcampus/course-catalog-service/internal/handler/semester_status_handler.go:346.79,349.3 2 0
github.com/baaaki/mydreamcampus/course-catalog-service/internal/handler/semester_status_handler.go:351.2,351.12 1 0
github.com/baaaki/mydreamcampus/course-catalog-service/internal/handler/semester_status_handler.go:355.63,357.16 2 0
github.com/baaaki/mydreamcampus/course-catalog-service/internal/handler/semester_status_handler.go:357.16,361.3 3 0
github.com/baaaki/mydreamcampus/course-catalog-service/internal/handler/semester_status_handler.go:363.2,364.30 2 0
github.com/baaaki/mydreamcampus/course-catalog-service/internal/handler/semester_status_handler.go:364.30,366.3 1 0
github.com/baaaki/mydreamcampus/course-catalog-service/internal/handler/semester_status_handler.go:367.2,367.19 1 0
github.com/baaaki/mydreamcampus/course-catalog-service/internal/handler/semester_status_handler.go:367.19,369.3 1 0
github.com/baaaki/mydreamcampus/course-catalog-service/internal/handler/semester_status_handler.go:371.2,371.31 1 0
github.com/baaaki/mydreamcampus/course-catalog-service/internal/handler/semester_status_handler.go:375.67,377.16 2 0
github.com/baaaki/mydreamcampus/course-catalog-service/internal/handler/semester_status_handler.go:377.16,380.3 2 0
github.com/baaaki/mydreamcampus/course-catalog-service/internal/handler/semester_status_handler.go:382.2,382.53 1 0
github.com/baaaki/mydreamcampus/course-catalog-service/internal/handler/semester_status_handler.go:396.66,403.16 3 0
github.com/baaaki/mydreamcampus/course-catalog-service/internal/handler/semester_status_handler.go:403.16,406.3 2 0
github.com/baaaki/mydreamcampus/course-catalog-service/internal/handler/semester_status_handler.go:410.2,411.16 2 0
github.com/baaaki/mydreamcampus/course-catalog-service/internal/handler/semester_status_handler.go:411.16,415.3 3 0
github.com/baaaki/mydreamcampus/course-catalog-service/internal/handler/semester_status_handler.go:416.2,416.15 1 0
github.com/baaaki/mydreamcampus/course-catalog-service/internal/handler/semester_status_handler.go:416.15,422.3 2 0
github.com/baaaki/mydreamcampus/course-catalog-service/internal/handler/semester_status_handler.go:424.2,427.16 3 0
github.com/baaaki/mydreamcampus/course-catalog-service/internal/handler/semester_status_handler.go:427.16,431.3 3 0
github.com/baaaki/mydreamcampus/course-catalog-service/internal/handler/semester_status_handler.go:432.2,438.16 4 0
github.com/baaaki/mydreamcampus/course-catalog-service/internal/handler/semester_status_handler.go:438.16,445.3 3 0
github.com/baaaki/mydreamcampus/course-catalog-service/internal/handler/semester_status_handler.go:448.2,449.16 2 0
github.com/baaaki/mydreamcampus/course-catalog-service/internal/handler/semester_status_handler.go:449.16,453.3 3 0
github.com/baaaki/mydreamcampus/course-catalog-service/internal/handler/semester_status_handler.go:456.2,456.33 1 0
github.com/baaaki/mydreamcampus/course-catalog-service/internal/handler/semester_status_handler.go:456.33,459.17 3 0
github.com/baaaki/mydreamcampus/course-catalog-service/internal/handler/semester_status_handler.go:459.17,463.4 3 0
github.com/baaaki/mydreamcampus/course-catalog-service/internal/handler/semester_status_handler.go:465.3,470.17 2 0
github.com/baaaki/mydreamcampus/course-catalog-service/internal/handler/semester_status_handler.go:470.17,475.4 3 0
github.com/baaaki/mydreamcampus/course-catalog-service/internal/handler/semester_status_handler.go:479.2,479.39 1 0
github.com/baaaki/mydreamcampus/course-catalog-service/internal/handler/semester_status_handler.go:479.39,483.3 3 0
github.com/baaaki/mydreamcampus/course-catalog-service/internal/handler/semester_status_handler.go:485.2,487.26 2 0
github.com/baaaki/mydreamcampus/course-catalog-service/internal/handler/semester_status_handler.go:487.26,500.3 1 0
github.com/baaaki/mydreamcampus/course-catalog-service/internal/handler/semester_status_handler.go:502.2,506.29 2 0
github.com/baaaki/mydreamcampus/course-catalog-service/internal/handler/semester_status_handler.go:510.102,544.2 7 2
github.com/baaaki/mydreamcampus/course-catalog-service/internal/handler/semester_status_handler.go:547.66,554.16 3 0
github.com/baaaki/mydreamcampus/course-catalog-service/internal/handler/semester_status_handler.go:554.16,557.3 2 0
github.com/baaaki/mydreamcampus/course-catalog-service/internal/handler/semester_status_handler.go:559.2,560.16 2 0
github.com/baaaki/mydreamcampus/course-catalog-service/internal/handler/semester_status_handler.go:560.16,567.3 3 0
github.com/baaaki/mydreamcampus/course-catalog-service/internal/handler/semester_status_handler.go:569.2,571.26 2 0
github.com/baaaki/mydreamcampus/course-catalog-service/internal/handler/semester_status_handler.go:571.26,582.3 1 0
github.com/baaaki/mydreamcampus/course-catalog-service/internal/handler/semester_status_handler.go:584.2,585.29 2 0
github.com/baaaki/mydreamcampus/course-catalog-service/internal/handler/semester_status_handler.go:590.65,594.16 3 0
github.com/baaaki/mydreamcampus/course-catalog-service/internal/handler/semester_status_handler.go:594.16,597.3 2 0
github.com/baaaki/mydreamcampus/course-catalog-service/internal/handler/semester_status_handler.go:599.2,604.4 1 0
github.com/baaaki/mydreamcampus/course-catalog-service/internal/handler/semester_status_handler.go:608.66,612.16 3 0
github.com/baaaki/mydreamcampus/course-catalog-service/internal/handler/semester_status_handler.go:612.16,615.3 2 0
github.com/baaaki/mydreamcampus/course-catalog-service/internal/handler/semester_status_handler.go:617.2,617.48 1 0
github.com/baaaki/mydreamcampus/course-catalog-service/internal/handler/semester_status_handler.go:620.57,630.25 2 0
github.com/baaaki/mydreamcampus/course-catalog-service/internal/handler/semester_status_handler.go:630.25,633.3 2 0
github.com/baaaki/mydreamcampus/course-catalog-service/internal/handler/semester_status_handler.go:634.2,634.25 1 0
github.com/baaaki/mydreamcampus/course-catalog-service/internal/handler/semester_status_handler.go:634.25,637.3 2 0
github.com/baaaki/mydreamcampus/course-catalog-service/internal/handler/semester_status_handler.go:639.2,639.13 1 0
github.com/baaaki/mydreamcampus/course-catalog-service/internal/handler/semester_status_handler.go:642.40,644.28 2 0
github.com/baaaki/mydreamcampus/course-catalog-service/internal/handler/semester_status_handler.go:644.28,646.3 1 0
github.com/baaaki/mydreamcampus/course-catalog-service/internal/handler/semester_status_handler.go:647.2,647.14 1 0
github.com/baaaki/mydreamcampus/course-catalog-service/internal/handler/semester_status_handler.go:651.40,653.13 2 0
github.com/baaaki/mydreamcampus/course-catalog-service/internal/handler/semester_status_handler.go:653.13,655.3 1 0
github.com/baaaki/mydreamcampus/course-catalog-service/internal/handler/semester_status_handler.go:656.2,656.35 1 0
github.com/baaaki/mydreamcampus/course-catalog-service/internal/handler/semester_status_handler.go:656.35,658.3 1 0
github.com/baaaki/mydreamcampus/course-catalog-service/internal/handler/semester_status_handler.go:659.2,659.35 1 0
github.com/baaaki/mydreamcampus/course-catalog-service/internal/handler/semester_status_handler.go:663.71,670.16 3 0
github.com/baaaki/mydreamcampus/course-catalog-service/internal/handler/semester_status_handler.go:670.16,673.3 2 0
github.com/baaaki/mydreamcampus/course-catalog-service/internal/handler/semester_status_handler.go:675.2,680.16 4 0
github.com/baaaki/mydreamcampus/course-catalog-service/internal/handler/semester_status_handler.go:680.16,683.3 2 0
github.com/baaaki/mydreamcampus/course-catalog-service/internal/handler/semester_status_handler.go:685.2,685.49 1 0
github.com/baaaki/mydreamcampus/course-catalog-service/internal/handler/semester_status_handler.go:685.49,691.3 2 0
github.com/baaaki/mydreamcampus/course-catalog-service/internal/handler/semester_status_handler.go:694.2,695.16 2 0
github.com/baaaki/mydreamcampus/course-catalog-service/internal/handler/semester_status_handler.go:695.16,699.3 3 0
github.com/baaaki/mydreamcampus/course-catalog-service/internal/handler/semester_status_handler.go:700.2,705.80 3 0
github.com/baaaki/mydreamcampus/course-catalog-service/internal/handler/semester_status_handler.go:705.80,709.3 3 0
github.com/baaaki/mydreamcampus/course-catalog-service/internal/handler/semester_status_handler.go:712.2,712.72 1 0
github.com/baaaki/mydreamcampus/course-catalog-service/internal/handler/semester_status_handler.go:712.72,716.3 3 0
github.com/baaaki/mydreamcampus/course-catalog-service/internal/handler/semester_status_handler.go:719.2,719.79 1 0
github.com/baaaki/mydreamcampus/course-catalog-service/internal/handler/semester_status_handler.go:719.79,723.3 3 0
github.com/baaaki/mydreamcampus/course-catalog-service/internal/handler/semester_status_handler.go:725.2,725.39 1 0
github.com/baaaki/mydreamcampus/course-catalog-service/internal/handler/semester_status_handler.go:725.39,729.3 3 0
github.com/baaaki/mydreamcampus/course-catalog-service/internal/handler/semester_status_handler.go:732.2,737.37 2 0
github.com/baaaki/mydreamcampus/course-catalog-service/internal/handler/semester_status_handler.go:737.37,738.20 1 0
github.com/baaaki/mydreamcampus/course-catalog-service/internal/handler/semester_status_handler.go:738.20,739.12 1 0
github.com/baaaki/mydreamcampus/course-catalog-service/internal/handler/semester_status_handler.go:741.3,741.109 1 0
github.com/baaaki/mydreamcampus/course-catalog-service/internal/handler/semester_status_handler.go:741.109,744.4 1 0
github.com/baaaki/mydreamcampus/course-catalog-service/internal/handler/semester_status_handler.go:748.2,748.30 1 0
github.com/baaaki/mydreamcampus/course-catalog-service/internal/handler/semester_status_handler.go:748.30,749.134 1 0
github.com/baaaki/mydreamcampus/course-catalog-service/internal/handler/semester_status_handler.go:749.134,751.4 1 0
github.com/baaaki/mydreamcampus/course-catalog-service/internal/handler/semester_status_handler.go:755.2,755.26 1 0
github.com/baaaki/mydreamcampus/course-catalog-service/internal/handler/semester_status_handler.go:755.26,766.3 1 0
github.com/baaaki/mydreamcampus/course-catalog-service/internal/handler/semester_status_handler.go:768.2,769.32 2 0
github.com/baaaki/mydreamcampus/course-catalog-service/internal/handler/semester_status_handler.go:773.71,780.16 3 0
github.com/baaaki/mydreamcampus/course-catalog-service/internal/handler/semester_status_handler.go:780.16,783.3 2 0
github.com/baaaki/mydreamcampus/course-catalog-service/internal/handler/semester_status_handler.go:785.2,786.47 2 0
github.com/baaaki/mydreamcampus/course-catalog-service/internal/handler/semester_status_handler.go:786.47,789.3 2 0
github.com/baaaki/mydreamcampus/course-catalog-service/internal/handler/semester_status_handler.go:791.2,796.16 4 0
github.com/baaaki/mydreamcampus/course-catalog-service/internal/handler/semester_status_handler.go:796.16,799.3 2 0
github.com/baaaki/mydreamcampus/course-catalog-service/internal/handler/semester_status_handler.go:801.2,801.49 1 0
github.com/baaaki/mydreamcampus/course-catalog-service/internal/handler/semester_status_handler.go:801.49,807.3 2 0
github.com/baaaki/mydreamcampus/course-catalog-service/internal/handler/semester_status_handler.go:810.2,810.41 1 0
github.com/baaaki/mydreamcampus/course-catalog-service/internal/handler/semester_status_handler.go:810.41,816.3 2 0
github.com/baaaki/mydreamcampus/course-catalog-service/internal/handler/semester_status_handler.go:819.2,823.16 2 0
github.com/baaaki/mydreamcampus/course-catalog-service/internal/handler/semester_status_handler.go:823.16,827.3 3 0
github.com/baaaki/mydreamcampus/course-catalog-service/internal/handler/semester_status_handler.go:829.2,832.24 2 0
github.com/baaaki/mydreamcampus/course-catalog-service/internal/handler/semester_status_handler.go:832.24,834.33 1 0
github.com/baaaki/mydreamcampus/course-catalog-service/internal/handler/semester_status_handler.go:834.33,835.55 1 0
github.com/baaaki/mydreamcampus/course-catalog-service/internal/handler/semester_status_handler.go:835.55,837.5 1 0
github.com/baaaki/mydreamcampus/course-catalog-service/internal/handler/semester_status_handler.go:837.10,839.19 2 0
github.com/baaaki/mydreamcampus/course-catalog-service/internal/handler/semester_status_handler.go:839.19,841.6 1 0
github.com/baaaki/mydreamcampus/course-catalog-service/internal/handler/semester_status_handler.go:846.3,857.29 3 0
github.com/baaaki/mydreamcampus/course-catalog-service/internal/handler/semester_status_handler.go:857.29,858.19 1 0
github.com/baaaki/mydreamcampus/course-catalog-service/internal/handler/semester_status_handler.go:858.19,859.13 1 0
github.com/baaaki/mydreamcampus/course-catalog-service/internal/handler/semester_status_handler.go:861.4,861.40 1 0
github.com/baaaki/mydreamcampus/course-catalog-service/internal/handler/semester_status_handler.go:861.40,863.13 2 0
github.com/baaaki/mydreamcampus/course-catalog-service/internal/handler/semester_status_handler.go:865.4,865.80 1 0
github.com/baaaki/mydreamcampus/course-catalog-service/internal/handler/semester_status_handler.go:865.80,867.5 1 0
github.com/baaaki/mydreamcampus/course-catalog-service/internal/handler/semester_status_handler.go:872.2,872.29 1 0
github.com/baaaki/mydreamcampus/course-catalog-service/internal/handler/semester_status_handler.go:872.29,873.86 1 0
github.com/baaaki/mydreamcampus/course-catalog-service/internal/handler/semester_status_handler.go:873.86,875.4 1 0
github.com/baaaki/mydreamcampus/course-catalog-service/internal/handler/semester_status_handler.go:879.2,879.26 1 0
github.com/baaaki/mydreamcampus/course-catalog-service/internal/handler/semester_status_handler.go:879.26,891.3 1 0
github.com/baaaki/mydreamcampus/course-catalog-service/internal/handler/semester_status_handler.go:893.2,896.27 3 0
github.com/baaaki/mydreamcampus/course-catalog-service/internal/handler/semester_status_handler.go:896.27,902.3 2 0
github.com/baaaki/mydreamcampus/course-catalog-service/internal/handler/semester_status_handler.go:904.2,904.29 1 0
github.com/baaaki/mydreamcampus/course-catalog-service/internal/handler/semester_status_handler.go:914.126,915.19 1 0
github.com/baaaki/mydreamcampus/course-catalog-service/internal/handler/semester_status_handler.go:915.19,917.3 1 0
github.com/baaaki/mydreamcampus/course-catalog-service/internal/handler/semester_status_handler.go:919.2,925.16 3 0
github.com/baaaki/mydreamcampus/course-catalog-service/internal/handler/semester_status_handler.go:925.16,927.3 1 0
github.com/baaaki/mydreamcampus/course-catalog-service/internal/handler/semester_status_handler.go:929.2,931.16 3 0
github.com/baaaki/mydreamcampus/course-catalog-service/internal/handler/semester_status_handler.go:931.16,933.3 1 0
github.com/baaaki/mydreamcampus/course-catalog-service/internal/handler/semester_status_handler.go:934.2,935.28 2 0
github.com/baaaki/mydreamcampus/course-catalog-service/internal/handler/semester_status_handler.go:935.28,937.3 1 0
github.com/baaaki/mydreamcampus/course-catalog-service/internal/handler/semester_status_handler.go:939.2,941.16 3 0
github.com/baaaki/mydreamcampus/course-catalog-service/internal/handler/semester_status_handler.go:941.16,943.3 1 0
github.com/baaaki/mydreamcampus/course-catalog-service/internal/handler/semester_status_handler.go:944.2,946.28 2 0
github.com/baaaki/mydreamcampus/course-catalog-service/internal/handler/semester_status_handler.go:946.28,949.3 2 0
github.com/baaaki/mydreamcampus/course-catalog-service/internal/handler/semester_status_handler.go:950.2,950.12 1 0
github.com/baaaki/mydreamcampus/course-catalog-service/internal/handler/semester_status_handler.go:954.129,955.30 1 0
github.com/baaaki/mydreamcampus/course-catalog-service/internal/handler/semester_status_handler.go:955.30,957.3 1 0
github.com/baaaki/mydreamcampus/course-catalog-service/internal/handler/semester_status_handler.go:959.2,964.16 3 0
github.com/baaaki/mydreamcampus/course-catalog-service/internal/handler/semester_status_handler.go:964.16,966.3 1 0
github.com/baaaki/mydreamcampus/course-catalog-service/internal/handler/semester_status_handler.go:968.2,970.16 3 0
github.com/baaaki/mydreamcampus/course-catalog-service/internal/handler/semester_status_handler.go:970.16,972.3 1 0
github.com/baaaki/mydreamcampus/course-catalog-service/internal/handler/semester_status_handler.go:973.2,974.28 2 0
github.com/baaaki/mydreamcampus/course-catalog-service/internal/handler/semester_status_handler.go:974.28,976.3 1 0
github.com/baaaki/mydreamcampus/course-catalog-service/internal/handler/semester_status_handler.go:978.2,980.16 3 0
github.com/baaaki/mydreamcampus/course-catalog-service/internal/handler/semester_status_handler.go:980.16,982.3 1 0
github.com/baaaki/mydreamcampus/course-catalog-service/internal/handler/semester_status_handler.go:983.2,985.28 2 0
github.com/baaaki/mydreamcampus/course-catalog-service/internal/handler/semester_status_handler.go:985.28,988.3 2 0
github.com/baaaki/mydreamcampus/course-catalog-service/internal/handler/semester_status_handler.go:989.2,989.12 1 0
github.com/baaaki/mydreamcampus/course-catalog-service/internal/handler/semester_status_handler.go:993.93,995.16 2 0
github.com/baaaki/mydreamcampus/course-catalog-service/internal/handler/semester_status_handler.go:995.16,997.3 1 0
github.com/baaaki/mydreamcampus/course-catalog-service/internal/handler/semester_status_handler.go:998.2,998.28 1 0
github.com/baaaki/mydreamcampus/course-catalog-service/internal/handler/semester_status_handler.go:998.28,1000.3 1 0
github.com/baaaki/mydreamcampus/course-catalog-service/internal/handler/semester_status_handler.go:1002.2,1004.16 3 0
github.com/baaaki/mydreamcampus/course-catalog-service/internal/handler/semester_status_handler.go:1004.16,1006.3 1 0
github.com/baaaki/mydreamcampus/course-catalog-service/internal/handler/semester_status_handler.go:1007.2,1009.28 2 0
github.com/baaaki/mydreamcampus/course-catalog-service/internal/handler/semester_status_handler.go:1009.28,1012.3 2 0
github.com/baaaki/mydreamcampus/course-catalog-service/internal/handler/semester_status_handler.go:1013.2,1013.12 1 0
