mode: atomic
github.com/baaaki/mydreamcampus/payment-service/cmd/main.go:19.13,22.16 2 0
github.com/baaaki/mydreamcampus/payment-service/cmd/main.go:22.16,23.55 1 0
github.com/baaaki/mydreamcampus/payment-service/cmd/main.go:27.2,38.16 6 0
github.com/baaaki/mydreamcampus/payment-service/cmd/main.go:38.16,40.3 1 0
github.com/baaaki/mydreamcampus/payment-service/cmd/main.go:43.2,53.12 5 0
github.com/baaaki/mydreamcampus/payment-service/cmd/main.go:53.12,55.47 2 0
github.com/baaaki/mydreamcampus/payment-service/cmd/main.go:55.47,57.4 1 0
github.com/baaaki/mydreamcampus/payment-service/cmd/main.go:61.2,70.27 6 0
github.com/baaaki/mydreamcampus/payment-service/config/config.go:21.30,46.39 10 0
github.com/baaaki/mydreamcampus/payment-service/config/config.go:46.39,48.3 1 0
github.com/baaaki/mydreamcampus/payment-service/config/config.go:50.2,50.17 1 0
github.com/baaaki/mydreamcampus/payment-service/config/config.go:54.35,55.25 1 0
github.com/baaaki/mydreamcampus/payment-service/config/config.go:55.25,57.3 1 0
github.com/baaaki/mydreamcampus/payment-service/config/config.go:58.2,58.12 1 0
github.com/baaaki/mydreamcampus/payment-service/proto/payment.pb.go:36.42,41.2 4 0
github.com/baaaki/mydreamcampus/payment-service/proto/payment.pb.go:43.50,45.2 1 0
github.com/baaaki/mydreamcampus/payment-service/proto/payment.pb.go:47.48,47.49 0 0
github.com/baaaki/mydreamcampus/payment-service/proto/payment.pb.go:49.70,51.14 2 0
github.com/baaaki/mydreamcampus/payment-service/proto/payment.pb.go:51.14,53.34 2 0
github.com/baaaki/mydreamcampus/payment-service/proto/payment.pb.go:53.34,55.4 1 0
github.com/baaaki/mydreamcampus/payment-service/proto/payment.pb.go:56.3,56.12 1 0
github.com/baaaki/mydreamcampus/payment-service/proto/payment.pb.go:58.2,58.24 1 0
github.com/baaaki/mydreamcampus/payment-service/proto/payment.pb.go:62.61,64.2 1 0
github.com/baaaki/mydreamcampus/payment-service/proto/payment.pb.go:66.58,67.14 1 0
github.com/baaaki/mydreamcampus/payment-service/proto/payment.pb.go:67.14,69.3 1 0
github.com/baaaki/mydreamcampus/payment-service/proto/payment.pb.go:70.2,70.11 1 0
github.com/baaaki/mydreamcampus/payment-service/proto/payment.pb.go:73.54,74.14 1 0
github.com/baaaki/mydreamcampus/payment-service/proto/payment.pb.go:74.14,76.3 1 0
github.com/baaaki/mydreamcampus/payment-service/proto/payment.pb.go:77.2,77.10 1 0
github.com/baaaki/mydreamcampus/payment-service/proto/payment.pb.go:80.55,81.14 1 0
github.com/baaaki/mydreamcampus/payment-service/proto/payment.pb.go:81.14,83.3 1 0
github.com/baaaki/mydreamcampus/payment-service/proto/payment.pb.go:84.2,84.11 1 0
github.com/baaaki/mydreamcampus/payment-service/proto/payment.pb.go:87.58,88.14 1 0
github.com/baaaki/mydreamcampus/payment-service/proto/payment.pb.go:88.14,90.3 1 0
github.com/baaaki/mydreamcampus/payment-service/proto/payment.pb.go:91.2,91.11 1 0
github.com/baaaki/mydreamcampus/payment-service/proto/payment.pb.go:94.56,95.14 1 0
github.com/baaaki/mydreamcampus/payment-service/proto/payment.pb.go:95.14,97.3 1 0
github.com/baaaki/mydreamcampus/payment-service/proto/payment.pb.go:98.2,98.11 1 0
github.com/baaaki/mydreamcampus/payment-service/proto/payment.pb.go:115.43,120.2 4 0
github.com/baaaki/mydreamcampus/payment-service/proto/payment.pb.go:122.51,124.2 1 0
github.com/baaaki/mydreamcampus/payment-service/proto/payment.pb.go:126.49,126.50 0 0
github.com/baaaki/mydreamcampus/payment-service/proto/payment.pb.go:128.71,130.14 2 0
github.com/baaaki/mydreamcampus/payment-service/proto/payment.pb.go:130.14,132.34 2 0
github.com/baaaki/mydreamcampus/payment-service/proto/payment.pb.go:132.34,134.4 1 0
github.com/baaaki/mydreamcampus/payment-service/proto/payment.pb.go:135.3,135.12 1 0
github.com/baaaki/mydreamcampus/payment-service/proto/payment.pb.go:137.2,137.24 1 0
github.com/baaaki/mydreamcampus/payment-service/proto/payment.pb.go:141.62,143.2 1 0
github.com/baaaki/mydreamcampus/payment-service/proto/payment.pb.go:145.53,146.14 1 0
github.com/baaaki/mydreamcampus/payment-service/proto/payment.pb.go:146.14,148.3 1 0
github.com/baaaki/mydreamcampus/payment-service/proto/payment.pb.go:149.2,149.14 1 0
github.com/baaaki/mydreamcampus/payment-service/proto/payment.pb.go:152.57,153.14 1 0
github.com/baaaki/mydreamcampus/payment-service/proto/payment.pb.go:153.14,155.3 1 0
github.com/baaaki/mydreamcampus/payment-service/proto/payment.pb.go:156.2,156.11 1 0
github.com/baaaki/mydreamcampus/payment-service/proto/payment.pb.go:159.58,160.14 1 0
github.com/baaaki/mydreamcampus/payment-service/proto/payment.pb.go:160.14,162.3 1 0
github.com/baaaki/mydreamcampus/payment-service/proto/payment.pb.go:163.2,163.11 1 0
github.com/baaaki/mydreamcampus/payment-service/proto/payment.pb.go:166.55,167.14 1 0
github.com/baaaki/mydreamcampus/payment-service/proto/payment.pb.go:167.14,169.3 1 0
github.com/baaaki/mydreamcampus/payment-service/proto/payment.pb.go:170.2,170.10 1 0
github.com/baaaki/mydreamcampus/payment-service/proto/payment.pb.go:173.56,174.14 1 0
github.com/baaaki/mydreamcampus/payment-service/proto/payment.pb.go:174.14,176.3 1 0
github.com/baaaki/mydreamcampus/payment-service/proto/payment.pb.go:177.2,177.11 1 0
github.com/baaaki/mydreamcampus/payment-service/proto/payment.pb.go:180.57,181.14 1 0
github.com/baaaki/mydreamcampus/payment-service/proto/payment.pb.go:181.14,183.3 1 0
github.com/baaaki/mydreamcampus/payment-service/proto/payment.pb.go:184.2,184.11 1 0
github.com/baaaki/mydreamcampus/payment-service/proto/payment.pb.go:187.60,188.14 1 0
github.com/baaaki/mydreamcampus/payment-service/proto/payment.pb.go:188.14,190.3 1 0
github.com/baaaki/mydreamcampus/payment-service/proto/payment.pb.go:191.2,191.11 1 0
github.com/baaaki/mydreamcampus/payment-service/proto/payment.pb.go:205.33,210.2 4 0
github.com/baaaki/mydreamcampus/payment-service/proto/payment.pb.go:212.41,214.2 1 0
github.com/baaaki/mydreamcampus/payment-service/proto/payment.pb.go:216.39,216.40 0 0
github.com/baaaki/mydreamcampus/payment-service/proto/payment.pb.go:218.61,220.14 2 0
github.com/baaaki/mydreamcampus/payment-service/proto/payment.pb.go:220.14,222.34 2 0
github.com/baaaki/mydreamcampus/payment-service/proto/payment.pb.go:222.34,224.4 1 0
github.com/baaaki/mydreamcampus/payment-service/proto/payment.pb.go:225.3,225.12 1 0
github.com/baaaki/mydreamcampus/payment-service/proto/payment.pb.go:227.2,227.24 1 0
github.com/baaaki/mydreamcampus/payment-service/proto/payment.pb.go:231.52,233.2 1 0
github.com/baaaki/mydreamcampus/payment-service/proto/payment.pb.go:235.49,236.14 1 0
github.com/baaaki/mydreamcampus/payment-service/proto/payment.pb.go:236.14,238.3 1 0
github.com/baaaki/mydreamcampus/payment-service/proto/payment.pb.go:239.2,239.11 1 0
github.com/baaaki/mydreamcampus/payment-service/proto/payment.pb.go:242.45,243.14 1 0
github.com/baaaki/mydreamcampus/payment-service/proto/payment.pb.go:243.14,245.3 1 0
github.com/baaaki/mydreamcampus/payment-service/proto/payment.pb.go:246.2,246.10 1 0
github.com/baaaki/mydreamcampus/payment-service/proto/payment.pb.go:249.46,250.14 1 0
github.com/baaaki/mydreamcampus/payment-service/proto/payment.pb.go:250.14,252.3 1 0
github.com/baaaki/mydreamcampus/payment-service/proto/payment.pb.go:253.2,253.11 1 0
github.com/baaaki/mydreamcampus/payment-service/proto/payment.pb.go:256.44,257.14 1 0
github.com/baaaki/mydreamcampus/payment-service/proto/payment.pb.go:257.14,259.3 1 0
github.com/baaaki/mydreamcampus/payment-service/proto/payment.pb.go:260.2,260.11 1 0
github.com/baaaki/mydreamcampus/payment-service/proto/payment.pb.go:276.34,281.2 4 0
github.com/baaaki/mydreamcampus/payment-service/proto/payment.pb.go:283.42,285.2 1 0
github.com/baaaki/mydreamcampus/payment-service/proto/payment.pb.go:287.40,287.41 0 0
github.com/baaaki/mydreamcampus/payment-service/proto/payment.pb.go:289.62,291.14 2 0
github.com/baaaki/mydreamcampus/payment-service/proto/payment.pb.go:291.14,293.34 2 0
github.com/baaaki/mydreamcampus/payment-service/proto/payment.pb.go:293.34,295.4 1 0
github.com/baaaki/mydreamcampus/payment-service/proto/payment.pb.go:296.3,296.12 1 0
github.com/baaaki/mydreamcampus/payment-service/proto/payment.pb.go:298.2,298.24 1 0
github.com/baaaki/mydreamcampus/payment-service/proto/payment.pb.go:302.53,304.2 1 0
github.com/baaaki/mydreamcampus/payment-service/proto/payment.pb.go:306.44,307.14 1 0
github.com/baaaki/mydreamcampus/payment-service/proto/payment.pb.go:307.14,309.3 1 0
github.com/baaaki/mydreamcampus/payment-service/proto/payment.pb.go:310.2,310.14 1 0
github.com/baaaki/mydreamcampus/payment-service/proto/payment.pb.go:313.47,314.14 1 0
github.com/baaaki/mydreamcampus/payment-service/proto/payment.pb.go:314.14,316.3 1 0
github.com/baaaki/mydreamcampus/payment-service/proto/payment.pb.go:317.2,317.11 1 0
github.com/baaaki/mydreamcampus/payment-service/proto/payment.pb.go:320.46,321.14 1 0
github.com/baaaki/mydreamcampus/payment-service/proto/payment.pb.go:321.14,323.3 1 0
github.com/baaaki/mydreamcampus/payment-service/proto/payment.pb.go:324.2,324.10 1 0
github.com/baaaki/mydreamcampus/payment-service/proto/payment.pb.go:327.47,328.14 1 0
github.com/baaaki/mydreamcampus/payment-service/proto/payment.pb.go:328.14,330.3 1 0
github.com/baaaki/mydreamcampus/payment-service/proto/payment.pb.go:331.2,331.11 1 0
github.com/baaaki/mydreamcampus/payment-service/proto/payment.pb.go:334.45,335.14 1 0
github.com/baaaki/mydreamcampus/payment-service/proto/payment.pb.go:335.14,337.3 1 0
github.com/baaaki/mydreamcampus/payment-service/proto/payment.pb.go:338.2,338.11 1 0
github.com/baaaki/mydreamcampus/payment-service/proto/payment.pb.go:341.46,342.14 1 0
github.com/baaaki/mydreamcampus/payment-service/proto/payment.pb.go:342.14,344.3 1 0
github.com/baaaki/mydreamcampus/payment-service/proto/payment.pb.go:345.2,345.11 1 0
github.com/baaaki/mydreamcampus/payment-service/proto/payment.pb.go:392.52,393.49 1 0
github.com/baaaki/mydreamcampus/payment-service/proto/payment.pb.go:393.49,395.3 1 0
github.com/baaaki/mydreamcampus/payment-service/proto/payment.pb.go:396.2,396.45 1 0
github.com/baaaki/mydreamcampus/payment-service/proto/payment.pb.go:418.13,418.48 1 0
github.com/baaaki/mydreamcampus/payment-service/proto/payment.pb.go:419.38,420.37 1 0
github.com/baaaki/mydreamcampus/payment-service/proto/payment.pb.go:420.37,422.3 1 0
github.com/baaaki/mydreamcampus/payment-service/proto/payment.pb.go:423.2,439.40 5 0
github.com/baaaki/mydreamcampus/payment-service/proto/payment_grpc.pb.go:42.80,44.2 1 0
github.com/baaaki/mydreamcampus/payment-service/proto/payment_grpc.pb.go:46.156,50.16 4 0
github.com/baaaki/mydreamcampus/payment-service/proto/payment_grpc.pb.go:50.16,52.3 1 0
github.com/baaaki/mydreamcampus/payment-service/proto/payment_grpc.pb.go:53.2,53.17 1 0
github.com/baaaki/mydreamcampus/payment-service/proto/payment_grpc.pb.go:56.136,60.16 4 0
github.com/baaaki/mydreamcampus/payment-service/proto/payment_grpc.pb.go:60.16,62.3 1 0
github.com/baaaki/mydreamcampus/payment-service/proto/payment_grpc.pb.go:63.2,63.17 1 0
github.com/baaaki/mydreamcampus/payment-service/proto/payment_grpc.pb.go:86.134,88.2 1 0
github.com/baaaki/mydreamcampus/payment-service/proto/payment_grpc.pb.go:89.114,91.2 1 0
github.com/baaaki/mydreamcampus/payment-service/proto/payment_grpc.pb.go:92.88,92.89 0 0
github.com/baaaki/mydreamcampus/payment-service/proto/payment_grpc.pb.go:93.88,93.89 0 0
github.com/baaaki/mydreamcampus/payment-service/proto/payment_grpc.pb.go:102.86,107.59 1 0
github.com/baaaki/mydreamcampus/payment-service/proto/payment_grpc.pb.go:107.59,109.3 1 0
github.com/baaaki/mydreamcampus/payment-service/proto/payment_grpc.pb.go:110.2,110.53 1 0
github.com/baaaki/mydreamcampus/payment-service/proto/payment_grpc.pb.go:113.175,115.32 2 0
github.com/baaaki/mydreamcampus/payment-service/proto/payment_grpc.pb.go:115.32,117.3 1 0
github.com/baaaki/mydreamcampus/payment-service/proto/payment_grpc.pb.go:118.2,118.24 1 0
github.com/baaaki/mydreamcampus/payment-service/proto/payment_grpc.pb.go:118.24,120.3 1 0
github.com/baaaki/mydreamcampus/payment-service/proto/payment_grpc.pb.go:121.2,125.77 2 0
github.com/baaaki/mydreamcampus/payment-service/proto/payment_grpc.pb.go:125.77,127.3 1 0
github.com/baaaki/mydreamcampus/payment-service/proto/payment_grpc.pb.go:128.2,128.44 1 0
github.com/baaaki/mydreamcampus/payment-service/proto/payment_grpc.pb.go:131.173,133.32 2 0
github.com/baaaki/mydreamcampus/payment-service/proto/payment_grpc.pb.go:133.32,135.3 1 0
github.com/baaaki/mydreamcampus/payment-service/proto/payment_grpc.pb.go:136.2,136.24 1 0
github.com/baaaki/mydreamcampus/payment-service/proto/payment_grpc.pb.go:136.24,138.3 1 0
github.com/baaaki/mydreamcampus/payment-service/proto/payment_grpc.pb.go:139.2,143.77 2 0
github.com/baaaki/mydreamcampus/payment-service/proto/payment_grpc.pb.go:143.77,145.3 1 0
github.com/baaaki/mydreamcampus/payment-service/proto/payment_grpc.pb.go:146.2,146.44 1 0
github.com/baaaki/mydreamcampus/payment-service/internal/server/server.go:22.58,26.2 1 5
github.com/baaaki/mydreamcampus/payment-service/internal/server/server.go:30.131,61.2 6 52
github.com/baaaki/mydreamcampus/payment-service/internal/server/server.go:65.111,88.2 4 2
