mode: atomic
github.com/baaaki/mydreamcampus/meal-service/internal/db/cafeterias.sql.go:28.102,48.2 4 0
github.com/baaaki/mydreamcampus/meal-service/internal/db/cafeterias.sql.go:57.97,61.2 3 0
github.com/baaaki/mydreamcampus/meal-service/internal/db/cafeterias.sql.go:70.81,72.16 2 0
github.com/baaaki/mydreamcampus/meal-service/internal/db/cafeterias.sql.go:72.16,74.3 1 0
github.com/baaaki/mydreamcampus/meal-service/internal/db/cafeterias.sql.go:75.2,77.18 3 0
github.com/baaaki/mydreamcampus/meal-service/internal/db/cafeterias.sql.go:77.18,88.17 2 0
github.com/baaaki/mydreamcampus/meal-service/internal/db/cafeterias.sql.go:88.17,90.4 1 0
github.com/baaaki/mydreamcampus/meal-service/internal/db/cafeterias.sql.go:91.3,91.27 1 0
github.com/baaaki/mydreamcampus/meal-service/internal/db/cafeterias.sql.go:93.2,93.35 1 0
github.com/baaaki/mydreamcampus/meal-service/internal/db/cafeterias.sql.go:93.35,95.3 1 0
github.com/baaaki/mydreamcampus/meal-service/internal/db/cafeterias.sql.go:96.2,96.19 1 0
github.com/baaaki/mydreamcampus/meal-service/internal/db/cafeterias.sql.go:105.78,107.16 2 0
github.com/baaaki/mydreamcampus/meal-service/internal/db/cafeterias.sql.go:107.16,109.3 1 0
github.com/baaaki/mydreamcampus/meal-service/internal/db/cafeterias.sql.go:110.2,112.18 3 0
github.com/baaaki/mydreamcampus/meal-service/internal/db/cafeterias.sql.go:112.18,123.17 2 0
github.com/baaaki/mydreamcampus/meal-service/internal/db/cafeterias.sql.go:123.17,125.4 1 0
github.com/baaaki/mydreamcampus/meal-service/internal/db/cafeterias.sql.go:126.3,126.27 1 0
github.com/baaaki/mydreamcampus/meal-service/internal/db/cafeterias.sql.go:128.2,128.35 1 0
github.com/baaaki/mydreamcampus/meal-service/internal/db/cafeterias.sql.go:128.35,130.3 1 0
github.com/baaaki/mydreamcampus/meal-service/internal/db/cafeterias.sql.go:131.2,131.19 1 0
github.com/baaaki/mydreamcampus/meal-service/internal/db/cafeterias.sql.go:140.92,154.2 4 0
github.com/baaaki/mydreamcampus/meal-service/internal/db/cafeterias.sql.go:172.102,193.2 4 0
github.com/baaaki/mydreamcampus/meal-service/internal/db/closed_days.sql.go:26.102,37.2 4 0
github.com/baaaki/mydreamcampus/meal-service/internal/db/closed_days.sql.go:43.78,46.2 2 0
github.com/baaaki/mydreamcampus/meal-service/internal/db/closed_days.sql.go:52.95,55.2 2 0
github.com/baaaki/mydreamcampus/meal-service/internal/db/closed_days.sql.go:68.122,70.16 2 0
github.com/baaaki/mydreamcampus/meal-service/internal/db/closed_days.sql.go:70.16,72.3 1 0
github.com/baaaki/mydreamcampus/meal-service/internal/db/closed_days.sql.go:73.2,75.18 3 0
github.com/baaaki/mydreamcampus/meal-service/internal/db/closed_days.sql.go:75.18,83.17 2 0
github.com/baaaki/mydreamcampus/meal-service/internal/db/closed_days.sql.go:83.17,85.4 1 0
github.com/baaaki/mydreamcampus/meal-service/internal/db/closed_days.sql.go:86.3,86.27 1 0
github.com/baaaki/mydreamcampus/meal-service/internal/db/closed_days.sql.go:88.2,88.35 1 0
github.com/baaaki/mydreamcampus/meal-service/internal/db/closed_days.sql.go:88.35,90.3 1 0
github.com/baaaki/mydreamcampus/meal-service/internal/db/closed_days.sql.go:91.2,91.19 1 0
github.com/baaaki/mydreamcampus/meal-service/internal/db/closed_days.sql.go:100.85,105.2 4 0
github.com/baaaki/mydreamcampus/meal-service/internal/db/closed_days.sql.go:119.102,121.16 2 0
github.com/baaaki/mydreamcampus/meal-service/internal/db/closed_days.sql.go:121.16,123.3 1 0
github.com/baaaki/mydreamcampus/meal-service/internal/db/closed_days.sql.go:124.2,126.18 3 0
github.com/baaaki/mydreamcampus/meal-service/internal/db/closed_days.sql.go:126.18,134.17 2 0
github.com/baaaki/mydreamcampus/meal-service/internal/db/closed_days.sql.go:134.17,136.4 1 0
github.com/baaaki/mydreamcampus/meal-service/internal/db/closed_days.sql.go:137.3,137.27 1 0
github.com/baaaki/mydreamcampus/meal-service/internal/db/closed_days.sql.go:139.2,139.35 1 0
github.com/baaaki/mydreamcampus/meal-service/internal/db/closed_days.sql.go:139.35,141.3 1 0
github.com/baaaki/mydreamcampus/meal-service/internal/db/closed_days.sql.go:142.2,142.19 1 0
github.com/baaaki/mydreamcampus/meal-service/internal/db/db.go:20.28,22.2 1 0
github.com/baaaki/mydreamcampus/meal-service/internal/db/db.go:28.46,32.2 1 0
github.com/baaaki/mydreamcampus/meal-service/internal/db/models.go:21.52,22.25 1 0
github.com/baaaki/mydreamcampus/meal-service/internal/db/models.go:23.14,24.23 1 0
github.com/baaaki/mydreamcampus/meal-service/internal/db/models.go:25.14,26.23 1 0
github.com/baaaki/mydreamcampus/meal-service/internal/db/models.go:27.10,28.71 1 0
github.com/baaaki/mydreamcampus/meal-service/internal/db/models.go:30.2,30.12 1 0
github.com/baaaki/mydreamcampus/meal-service/internal/db/models.go:39.59,40.18 1 0
github.com/baaaki/mydreamcampus/meal-service/internal/db/models.go:40.18,43.3 2 0
github.com/baaaki/mydreamcampus/meal-service/internal/db/models.go:44.2,45.36 2 0
github.com/baaaki/mydreamcampus/meal-service/internal/db/models.go:49.58,50.15 1 0
github.com/baaaki/mydreamcampus/meal-service/internal/db/models.go:50.15,52.3 1 0
github.com/baaaki/mydreamcampus/meal-service/internal/db/models.go:53.2,53.37 1 0
github.com/baaaki/mydreamcampus/meal-service/internal/db/models.go:63.52,64.25 1 0
github.com/baaaki/mydreamcampus/meal-service/internal/db/models.go:65.14,66.23 1 0
github.com/baaaki/mydreamcampus/meal-service/internal/db/models.go:67.14,68.23 1 0
github.com/baaaki/mydreamcampus/meal-service/internal/db/models.go:69.10,70.71 1 0
github.com/baaaki/mydreamcampus/meal-service/internal/db/models.go:72.2,72.12 1 0
github.com/baaaki/mydreamcampus/meal-service/internal/db/models.go:81.59,82.18 1 0
github.com/baaaki/mydreamcampus/meal-service/internal/db/models.go:82.18,85.3 2 0
github.com/baaaki/mydreamcampus/meal-service/internal/db/models.go:86.2,87.36 2 0
github.com/baaaki/mydreamcampus/meal-service/internal/db/models.go:91.58,92.15 1 0
github.com/baaaki/mydreamcampus/meal-service/internal/db/models.go:92.15,94.3 1 0
github.com/baaaki/mydreamcampus/meal-service/internal/db/models.go:95.2,95.37 1 0
github.com/baaaki/mydreamcampus/meal-service/internal/db/models.go:106.56,107.25 1 0
github.com/baaaki/mydreamcampus/meal-service/internal/db/models.go:108.14,109.27 1 0
github.com/baaaki/mydreamcampus/meal-service/internal/db/models.go:110.14,111.27 1 0
github.com/baaaki/mydreamcampus/meal-service/internal/db/models.go:112.10,113.75 1 0
github.com/baaaki/mydreamcampus/meal-service/internal/db/models.go:115.2,115.12 1 0
github.com/baaaki/mydreamcampus/meal-service/internal/db/models.go:124.63,125.18 1 0
github.com/baaaki/mydreamcampus/meal-service/internal/db/models.go:125.18,128.3 2 0
github.com/baaaki/mydreamcampus/meal-service/internal/db/models.go:129.2,130.40 2 0
github.com/baaaki/mydreamcampus/meal-service/internal/db/models.go:134.62,135.15 1 0
github.com/baaaki/mydreamcampus/meal-service/internal/db/models.go:135.15,137.3 1 0
github.com/baaaki/mydreamcampus/meal-service/internal/db/models.go:138.2,138.41 1 0
github.com/baaaki/mydreamcampus/meal-service/internal/db/models.go:150.61,151.25 1 0
github.com/baaaki/mydreamcampus/meal-service/internal/db/models.go:152.14,153.32 1 0
github.com/baaaki/mydreamcampus/meal-service/internal/db/models.go:154.14,155.32 1 0
github.com/baaaki/mydreamcampus/meal-service/internal/db/models.go:156.10,157.80 1 0
github.com/baaaki/mydreamcampus/meal-service/internal/db/models.go:159.2,159.12 1 0
github.com/baaaki/mydreamcampus/meal-service/internal/db/models.go:168.68,169.18 1 0
github.com/baaaki/mydreamcampus/meal-service/internal/db/models.go:169.18,172.3 2 0
github.com/baaaki/mydreamcampus/meal-service/internal/db/models.go:173.2,174.45 2 0
github.com/baaaki/mydreamcampus/meal-service/internal/db/models.go:178.67,179.15 1 0
github.com/baaaki/mydreamcampus/meal-service/internal/db/models.go:179.15,181.3 1 0
github.com/baaaki/mydreamcampus/meal-service/internal/db/models.go:182.2,182.46 1 0
github.com/baaaki/mydreamcampus/meal-service/internal/db/monthly_menus.sql.go:23.102,35.2 4 0
github.com/baaaki/mydreamcampus/meal-service/internal/db/monthly_menus.sql.go:51.108,63.2 4 0
github.com/baaaki/mydreamcampus/meal-service/internal/db/outbox.sql.go:28.108,52.2 4 0
github.com/baaaki/mydreamcampus/meal-service/internal/db/outbox.sql.go:61.85,63.16 2 0
github.com/baaaki/mydreamcampus/meal-service/internal/db/outbox.sql.go:63.16,65.3 1 0
github.com/baaaki/mydreamcampus/meal-service/internal/db/outbox.sql.go:66.2,68.18 3 0
github.com/baaaki/mydreamcampus/meal-service/internal/db/outbox.sql.go:68.18,83.17 2 0
github.com/baaaki/mydreamcampus/meal-service/internal/db/outbox.sql.go:83.17,85.4 1 0
github.com/baaaki/mydreamcampus/meal-service/internal/db/outbox.sql.go:86.3,86.27 1 0
github.com/baaaki/mydreamcampus/meal-service/internal/db/outbox.sql.go:88.2,88.35 1 0
github.com/baaaki/mydreamcampus/meal-service/internal/db/outbox.sql.go:88.35,90.3 1 0
github.com/baaaki/mydreamcampus/meal-service/internal/db/outbox.sql.go:91.2,91.19 1 0
github.com/baaaki/mydreamcampus/meal-service/internal/db/outbox.sql.go:104.99,106.16 2 0
github.com/baaaki/mydreamcampus/meal-service/internal/db/outbox.sql.go:106.16,108.3 1 0
github.com/baaaki/mydreamcampus/meal-service/internal/db/outbox.sql.go:109.2,111.18 3 0
github.com/baaaki/mydreamcampus/meal-service/internal/db/outbox.sql.go:111.18,126.17 2 0
github.com/baaaki/mydreamcampus/meal-service/internal/db/outbox.sql.go:126.17,128.4 1 0
github.com/baaaki/mydreamcampus/meal-service/internal/db/outbox.sql.go:129.3,129.27 1 0
github.com/baaaki/mydreamcampus/meal-service/internal/db/outbox.sql.go:131.2,131.35 1 0
github.com/baaaki/mydreamcampus/meal-service/internal/db/outbox.sql.go:131.35,133.3 1 0
github.com/baaaki/mydreamcampus/meal-service/internal/db/outbox.sql.go:134.2,134.19 1 0
github.com/baaaki/mydreamcampus/meal-service/internal/db/outbox.sql.go:148.101,151.2 2 0
github.com/baaaki/mydreamcampus/meal-service/internal/db/outbox.sql.go:159.87,162.2 2 0
github.com/baaaki/mydreamcampus/meal-service/internal/db/outbox.sql.go:176.103,179.2 2 0
github.com/baaaki/mydreamcampus/meal-service/internal/db/processed_events.sql.go:19.72,22.2 2 0
github.com/baaaki/mydreamcampus/meal-service/internal/db/processed_events.sql.go:35.99,38.2 2 0
github.com/baaaki/mydreamcampus/meal-service/internal/db/processed_events.sql.go:44.92,49.2 4 0
github.com/baaaki/mydreamcampus/meal-service/internal/db/reservations.sql.go:21.95,40.2 4 0
github.com/baaaki/mydreamcampus/meal-service/internal/db/reservations.sql.go:61.132,66.2 4 0
github.com/baaaki/mydreamcampus/meal-service/internal/db/reservations.sql.go:95.161,97.16 2 0
github.com/baaaki/mydreamcampus/meal-service/internal/db/reservations.sql.go:97.16,99.3 1 0
github.com/baaaki/mydreamcampus/meal-service/internal/db/reservations.sql.go:100.2,102.18 3 0
github.com/baaaki/mydreamcampus/meal-service/internal/db/reservations.sql.go:102.18,110.17 2 0
github.com/baaaki/mydreamcampus/meal-service/internal/db/reservations.sql.go:110.17,112.4 1 0
github.com/baaaki/mydreamcampus/meal-service/internal/db/reservations.sql.go:113.3,113.27 1 0
github.com/baaaki/mydreamcampus/meal-service/internal/db/reservations.sql.go:115.2,115.35 1 0
github.com/baaaki/mydreamcampus/meal-service/internal/db/reservations.sql.go:115.35,117.3 1 0
github.com/baaaki/mydreamcampus/meal-service/internal/db/reservations.sql.go:118.2,118.19 1 0
github.com/baaaki/mydreamcampus/meal-service/internal/db/reservations.sql.go:132.86,135.2 2 0
github.com/baaaki/mydreamcampus/meal-service/internal/db/reservations.sql.go:153.132,163.2 4 0
github.com/baaaki/mydreamcampus/meal-service/internal/db/reservations.sql.go:182.108,210.2 4 0
github.com/baaaki/mydreamcampus/meal-service/internal/db/reservations.sql.go:224.85,227.2 2 0
github.com/baaaki/mydreamcampus/meal-service/internal/db/reservations.sql.go:268.126,294.2 4 0
github.com/baaaki/mydreamcampus/meal-service/internal/db/reservations.sql.go:322.106,343.2 4 0
github.com/baaaki/mydreamcampus/meal-service/internal/db/reservations.sql.go:372.123,374.16 2 0
github.com/baaaki/mydreamcampus/meal-service/internal/db/reservations.sql.go:374.16,376.3 1 0
github.com/baaaki/mydreamcampus/meal-service/internal/db/reservations.sql.go:377.2,379.18 3 0
github.com/baaaki/mydreamcampus/meal-service/internal/db/reservations.sql.go:379.18,397.17 2 0
github.com/baaaki/mydreamcampus/meal-service/internal/db/reservations.sql.go:397.17,399.4 1 0
github.com/baaaki/mydreamcampus/meal-service/internal/db/reservations.sql.go:400.3,400.27 1 0
github.com/baaaki/mydreamcampus/meal-service/internal/db/reservations.sql.go:402.2,402.35 1 0
github.com/baaaki/mydreamcampus/meal-service/internal/db/reservations.sql.go:402.35,404.3 1 0
github.com/baaaki/mydreamcampus/meal-service/internal/db/reservations.sql.go:405.2,405.19 1 0
github.com/baaaki/mydreamcampus/meal-service/internal/db/reservations.sql.go:448.158,457.16 2 0
github.com/baaaki/mydreamcampus/meal-service/internal/db/reservations.sql.go:457.16,459.3 1 0
github.com/baaaki/mydreamcampus/meal-service/internal/db/reservations.sql.go:460.2,462.18 3 0
github.com/baaaki/mydreamcampus/meal-service/internal/db/reservations.sql.go:462.18,480.17 2 0
github.com/baaaki/mydreamcampus/meal-service/internal/db/reservations.sql.go:480.17,482.4 1 0
github.com/baaaki/mydreamcampus/meal-service/internal/db/reservations.sql.go:483.3,483.27 1 0
github.com/baaaki/mydreamcampus/meal-service/internal/db/reservations.sql.go:485.2,485.35 1 0
github.com/baaaki/mydreamcampus/meal-service/internal/db/reservations.sql.go:485.35,487.3 1 0
github.com/baaaki/mydreamcampus/meal-service/internal/db/reservations.sql.go:488.2,488.19 1 0
github.com/baaaki/mydreamcampus/meal-service/internal/db/reservations.sql.go:498.97,517.2 4 0
github.com/baaaki/mydreamcampus/meal-service/internal/db/reservations.sql.go:532.116,551.2 4 0
github.com/baaaki/mydreamcampus/meal-service/internal/db/reservations.sql.go:565.113,568.2 2 0
github.com/baaaki/mydreamcampus/meal-service/internal/db/students_cache.sql.go:20.85,23.2 2 0
github.com/baaaki/mydreamcampus/meal-service/internal/db/students_cache.sql.go:30.81,33.2 2 0
github.com/baaaki/mydreamcampus/meal-service/internal/db/students_cache.sql.go:41.99,53.2 4 0
github.com/baaaki/mydreamcampus/meal-service/internal/db/students_cache.sql.go:75.112,93.2 4 0
github.com/baaaki/mydreamcampus/meal-service/cmd/main.go:28.13,31.16 2 0
github.com/baaaki/mydreamcampus/meal-service/cmd/main.go:31.16,32.55 1 0
github.com/baaaki/mydreamcampus/meal-service/cmd/main.go:36.2,48.16 7 0
github.com/baaaki/mydreamcampus/meal-service/cmd/main.go:48.16,50.3 1 0
github.com/baaaki/mydreamcampus/meal-service/cmd/main.go:51.2,57.16 4 0
github.com/baaaki/mydreamcampus/meal-service/cmd/main.go:57.16,59.3 1 0
github.com/baaaki/mydreamcampus/meal-service/cmd/main.go:59.8,61.28 2 0
github.com/baaaki/mydreamcampus/meal-service/cmd/main.go:61.28,72.4 3 0
github.com/baaaki/mydreamcampus/meal-service/cmd/main.go:76.2,85.16 8 0
github.com/baaaki/mydreamcampus/meal-service/cmd/main.go:85.16,87.3 1 0
github.com/baaaki/mydreamcampus/meal-service/cmd/main.go:88.2,97.16 5 0
github.com/baaaki/mydreamcampus/meal-service/cmd/main.go:97.16,99.3 1 0
github.com/baaaki/mydreamcampus/meal-service/cmd/main.go:100.2,162.24 19 0
github.com/baaaki/mydreamcampus/meal-service/cmd/main.go:162.24,164.3 1 0
github.com/baaaki/mydreamcampus/meal-service/cmd/main.go:165.2,174.12 4 0
github.com/baaaki/mydreamcampus/meal-service/cmd/main.go:174.12,176.77 2 0
github.com/baaaki/mydreamcampus/meal-service/cmd/main.go:176.77,178.4 1 0
github.com/baaaki/mydreamcampus/meal-service/cmd/main.go:182.2,196.50 9 0
github.com/baaaki/mydreamcampus/meal-service/cmd/main.go:196.50,198.3 1 0
github.com/baaaki/mydreamcampus/meal-service/cmd/main.go:200.2,200.27 1 0
github.com/baaaki/mydreamcampus/meal-service/cmd/main.go:203.183,204.44 1 0
github.com/baaaki/mydreamcampus/meal-service/cmd/main.go:204.44,206.3 1 0
github.com/baaaki/mydreamcampus/meal-service/cmd/main.go:208.2,222.2 9 0
github.com/baaaki/mydreamcampus/meal-service/cmd/main.go:222.2,232.3 6 0
github.com/baaaki/mydreamcampus/meal-service/cmd/main.go:232.3,239.4 4 0
github.com/baaaki/mydreamcampus/meal-service/cmd/main.go:239.4,249.5 7 0
github.com/baaaki/mydreamcampus/meal-service/cmd/main.go:252.4,254.4 3 0
github.com/baaaki/mydreamcampus/meal-service/cmd/main.go:254.4,260.5 5 0
github.com/baaaki/mydreamcampus/meal-service/cmd/main.go:265.2,267.2 3 0
github.com/baaaki/mydreamcampus/meal-service/cmd/main.go:267.2,269.3 1 0
github.com/baaaki/mydreamcampus/meal-service/cmd/main.go:271.2,271.15 1 0
github.com/baaaki/mydreamcampus/meal-service/cmd/main.go:279.3,284.37 3 0
github.com/baaaki/mydreamcampus/meal-service/cmd/main.go:284.37,285.95 1 0
github.com/baaaki/mydreamcampus/meal-service/cmd/main.go:285.95,287.4 1 0
github.com/baaaki/mydreamcampus/meal-service/cmd/main.go:291.2,294.88 2 0
github.com/baaaki/mydreamcampus/meal-service/cmd/main.go:294.88,296.3 1 0
github.com/baaaki/mydreamcampus/meal-service/cmd/main.go:299.2,304.85 4 0
github.com/baaaki/mydreamcampus/meal-service/cmd/main.go:304.85,310.63 2 0
github.com/baaaki/mydreamcampus/meal-service/cmd/main.go:310.63,312.4 1 0
github.com/baaaki/mydreamcampus/meal-service/cmd/main.go:314.3,314.26 1 0
github.com/baaaki/mydreamcampus/meal-service/cmd/main.go:315.26,316.75 1 0
github.com/baaaki/mydreamcampus/meal-service/cmd/main.go:317.26,318.75 1 0
github.com/baaaki/mydreamcampus/meal-service/cmd/main.go:319.30,320.79 1 0
github.com/baaaki/mydreamcampus/meal-service/cmd/main.go:321.11,323.14 2 0
github.com/baaaki/mydreamcampus/meal-service/cmd/main.go:328.2,331.88 2 0
github.com/baaaki/mydreamcampus/meal-service/cmd/main.go:331.88,333.3 1 0
github.com/baaaki/mydreamcampus/meal-service/cmd/main.go:336.2,340.85 3 0
github.com/baaaki/mydreamcampus/meal-service/cmd/main.go:340.85,344.63 2 0
github.com/baaaki/mydreamcampus/meal-service/cmd/main.go:344.63,346.4 1 0
github.com/baaaki/mydreamcampus/meal-service/cmd/main.go:348.3,348.26 1 0
github.com/baaaki/mydreamcampus/meal-service/cmd/main.go:349.28,350.77 1 0
github.com/baaaki/mydreamcampus/meal-service/cmd/main.go:351.25,352.74 1 0
github.com/baaaki/mydreamcampus/meal-service/cmd/main.go:353.11,355.14 2 0
github.com/baaaki/mydreamcampus/meal-service/cmd/main.go:359.2,359.40 1 0
github.com/baaaki/mydreamcampus/meal-service/config/config.go:65.30,76.58 4 0
github.com/baaaki/mydreamcampus/meal-service/config/config.go:76.58,78.3 1 0
github.com/baaaki/mydreamcampus/meal-service/config/config.go:81.2,131.39 8 0
github.com/baaaki/mydreamcampus/meal-service/config/config.go:131.39,133.3 1 0
github.com/baaaki/mydreamcampus/meal-service/config/config.go:135.2,135.17 1 0
github.com/baaaki/mydreamcampus/meal-service/config/config.go:139.24,162.2 13 0
github.com/baaaki/mydreamcampus/meal-service/config/config.go:165.35,167.93 1 0
github.com/baaaki/mydreamcampus/meal-service/config/config.go:167.93,169.3 1 0
github.com/baaaki/mydreamcampus/meal-service/config/config.go:172.2,172.33 1 0
github.com/baaaki/mydreamcampus/meal-service/config/config.go:172.33,174.3 1 0
github.com/baaaki/mydreamcampus/meal-service/config/config.go:176.2,176.23 1 0
github.com/baaaki/mydreamcampus/meal-service/config/config.go:176.23,178.3 1 0
github.com/baaaki/mydreamcampus/meal-service/config/config.go:180.2,180.98 1 0
github.com/baaaki/mydreamcampus/meal-service/config/config.go:180.98,182.3 1 0
github.com/baaaki/mydreamcampus/meal-service/config/config.go:184.2,184.39 1 0
github.com/baaaki/mydreamcampus/meal-service/config/config.go:184.39,186.3 1 0
github.com/baaaki/mydreamcampus/meal-service/config/config.go:188.2,188.37 1 0
github.com/baaaki/mydreamcampus/meal-service/config/config.go:188.37,190.3 1 0
github.com/baaaki/mydreamcampus/meal-service/config/config.go:192.2,192.41 1 0
github.com/baaaki/mydreamcampus/meal-service/config/config.go:192.41,194.3 1 0
github.com/baaaki/mydreamcampus/meal-service/config/config.go:196.2,196.48 1 0
github.com/baaaki/mydreamcampus/meal-service/config/config.go:196.48,198.3 1 0
github.com/baaaki/mydreamcampus/meal-service/config/config.go:201.2,201.69 1 0
github.com/baaaki/mydreamcampus/meal-service/config/config.go:201.69,203.3 1 0
github.com/baaaki/mydreamcampus/meal-service/config/config.go:204.2,204.65 1 0
github.com/baaaki/mydreamcampus/meal-service/config/config.go:204.65,206.3 1 0
github.com/baaaki/mydreamcampus/meal-service/config/config.go:207.2,207.71 1 0
github.com/baaaki/mydreamcampus/meal-service/config/config.go:207.71,209.3 1 0
github.com/baaaki/mydreamcampus/meal-service/config/config.go:210.2,210.67 1 0
github.com/baaaki/mydreamcampus/meal-service/config/config.go:210.67,212.3 1 0
github.com/baaaki/mydreamcampus/meal-service/config/config.go:215.2,215.39 1 0
github.com/baaaki/mydreamcampus/meal-service/config/config.go:215.39,217.3 1 0
github.com/baaaki/mydreamcampus/meal-service/config/config.go:218.2,218.29 1 0
github.com/baaaki/mydreamcampus/meal-service/config/config.go:218.29,220.3 1 0
github.com/baaaki/mydreamcampus/meal-service/config/config.go:221.2,221.29 1 0
github.com/baaaki/mydreamcampus/meal-service/config/config.go:221.29,223.3 1 0
github.com/baaaki/mydreamcampus/meal-service/config/config.go:225.2,225.12 1 0
github.com/baaaki/mydreamcampus/meal-service/internal/worker/outbox_worker.go:36.17,46.2 1 0
github.com/baaaki/mydreamcampus/meal-service/internal/worker/outbox_worker.go:49.51,53.2 2 0
github.com/baaaki/mydreamcampus/meal-service/internal/worker/outbox_worker.go:56.31,59.2 2 0
github.com/baaaki/mydreamcampus/meal-service/internal/worker/outbox_worker.go:61.59,65.6 3 0
github.com/baaaki/mydreamcampus/meal-service/internal/worker/outbox_worker.go:65.6,66.10 1 0
github.com/baaaki/mydreamcampus/meal-service/internal/worker/outbox_worker.go:67.19,68.54 1 0
github.com/baaaki/mydreamcampus/meal-service/internal/worker/outbox_worker.go:68.54,70.5 1 0
github.com/baaaki/mydreamcampus/meal-service/internal/worker/outbox_worker.go:71.21,73.10 2 0
github.com/baaaki/mydreamcampus/meal-service/internal/worker/outbox_worker.go:74.21,76.10 2 0
github.com/baaaki/mydreamcampus/meal-service/internal/worker/outbox_worker.go:81.72,84.16 2 0
github.com/baaaki/mydreamcampus/meal-service/internal/worker/outbox_worker.go:84.16,86.3 1 0
github.com/baaaki/mydreamcampus/meal-service/internal/worker/outbox_worker.go:88.2,88.22 1 0
github.com/baaaki/mydreamcampus/meal-service/internal/worker/outbox_worker.go:88.22,90.3 1 0
github.com/baaaki/mydreamcampus/meal-service/internal/worker/outbox_worker.go:92.2,94.31 2 0
github.com/baaaki/mydreamcampus/meal-service/internal/worker/outbox_worker.go:94.31,95.52 1 0
github.com/baaaki/mydreamcampus/meal-service/internal/worker/outbox_worker.go:95.52,101.4 1 0
github.com/baaaki/mydreamcampus/meal-service/internal/worker/outbox_worker.go:104.2,104.12 1 0
github.com/baaaki/mydreamcampus/meal-service/internal/worker/outbox_worker.go:107.86,110.64 2 0
github.com/baaaki/mydreamcampus/meal-service/internal/worker/outbox_worker.go:110.64,114.3 2 0
github.com/baaaki/mydreamcampus/meal-service/internal/worker/outbox_worker.go:117.2,118.16 2 0
github.com/baaaki/mydreamcampus/meal-service/internal/worker/outbox_worker.go:118.16,122.43 2 0
github.com/baaaki/mydreamcampus/meal-service/internal/worker/outbox_worker.go:122.43,125.4 1 0
github.com/baaaki/mydreamcampus/meal-service/internal/worker/outbox_worker.go:125.9,132.4 2 0
github.com/baaaki/mydreamcampus/meal-service/internal/worker/outbox_worker.go:134.3,134.13 1 0
github.com/baaaki/mydreamcampus/meal-service/internal/worker/outbox_worker.go:138.2,139.16 2 0
github.com/baaaki/mydreamcampus/meal-service/internal/worker/outbox_worker.go:139.16,145.3 2 0
github.com/baaaki/mydreamcampus/meal-service/internal/worker/outbox_worker.go:147.2,152.12 2 0
github.com/baaaki/mydreamcampus/meal-service/internal/worker/payment_consumer.go:28.25,34.2 1 0
github.com/baaaki/mydreamcampus/meal-service/internal/worker/payment_consumer.go:37.95,39.53 2 0
github.com/baaaki/mydreamcampus/meal-service/internal/worker/payment_consumer.go:39.53,42.3 2 0
github.com/baaaki/mydreamcampus/meal-service/internal/worker/payment_consumer.go:45.2,47.16 3 0
github.com/baaaki/mydreamcampus/meal-service/internal/worker/payment_consumer.go:47.16,49.3 1 0
github.com/baaaki/mydreamcampus/meal-service/internal/worker/payment_consumer.go:51.2,51.15 1 0
github.com/baaaki/mydreamcampus/meal-service/internal/worker/payment_consumer.go:51.15,54.3 2 0
github.com/baaaki/mydreamcampus/meal-service/internal/worker/payment_consumer.go:57.2,61.13 4 0
github.com/baaaki/mydreamcampus/meal-service/internal/worker/payment_consumer.go:61.13,64.17 2 0
github.com/baaaki/mydreamcampus/meal-service/internal/worker/payment_consumer.go:64.17,67.4 2 0
github.com/baaaki/mydreamcampus/meal-service/internal/worker/payment_consumer.go:69.3,74.17 2 0
github.com/baaaki/mydreamcampus/meal-service/internal/worker/payment_consumer.go:74.17,77.4 2 0
github.com/baaaki/mydreamcampus/meal-service/internal/worker/payment_consumer.go:79.3,79.90 1 0
github.com/baaaki/mydreamcampus/meal-service/internal/worker/payment_consumer.go:80.8,83.17 2 0
github.com/baaaki/mydreamcampus/meal-service/internal/worker/payment_consumer.go:83.17,86.4 2 0
github.com/baaaki/mydreamcampus/meal-service/internal/worker/payment_consumer.go:88.3,93.17 2 0
github.com/baaaki/mydreamcampus/meal-service/internal/worker/payment_consumer.go:93.17,96.4 2 0
github.com/baaaki/mydreamcampus/meal-service/internal/worker/payment_consumer.go:98.3,98.95 1 0
github.com/baaaki/mydreamcampus/meal-service/internal/worker/payment_consumer.go:102.2,105.17 1 0
github.com/baaaki/mydreamcampus/meal-service/internal/worker/payment_consumer.go:105.17,107.3 1 0
github.com/baaaki/mydreamcampus/meal-service/internal/worker/payment_consumer.go:109.2,109.12 1 0
github.com/baaaki/mydreamcampus/meal-service/internal/worker/payment_consumer.go:113.92,115.53 2 0
github.com/baaaki/mydreamcampus/meal-service/internal/worker/payment_consumer.go:115.53,118.3 2 0
github.com/baaaki/mydreamcampus/meal-service/internal/worker/payment_consumer.go:121.2,123.16 3 0
github.com/baaaki/mydreamcampus/meal-service/internal/worker/payment_consumer.go:123.16,125.3 1 0
github.com/baaaki/mydreamcampus/meal-service/internal/worker/payment_consumer.go:127.2,127.15 1 0
github.com/baaaki/mydreamcampus/meal-service/internal/worker/payment_consumer.go:127.15,130.3 2 0
github.com/baaaki/mydreamcampus/meal-service/internal/worker/payment_consumer.go:133.2,137.13 4 0
github.com/baaaki/mydreamcampus/meal-service/internal/worker/payment_consumer.go:137.13,140.17 2 0
github.com/baaaki/mydreamcampus/meal-service/internal/worker/payment_consumer.go:140.17,143.4 2 0
github.com/baaaki/mydreamcampus/meal-service/internal/worker/payment_consumer.go:145.3,150.17 2 0
github.com/baaaki/mydreamcampus/meal-service/internal/worker/payment_consumer.go:150.17,153.4 2 0
github.com/baaaki/mydreamcampus/meal-service/internal/worker/payment_consumer.go:155.3,155.111 1 0
github.com/baaaki/mydreamcampus/meal-service/internal/worker/payment_consumer.go:156.8,159.17 2 0
github.com/baaaki/mydreamcampus/meal-service/internal/worker/payment_consumer.go:159.17,162.4 2 0
github.com/baaaki/mydreamcampus/meal-service/internal/worker/payment_consumer.go:164.3,169.17 2 0
github.com/baaaki/mydreamcampus/meal-service/internal/worker/payment_consumer.go:169.17,172.4 2 0
github.com/baaaki/mydreamcampus/meal-service/internal/worker/payment_consumer.go:174.3,174.116 1 0
github.com/baaaki/mydreamcampus/meal-service/internal/worker/payment_consumer.go:178.2,181.17 1 0
github.com/baaaki/mydreamcampus/meal-service/internal/worker/payment_consumer.go:181.17,183.3 1 0
github.com/baaaki/mydreamcampus/meal-service/internal/worker/payment_consumer.go:185.2,185.12 1 0
github.com/baaaki/mydreamcampus/meal-service/internal/worker/reservation_worker.go:22.22,28.2 1 0
github.com/baaaki/mydreamcampus/meal-service/internal/worker/reservation_worker.go:31.56,39.2 3 0
github.com/baaaki/mydreamcampus/meal-service/internal/worker/reservation_worker.go:42.36,45.2 2 0
github.com/baaaki/mydreamcampus/meal-service/internal/worker/reservation_worker.go:48.63,52.6 3 0
github.com/baaaki/mydreamcampus/meal-service/internal/worker/reservation_worker.go:52.6,53.10 1 0
github.com/baaaki/mydreamcampus/meal-service/internal/worker/reservation_worker.go:54.19,55.59 1 0
github.com/baaaki/mydreamcampus/meal-service/internal/worker/reservation_worker.go:55.59,57.5 1 0
github.com/baaaki/mydreamcampus/meal-service/internal/worker/reservation_worker.go:58.21,60.10 2 0
github.com/baaaki/mydreamcampus/meal-service/internal/worker/reservation_worker.go:61.21,63.10 2 0
github.com/baaaki/mydreamcampus/meal-service/internal/worker/reservation_worker.go:69.64,75.6 4 0
github.com/baaaki/mydreamcampus/meal-service/internal/worker/reservation_worker.go:75.6,76.10 1 0
github.com/baaaki/mydreamcampus/meal-service/internal/worker/reservation_worker.go:77.18,78.60 1 0
github.com/baaaki/mydreamcampus/meal-service/internal/worker/reservation_worker.go:78.60,80.5 1 0
github.com/baaaki/mydreamcampus/meal-service/internal/worker/reservation_worker.go:82.4,83.36 2 0
github.com/baaaki/mydreamcampus/meal-service/internal/worker/reservation_worker.go:85.21,87.10 2 0
github.com/baaaki/mydreamcampus/meal-service/internal/worker/reservation_worker.go:88.21,90.10 2 0
github.com/baaaki/mydreamcampus/meal-service/internal/worker/reservation_worker.go:95.82,98.16 3 0
github.com/baaaki/mydreamcampus/meal-service/internal/worker/reservation_worker.go:98.16,100.3 1 0
github.com/baaaki/mydreamcampus/meal-service/internal/worker/reservation_worker.go:102.2,103.12 2 0
github.com/baaaki/mydreamcampus/meal-service/internal/worker/reservation_worker.go:106.83,109.16 3 0
github.com/baaaki/mydreamcampus/meal-service/internal/worker/reservation_worker.go:109.16,111.3 1 0
github.com/baaaki/mydreamcampus/meal-service/internal/worker/reservation_worker.go:113.2,114.12 2 0
github.com/baaaki/mydreamcampus/meal-service/internal/worker/reservation_worker.go:117.52,122.24 3 0
github.com/baaaki/mydreamcampus/meal-service/internal/worker/reservation_worker.go:122.24,124.3 1 0
github.com/baaaki/mydreamcampus/meal-service/internal/worker/reservation_worker.go:126.2,126.16 1 0
github.com/baaaki/mydreamcampus/meal-service/internal/worker/student_consumer.go:26.25,32.2 1 0
github.com/baaaki/mydreamcampus/meal-service/internal/worker/student_consumer.go:35.93,37.53 2 0
github.com/baaaki/mydreamcampus/meal-service/internal/worker/student_consumer.go:37.53,40.3 2 0
github.com/baaaki/mydreamcampus/meal-service/internal/worker/student_consumer.go:43.2,45.16 3 0
github.com/baaaki/mydreamcampus/meal-service/internal/worker/student_consumer.go:45.16,48.3 2 0
github.com/baaaki/mydreamcampus/meal-service/internal/worker/student_consumer.go:50.2,50.15 1 0
github.com/baaaki/mydreamcampus/meal-service/internal/worker/student_consumer.go:50.15,53.3 2 0
github.com/baaaki/mydreamcampus/meal-service/internal/worker/student_consumer.go:56.2,64.16 3 0
github.com/baaaki/mydreamcampus/meal-service/internal/worker/student_consumer.go:64.16,67.3 2 0
github.com/baaaki/mydreamcampus/meal-service/internal/worker/student_consumer.go:70.2,73.17 1 0
github.com/baaaki/mydreamcampus/meal-service/internal/worker/student_consumer.go:73.17,76.3 2 0
github.com/baaaki/mydreamcampus/meal-service/internal/worker/student_consumer.go:78.2,79.12 2 0
github.com/baaaki/mydreamcampus/meal-service/internal/worker/student_consumer.go:83.93,85.53 2 0
github.com/baaaki/mydreamcampus/meal-service/internal/worker/student_consumer.go:85.53,88.3 2 0
github.com/baaaki/mydreamcampus/meal-service/internal/worker/student_consumer.go:91.2,93.16 3 0
github.com/baaaki/mydreamcampus/meal-service/internal/worker/student_consumer.go:93.16,95.3 1 0
github.com/baaaki/mydreamcampus/meal-service/internal/worker/student_consumer.go:97.2,97.15 1 0
github.com/baaaki/mydreamcampus/meal-service/internal/worker/student_consumer.go:97.15,100.3 2 0
github.com/baaaki/mydreamcampus/meal-service/internal/worker/student_consumer.go:103.2,111.16 3 0
github.com/baaaki/mydreamcampus/meal-service/internal/worker/student_consumer.go:111.16,114.3 2 0
github.com/baaaki/mydreamcampus/meal-service/internal/worker/student_consumer.go:117.2,120.17 1 0
github.com/baaaki/mydreamcampus/meal-service/internal/worker/student_consumer.go:120.17,122.3 1 0
github.com/baaaki/mydreamcampus/meal-service/internal/worker/student_consumer.go:124.2,125.12 2 0
github.com/baaaki/mydreamcampus/meal-service/internal/worker/student_consumer.go:129.97,131.53 2 0
github.com/baaaki/mydreamcampus/meal-service/internal/worker/student_consumer.go:131.53,134.3 2 0
github.com/baaaki/mydreamcampus/meal-service/internal/worker/student_consumer.go:137.2,139.16 3 0
github.com/baaaki/mydreamcampus/meal-service/internal/worker/student_consumer.go:139.16,141.3 1 0
github.com/baaaki/mydreamcampus/meal-service/internal/worker/student_consumer.go:143.2,143.15 1 0
github.com/baaaki/mydreamcampus/meal-service/internal/worker/student_consumer.go:143.15,146.3 2 0
github.com/baaaki/mydreamcampus/meal-service/internal/worker/student_consumer.go:149.2,150.78 2 0
github.com/baaaki/mydreamcampus/meal-service/internal/worker/student_consumer.go:150.78,153.3 2 0
github.com/baaaki/mydreamcampus/meal-service/internal/worker/student_consumer.go:156.2,159.17 1 0
github.com/baaaki/mydreamcampus/meal-service/internal/worker/student_consumer.go:159.17,161.3 1 0
github.com/baaaki/mydreamcampus/meal-service/internal/worker/student_consumer.go:163.2,164.12 2 0
github.com/baaaki/mydreamcampus/meal-service/internal/handler/closed_days_handler.go:31.114,33.2 1 0
github.com/baaaki/mydreamcampus/meal-service/internal/handler/closed_days_handler.go:36.65,38.2 2 0
github.com/baaaki/mydreamcampus/meal-service/internal/handler/closed_days_handler.go:38.2,42.3 3 0
github.com/baaaki/mydreamcampus/meal-service/internal/handler/closed_days_handler.go:46.73,48.2 2 0
github.com/baaaki/mydreamcampus/meal-service/internal/handler/closed_days_handler.go:48.2,52.3 3 0
github.com/baaaki/mydreamcampus/meal-service/internal/handler/closed_days_handler.go:70.61,72.47 2 0
github.com/baaaki/mydreamcampus/meal-service/internal/handler/closed_days_handler.go:72.47,78.3 2 0
github.com/baaaki/mydreamcampus/meal-service/internal/handler/closed_days_handler.go:80.2,81.16 2 0
github.com/baaaki/mydreamcampus/meal-service/internal/handler/closed_days_handler.go:81.16,87.3 2 0
github.com/baaaki/mydreamcampus/meal-service/internal/handler/closed_days_handler.go:89.2,94.16 2 0
github.com/baaaki/mydreamcampus/meal-service/internal/handler/closed_days_handler.go:94.16,101.3 3 0
github.com/baaaki/mydreamcampus/meal-service/internal/handler/closed_days_handler.go:104.2,104.26 1 0
github.com/baaaki/mydreamcampus/meal-service/internal/handler/closed_days_handler.go:104.26,117.3 2 0
github.com/baaaki/mydreamcampus/meal-service/internal/handler/closed_days_handler.go:119.2,124.60 2 0
github.com/baaaki/mydreamcampus/meal-service/internal/handler/closed_days_handler.go:129.60,132.41 2 0
github.com/baaaki/mydreamcampus/meal-service/internal/handler/closed_days_handler.go:132.41,134.17 2 0
github.com/baaaki/mydreamcampus/meal-service/internal/handler/closed_days_handler.go:134.17,140.4 2 0
github.com/baaaki/mydreamcampus/meal-service/internal/handler/closed_days_handler.go:141.3,141.47 1 0
github.com/baaaki/mydreamcampus/meal-service/internal/handler/closed_days_handler.go:144.2,144.35 1 0
github.com/baaaki/mydreamcampus/meal-service/internal/handler/closed_days_handler.go:144.35,146.17 2 0
github.com/baaaki/mydreamcampus/meal-service/internal/handler/closed_days_handler.go:146.17,152.4 2 0
github.com/baaaki/mydreamcampus/meal-service/internal/handler/closed_days_handler.go:153.3,153.45 1 0
github.com/baaaki/mydreamcampus/meal-service/internal/handler/closed_days_handler.go:156.2,160.16 2 0
github.com/baaaki/mydreamcampus/meal-service/internal/handler/closed_days_handler.go:160.16,167.3 3 0
github.com/baaaki/mydreamcampus/meal-service/internal/handler/closed_days_handler.go:169.2,170.25 2 0
github.com/baaaki/mydreamcampus/meal-service/internal/handler/closed_days_handler.go:170.25,172.3 1 0
github.com/baaaki/mydreamcampus/meal-service/internal/handler/closed_days_handler.go:174.2,174.33 1 0
github.com/baaaki/mydreamcampus/meal-service/internal/handler/closed_days_handler.go:179.61,183.39 3 0
github.com/baaaki/mydreamcampus/meal-service/internal/handler/closed_days_handler.go:183.39,189.3 2 0
github.com/baaaki/mydreamcampus/meal-service/internal/handler/closed_days_handler.go:191.2,191.72 1 0
github.com/baaaki/mydreamcampus/meal-service/internal/handler/closed_days_handler.go:191.72,198.3 3 0
github.com/baaaki/mydreamcampus/meal-service/internal/handler/closed_days_handler.go:201.2,201.26 1 0
github.com/baaaki/mydreamcampus/meal-service/internal/handler/closed_days_handler.go:201.26,210.3 2 0
github.com/baaaki/mydreamcampus/meal-service/internal/handler/closed_days_handler.go:212.2,216.4 2 0
github.com/baaaki/mydreamcampus/meal-service/internal/handler/closed_days_handler.go:231.67,233.47 2 0
github.com/baaaki/mydreamcampus/meal-service/internal/handler/closed_days_handler.go:233.47,239.3 2 0
github.com/baaaki/mydreamcampus/meal-service/internal/handler/closed_days_handler.go:241.2,244.39 3 0
github.com/baaaki/mydreamcampus/meal-service/internal/handler/closed_days_handler.go:244.39,246.17 2 0
github.com/baaaki/mydreamcampus/meal-service/internal/handler/closed_days_handler.go:246.17,248.12 2 0
github.com/baaaki/mydreamcampus/meal-service/internal/handler/closed_days_handler.go:251.3,256.17 2 0
github.com/baaaki/mydreamcampus/meal-service/internal/handler/closed_days_handler.go:256.17,259.12 2 0
github.com/baaaki/mydreamcampus/meal-service/internal/handler/closed_days_handler.go:262.3,262.60 1 0
github.com/baaaki/mydreamcampus/meal-service/internal/handler/closed_days_handler.go:265.2,273.4 2 0
github.com/baaaki/mydreamcampus/meal-service/internal/handler/closed_days_handler.go:278.72,280.20 2 0
github.com/baaaki/mydreamcampus/meal-service/internal/handler/closed_days_handler.go:280.20,283.3 2 0
github.com/baaaki/mydreamcampus/meal-service/internal/handler/closed_days_handler.go:285.2,285.89 1 0
github.com/baaaki/mydreamcampus/meal-service/internal/handler/closed_days_handler.go:285.89,289.3 3 0
github.com/baaaki/mydreamcampus/meal-service/internal/handler/closed_days_handler.go:291.2,291.32 1 0
github.com/baaaki/mydreamcampus/meal-service/internal/handler/closed_days_handler.go:300.72,302.20 2 0
github.com/baaaki/mydreamcampus/meal-service/internal/handler/closed_days_handler.go:302.20,305.3 2 0
github.com/baaaki/mydreamcampus/meal-service/internal/handler/closed_days_handler.go:307.2,308.47 2 0
github.com/baaaki/mydreamcampus/meal-service/internal/handler/closed_days_handler.go:308.47,311.3 2 0
github.com/baaaki/mydreamcampus/meal-service/internal/handler/closed_days_handler.go:313.2,316.73 2 0
github.com/baaaki/mydreamcampus/meal-service/internal/handler/closed_days_handler.go:316.73,320.3 3 0
github.com/baaaki/mydreamcampus/meal-service/internal/handler/closed_days_handler.go:323.2,324.39 2 0
github.com/baaaki/mydreamcampus/meal-service/internal/handler/closed_days_handler.go:324.39,326.17 2 0
github.com/baaaki/mydreamcampus/meal-service/internal/handler/closed_days_handler.go:326.17,327.12 1 0
github.com/baaaki/mydreamcampus/meal-service/internal/handler/closed_days_handler.go:330.3,335.17 2 0
github.com/baaaki/mydreamcampus/meal-service/internal/handler/closed_days_handler.go:335.17,336.12 1 0
github.com/baaaki/mydreamcampus/meal-service/internal/handler/closed_days_handler.go:338.3,338.60 1 0
github.com/baaaki/mydreamcampus/meal-service/internal/handler/closed_days_handler.go:341.2,341.50 1 0
github.com/baaaki/mydreamcampus/meal-service/internal/handler/closed_days_handler.go:344.60,352.2 1 0
github.com/baaaki/mydreamcampus/meal-service/internal/handler/meal_handler.go:28.16,35.2 1 0
github.com/baaaki/mydreamcampus/meal-service/internal/handler/meal_handler.go:48.53,55.21 4 0
github.com/baaaki/mydreamcampus/meal-service/internal/handler/meal_handler.go:55.21,57.3 1 0
github.com/baaaki/mydreamcampus/meal-service/internal/handler/meal_handler.go:57.8,59.3 1 0
github.com/baaaki/mydreamcampus/meal-service/internal/handler/meal_handler.go:61.2,61.16 1 0
github.com/baaaki/mydreamcampus/meal-service/internal/handler/meal_handler.go:61.16,64.3 2 0
github.com/baaaki/mydreamcampus/meal-service/internal/handler/meal_handler.go:66.2,69.4 1 0
github.com/baaaki/mydreamcampus/meal-service/internal/handler/meal_handler.go:80.55,82.47 2 0
github.com/baaaki/mydreamcampus/meal-service/internal/handler/meal_handler.go:82.47,86.3 3 0
github.com/baaaki/mydreamcampus/meal-service/internal/handler/meal_handler.go:88.2,89.16 2 0
github.com/baaaki/mydreamcampus/meal-service/internal/handler/meal_handler.go:89.16,92.3 2 0
github.com/baaaki/mydreamcampus/meal-service/internal/handler/meal_handler.go:94.2,97.4 1 0
github.com/baaaki/mydreamcampus/meal-service/internal/handler/meal_handler.go:109.55,113.47 3 0
github.com/baaaki/mydreamcampus/meal-service/internal/handler/meal_handler.go:113.47,117.3 3 0
github.com/baaaki/mydreamcampus/meal-service/internal/handler/meal_handler.go:119.2,120.16 2 0
github.com/baaaki/mydreamcampus/meal-service/internal/handler/meal_handler.go:120.16,123.3 2 0
github.com/baaaki/mydreamcampus/meal-service/internal/handler/meal_handler.go:125.2,128.4 1 0
github.com/baaaki/mydreamcampus/meal-service/internal/handler/meal_handler.go:139.55,143.16 3 0
github.com/baaaki/mydreamcampus/meal-service/internal/handler/meal_handler.go:143.16,146.3 2 0
github.com/baaaki/mydreamcampus/meal-service/internal/handler/meal_handler.go:148.2,154.4 1 0
github.com/baaaki/mydreamcampus/meal-service/internal/handler/meal_handler.go:169.57,172.16 2 0
github.com/baaaki/mydreamcampus/meal-service/internal/handler/meal_handler.go:172.16,175.3 2 0
github.com/baaaki/mydreamcampus/meal-service/internal/handler/meal_handler.go:177.2,178.47 2 0
github.com/baaaki/mydreamcampus/meal-service/internal/handler/meal_handler.go:178.47,182.3 3 0
github.com/baaaki/mydreamcampus/meal-service/internal/handler/meal_handler.go:184.2,185.16 2 0
github.com/baaaki/mydreamcampus/meal-service/internal/handler/meal_handler.go:185.16,188.3 2 0
github.com/baaaki/mydreamcampus/meal-service/internal/handler/meal_handler.go:190.2,193.4 1 0
github.com/baaaki/mydreamcampus/meal-service/internal/handler/meal_handler.go:204.62,207.16 2 0
github.com/baaaki/mydreamcampus/meal-service/internal/handler/meal_handler.go:207.16,210.3 2 0
github.com/baaaki/mydreamcampus/meal-service/internal/handler/meal_handler.go:212.2,213.47 2 0
github.com/baaaki/mydreamcampus/meal-service/internal/handler/meal_handler.go:213.47,217.3 3 0
github.com/baaaki/mydreamcampus/meal-service/internal/handler/meal_handler.go:219.2,220.16 2 0
github.com/baaaki/mydreamcampus/meal-service/internal/handler/meal_handler.go:220.16,224.3 3 0
github.com/baaaki/mydreamcampus/meal-service/internal/handler/meal_handler.go:226.2,229.4 1 0
github.com/baaaki/mydreamcampus/meal-service/internal/handler/meal_handler.go:242.57,245.16 2 0
github.com/baaaki/mydreamcampus/meal-service/internal/handler/meal_handler.go:245.16,248.3 2 0
github.com/baaaki/mydreamcampus/meal-service/internal/handler/meal_handler.go:250.2,251.50 2 0
github.com/baaaki/mydreamcampus/meal-service/internal/handler/meal_handler.go:251.50,255.3 3 0
github.com/baaaki/mydreamcampus/meal-service/internal/handler/meal_handler.go:257.2,258.16 2 0
github.com/baaaki/mydreamcampus/meal-service/internal/handler/meal_handler.go:258.16,261.3 2 0
github.com/baaaki/mydreamcampus/meal-service/internal/handler/meal_handler.go:263.2,266.4 1 0
github.com/baaaki/mydreamcampus/meal-service/internal/handler/meal_handler.go:277.57,280.16 2 0
github.com/baaaki/mydreamcampus/meal-service/internal/handler/meal_handler.go:280.16,283.3 2 0
github.com/baaaki/mydreamcampus/meal-service/internal/handler/meal_handler.go:285.2,288.16 3 0
github.com/baaaki/mydreamcampus/meal-service/internal/handler/meal_handler.go:288.16,291.3 2 0
github.com/baaaki/mydreamcampus/meal-service/internal/handler/meal_handler.go:293.2,296.4 1 0
github.com/baaaki/mydreamcampus/meal-service/internal/handler/meal_handler.go:307.54,310.16 2 0
github.com/baaaki/mydreamcampus/meal-service/internal/handler/meal_handler.go:310.16,313.3 2 0
github.com/baaaki/mydreamcampus/meal-service/internal/handler/meal_handler.go:315.2,316.47 2 0
github.com/baaaki/mydreamcampus/meal-service/internal/handler/meal_handler.go:316.47,320.3 3 0
github.com/baaaki/mydreamcampus/meal-service/internal/handler/meal_handler.go:322.2,323.16 2 0
github.com/baaaki/mydreamcampus/meal-service/internal/handler/meal_handler.go:323.16,326.3 2 0
github.com/baaaki/mydreamcampus/meal-service/internal/handler/meal_handler.go:328.2,331.4 1 0
github.com/baaaki/mydreamcampus/meal-service/internal/handler/meal_handler.go:346.57,348.47 2 0
github.com/baaaki/mydreamcampus/meal-service/internal/handler/meal_handler.go:348.47,352.3 3 0
github.com/baaaki/mydreamcampus/meal-service/internal/handler/meal_handler.go:354.2,355.16 2 0
github.com/baaaki/mydreamcampus/meal-service/internal/handler/meal_handler.go:355.16,358.3 2 0
github.com/baaaki/mydreamcampus/meal-service/internal/handler/meal_handler.go:360.2,363.4 1 0
github.com/baaaki/mydreamcampus/meal-service/internal/handler/meal_handler.go:375.54,377.50 2 0
github.com/baaaki/mydreamcampus/meal-service/internal/handler/meal_handler.go:377.50,381.3 3 0
github.com/baaaki/mydreamcampus/meal-service/internal/handler/meal_handler.go:383.2,384.16 2 0
github.com/baaaki/mydreamcampus/meal-service/internal/handler/meal_handler.go:384.16,387.3 2 0
github.com/baaaki/mydreamcampus/meal-service/internal/handler/meal_handler.go:389.2,392.4 1 0
github.com/baaaki/mydreamcampus/meal-service/internal/handler/meal_handler.go:409.50,413.50 3 0
github.com/baaaki/mydreamcampus/meal-service/internal/handler/meal_handler.go:413.50,417.3 3 0
github.com/baaaki/mydreamcampus/meal-service/internal/handler/meal_handler.go:419.2,420.16 2 0
github.com/baaaki/mydreamcampus/meal-service/internal/handler/meal_handler.go:420.16,423.3 2 0
github.com/baaaki/mydreamcampus/meal-service/internal/handler/meal_handler.go:425.2,428.4 1 0
github.com/baaaki/mydreamcampus/meal-service/internal/handler/meal_handler.go:442.46,447.2 1 0
github.com/baaaki/mydreamcampus/meal-service/internal/handler/meal_handler.go:453.82,456.13 2 0
github.com/baaaki/mydreamcampus/meal-service/internal/handler/meal_handler.go:456.13,458.3 1 0
github.com/baaaki/mydreamcampus/meal-service/internal/handler/meal_handler.go:460.2,461.16 2 0
github.com/baaaki/mydreamcampus/meal-service/internal/handler/meal_handler.go:461.16,463.3 1 0
github.com/baaaki/mydreamcampus/meal-service/internal/handler/meal_handler.go:465.2,465.20 1 0
github.com/baaaki/mydreamcampus/meal-service/internal/handler/meal_handler.go:468.62,474.29 3 0
github.com/baaaki/mydreamcampus/meal-service/internal/handler/meal_handler.go:474.29,483.3 2 0
github.com/baaaki/mydreamcampus/meal-service/internal/handler/meal_handler.go:486.2,486.9 1 0
github.com/baaaki/mydreamcampus/meal-service/internal/handler/meal_handler.go:487.57,494.5 1 0
github.com/baaaki/mydreamcampus/meal-service/internal/handler/meal_handler.go:495.61,502.5 1 0
github.com/baaaki/mydreamcampus/meal-service/internal/handler/meal_handler.go:503.10,511.5 1 0
github.com/baaaki/mydreamcampus/meal-service/proto/payment.pb.go:36.42,41.2 4 0
github.com/baaaki/mydreamcampus/meal-service/proto/payment.pb.go:43.50,45.2 1 0
github.com/baaaki/mydreamcampus/meal-service/proto/payment.pb.go:47.48,47.49 0 0
github.com/baaaki/mydreamcampus/meal-service/proto/payment.pb.go:49.70,51.14 2 0
github.com/baaaki/mydreamcampus/meal-service/proto/payment.pb.go:51.14,53.34 2 0
github.com/baaaki/mydreamcampus/meal-service/proto/payment.pb.go:53.34,55.4 1 0
github.com/baaaki/mydreamcampus/meal-service/proto/payment.pb.go:56.3,56.12 1 0
github.com/baaaki/mydreamcampus/meal-service/proto/payment.pb.go:58.2,58.24 1 0
github.com/baaaki/mydreamcampus/meal-service/proto/payment.pb.go:62.61,64.2 1 0
github.com/baaaki/mydreamcampus/meal-service/proto/payment.pb.go:66.58,67.14 1 0
github.com/baaaki/mydreamcampus/meal-service/proto/payment.pb.go:67.14,69.3 1 0
github.com/baaaki/mydreamcampus/meal-service/proto/payment.pb.go:70.2,70.11 1 0
github.com/baaaki/mydreamcampus/meal-service/proto/payment.pb.go:73.54,74.14 1 0
github.com/baaaki/mydreamcampus/meal-service/proto/payment.pb.go:74.14,76.3 1 0
github.com/baaaki/mydreamcampus/meal-service/proto/payment.pb.go:77.2,77.10 1 0
github.com/baaaki/mydreamcampus/meal-service/proto/payment.pb.go:80.55,81.14 1 0
github.com/baaaki/mydreamcampus/meal-service/proto/payment.pb.go:81.14,83.3 1 0
github.com/baaaki/mydreamcampus/meal-service/proto/payment.pb.go:84.2,84.11 1 0
github.com/baaaki/mydreamcampus/meal-service/proto/payment.pb.go:87.58,88.14 1 0
github.com/baaaki/mydreamcampus/meal-service/proto/payment.pb.go:88.14,90.3 1 0
github.com/baaaki/mydreamcampus/meal-service/proto/payment.pb.go:91.2,91.11 1 0
github.com/baaaki/mydreamcampus/meal-service/proto/payment.pb.go:94.56,95.14 1 0
github.com/baaaki/mydreamcampus/meal-service/proto/payment.pb.go:95.14,97.3 1 0
github.com/baaaki/mydreamcampus/meal-service/proto/payment.pb.go:98.2,98.11 1 0
github.com/baaaki/mydreamcampus/meal-service/proto/payment.pb.go:115.43,120.2 4 0
github.com/baaaki/mydreamcampus/meal-service/proto/payment.pb.go:122.51,124.2 1 0
github.com/baaaki/mydreamcampus/meal-service/proto/payment.pb.go:126.49,126.50 0 0
github.com/baaaki/mydreamcampus/meal-service/proto/payment.pb.go:128.71,130.14 2 0
github.com/baaaki/mydreamcampus/meal-service/proto/payment.pb.go:130.14,132.34 2 0
github.com/baaaki/mydreamcampus/meal-service/proto/payment.pb.go:132.34,134.4 1 0
github.com/baaaki/mydreamcampus/meal-service/proto/payment.pb.go:135.3,135.12 1 0
github.com/baaaki/mydreamcampus/meal-service/proto/payment.pb.go:137.2,137.24 1 0
github.com/baaaki/mydreamcampus/meal-service/proto/payment.pb.go:141.62,143.2 1 0
github.com/baaaki/mydreamcampus/meal-service/proto/payment.pb.go:145.53,146.14 1 0
github.com/baaaki/mydreamcampus/meal-service/proto/payment.pb.go:146.14,148.3 1 0
github.com/baaaki/mydreamcampus/meal-service/proto/payment.pb.go:149.2,149.14 1 0
github.com/baaaki/mydreamcampus/meal-service/proto/payment.pb.go:152.57,153.14 1 0
github.com/baaaki/mydreamcampus/meal-service/proto/payment.pb.go:153.14,155.3 1 0
github.com/baaaki/mydreamcampus/meal-service/proto/payment.pb.go:156.2,156.11 1 0
github.com/baaaki/mydreamcampus/meal-service/proto/payment.pb.go:159.58,160.14 1 0
github.com/baaaki/mydreamcampus/meal-service/proto/payment.pb.go:160.14,162.3 1 0
github.com/baaaki/mydreamcampus/meal-service/proto/payment.pb.go:163.2,163.11 1 0
github.com/baaaki/mydreamcampus/meal-service/proto/payment.pb.go:166.55,167.14 1 0
github.com/baaaki/mydreamcampus/meal-service/proto/payment.pb.go:167.14,169.3 1 0
github.com/baaaki/mydreamcampus/meal-service/proto/payment.pb.go:170.2,170.10 1 0
github.com/baaaki/mydreamcampus/meal-service/proto/payment.pb.go:173.56,174.14 1 0
github.com/baaaki/mydreamcampus/meal-service/proto/payment.pb.go:174.14,176.3 1 0
github.com/baaaki/mydreamcampus/meal-service/proto/payment.pb.go:177.2,177.11 1 0
github.com/baaaki/mydreamcampus/meal-service/proto/payment.pb.go:180.57,181.14 1 0
github.com/baaaki/mydreamcampus/meal-service/proto/payment.pb.go:181.14,183.3 1 0
github.com/baaaki/mydreamcampus/meal-service/proto/payment.pb.go:184.2,184.11 1 0
github.com/baaaki/mydreamcampus/meal-service/proto/payment.pb.go:187.60,188.14 1 0
github.com/baaaki/mydreamcampus/meal-service/proto/payment.pb.go:188.14,190.3 1 0
github.com/baaaki/mydreamcampus/meal-service/proto/payment.pb.go:191.2,191.11 1 0
github.com/baaaki/mydreamcampus/meal-service/proto/payment.pb.go:205.33,210.2 4 0
github.com/baaaki/mydreamcampus/meal-service/proto/payment.pb.go:212.41,214.2 1 0
github.com/baaaki/mydreamcampus/meal-service/proto/payment.pb.go:216.39,216.40 0 0
github.com/baaaki/mydreamcampus/meal-service/proto/payment.pb.go:218.61,220.14 2 0
github.com/baaaki/mydreamcampus/meal-service/proto/payment.pb.go:220.14,222.34 2 0
github.com/baaaki/mydreamcampus/meal-service/proto/payment.pb.go:222.34,224.4 1 0
github.com/baaaki/mydreamcampus/meal-service/proto/payment.pb.go:225.3,225.12 1 0
github.com/baaaki/mydreamcampus/meal-service/proto/payment.pb.go:227.2,227.24 1 0
github.com/baaaki/mydreamcampus/meal-service/proto/payment.pb.go:231.52,233.2 1 0
github.com/baaaki/mydreamcampus/meal-service/proto/payment.pb.go:235.49,236.14 1 0
github.com/baaaki/mydreamcampus/meal-service/proto/payment.pb.go:236.14,238.3 1 0
github.com/baaaki/mydreamcampus/meal-service/proto/payment.pb.go:239.2,239.11 1 0
github.com/baaaki/mydreamcampus/meal-service/proto/payment.pb.go:242.45,243.14 1 0
github.com/baaaki/mydreamcampus/meal-service/proto/payment.pb.go:243.14,245.3 1 0
github.com/baaaki/mydreamcampus/meal-service/proto/payment.pb.go:246.2,246.10 1 0
github.com/baaaki/mydreamcampus/meal-service/proto/payment.pb.go:249.46,250.14 1 0
github.com/baaaki/mydreamcampus/meal-service/proto/payment.pb.go:250.14,252.3 1 0
github.com/baaaki/mydreamcampus/meal-service/proto/payment.pb.go:253.2,253.11 1 0
github.com/baaaki/mydreamcampus/meal-service/proto/payment.pb.go:256.44,257.14 1 0
github.com/baaaki/mydreamcampus/meal-service/proto/payment.pb.go:257.14,259.3 1 0
github.com/baaaki/mydreamcampus/meal-service/proto/payment.pb.go:260.2,260.11 1 0
github.com/baaaki/mydreamcampus/meal-service/proto/payment.pb.go:276.34,281.2 4 0
github.com/baaaki/mydreamcampus/meal-service/proto/payment.pb.go:283.42,285.2 1 0
github.com/baaaki/mydreamcampus/meal-service/proto/payment.pb.go:287.40,287.41 0 0
github.com/baaaki/mydreamcampus/meal-service/proto/payment.pb.go:289.62,291.14 2 0
github.com/baaaki/mydreamcampus/meal-service/proto/payment.pb.go:291.14,293.34 2 0
github.com/baaaki/mydreamcampus/meal-service/proto/payment.pb.go:293.34,295.4 1 0
github.com/baaaki/mydreamcampus/meal-service/proto/payment.pb.go:296.3,296.12 1 0
github.com/baaaki/mydreamcampus/meal-service/proto/payment.pb.go:298.2,298.24 1 0
github.com/baaaki/mydreamcampus/meal-service/proto/payment.pb.go:302.53,304.2 1 0
github.com/baaaki/mydreamcampus/meal-service/proto/payment.pb.go:306.44,307.14 1 0
github.com/baaaki/mydreamcampus/meal-service/proto/payment.pb.go:307.14,309.3 1 0
github.com/baaaki/mydreamcampus/meal-service/proto/payment.pb.go:310.2,310.14 1 0
github.com/baaaki/mydreamcampus/meal-service/proto/payment.pb.go:313.47,314.14 1 0
github.com/baaaki/mydreamcampus/meal-service/proto/payment.pb.go:314.14,316.3 1 0
github.com/baaaki/mydreamcampus/meal-service/proto/payment.pb.go:317.2,317.11 1 0
github.com/baaaki/mydreamcampus/meal-service/proto/payment.pb.go:320.46,321.14 1 0
github.com/baaaki/mydreamcampus/meal-service/proto/payment.pb.go:321.14,323.3 1 0
github.com/baaaki/mydreamcampus/meal-service/proto/payment.pb.go:324.2,324.10 1 0
github.com/baaaki/mydreamcampus/meal-service/proto/payment.pb.go:327.47,328.14 1 0
github.com/baaaki/mydreamcampus/meal-service/proto/payment.pb.go:328.14,330.3 1 0
github.com/baaaki/mydreamcampus/meal-service/proto/payment.pb.go:331.2,331.11 1 0
github.com/baaaki/mydreamcampus/meal-service/proto/payment.pb.go:334.45,335.14 1 0
github.com/baaaki/mydreamcampus/meal-service/proto/payment.pb.go:335.14,337.3 1 0
github.com/baaaki/mydreamcampus/meal-service/proto/payment.pb.go:338.2,338.11 1 0
github.com/baaaki/mydreamcampus/meal-service/proto/payment.pb.go:341.46,342.14 1 0
github.com/baaaki/mydreamcampus/meal-service/proto/payment.pb.go:342.14,344.3 1 0
github.com/baaaki/mydreamcampus/meal-service/proto/payment.pb.go:345.2,345.11 1 0
github.com/baaaki/mydreamcampus/meal-service/proto/payment.pb.go:392.52,393.49 1 0
github.com/baaaki/mydreamcampus/meal-service/proto/payment.pb.go:393.49,395.3 1 0
github.com/baaaki/mydreamcampus/meal-service/proto/payment.pb.go:396.2,396.45 1 0
github.com/baaaki/mydreamcampus/meal-service/proto/payment.pb.go:418.13,418.48 1 0
github.com/baaaki/mydreamcampus/meal-service/proto/payment.pb.go:419.38,420.37 1 0
github.com/baaaki/mydreamcampus/meal-service/proto/payment.pb.go:420.37,422.3 1 0
github.com/baaaki/mydreamcampus/meal-service/proto/payment.pb.go:423.2,439.40 5 0
github.com/baaaki/mydreamcampus/meal-service/proto/payment_grpc.pb.go:42.80,44.2 1 0
github.com/baaaki/mydreamcampus/meal-service/proto/payment_grpc.pb.go:46.156,50.16 4 0
github.com/baaaki/mydreamcampus/meal-service/proto/payment_grpc.pb.go:50.16,52.3 1 0
github.com/baaaki/mydreamcampus/meal-service/proto/payment_grpc.pb.go:53.2,53.17 1 0
github.com/baaaki/mydreamcampus/meal-service/proto/payment_grpc.pb.go:56.136,60.16 4 0
github.com/baaaki/mydreamcampus/meal-service/proto/payment_grpc.pb.go:60.16,62.3 1 0
github.com/baaaki/mydreamcampus/meal-service/proto/payment_grpc.pb.go:63.2,63.17 1 0
github.com/baaaki/mydreamcampus/meal-service/proto/payment_grpc.pb.go:86.134,88.2 1 0
github.com/baaaki/mydreamcampus/meal-service/proto/payment_grpc.pb.go:89.114,91.2 1 0
github.com/baaaki/mydreamcampus/meal-service/proto/payment_grpc.pb.go:92.88,92.89 0 0
github.com/baaaki/mydreamcampus/meal-service/proto/payment_grpc.pb.go:93.88,93.89 0 0
github.com/baaaki/mydreamcampus/meal-service/proto/payment_grpc.pb.go:102.86,107.59 1 0
github.com/baaaki/mydreamcampus/meal-service/proto/payment_grpc.pb.go:107.59,109.3 1 0
github.com/baaaki/mydreamcampus/meal-service/proto/payment_grpc.pb.go:110.2,110.53 1 0
github.com/baaaki/mydreamcampus/meal-service/proto/payment_grpc.pb.go:113.175,115.32 2 0
github.com/baaaki/mydreamcampus/meal-service/proto/payment_grpc.pb.go:115.32,117.3 1 0
github.com/baaaki/mydreamcampus/meal-service/proto/payment_grpc.pb.go:118.2,118.24 1 0
github.com/baaaki/mydreamcampus/meal-service/proto/payment_grpc.pb.go:118.24,120.3 1 0
github.com/baaaki/mydreamcampus/meal-service/proto/payment_grpc.pb.go:121.2,125.77 2 0
github.com/baaaki/mydreamcampus/meal-service/proto/payment_grpc.pb.go:125.77,127.3 1 0
github.com/baaaki/mydreamcampus/meal-service/proto/payment_grpc.pb.go:128.2,128.44 1 0
github.com/baaaki/mydreamcampus/meal-service/proto/payment_grpc.pb.go:131.173,133.32 2 0
github.com/baaaki/mydreamcampus/meal-service/proto/payment_grpc.pb.go:133.32,135.3 1 0
github.com/baaaki/mydreamcampus/meal-service/proto/payment_grpc.pb.go:136.2,136.24 1 0
github.com/baaaki/mydreamcampus/meal-service/proto/payment_grpc.pb.go:136.24,138.3 1 0
github.com/baaaki/mydreamcampus/meal-service/proto/payment_grpc.pb.go:139.2,143.77 2 0
github.com/baaaki/mydreamcampus/meal-service/proto/payment_grpc.pb.go:143.77,145.3 1 0
github.com/baaaki/mydreamcampus/meal-service/proto/payment_grpc.pb.go:146.2,146.44 1 0
github.com/baaaki/mydreamcampus/meal-service/internal/repository/cafeteria_repository.go:21.70,26.2 1 0
github.com/baaaki/mydreamcampus/meal-service/internal/repository/cafeteria_repository.go:29.96,31.16 2 0
github.com/baaaki/mydreamcampus/meal-service/internal/repository/cafeteria_repository.go:31.16,33.3 1 0
github.com/baaaki/mydreamcampus/meal-service/internal/repository/cafeteria_repository.go:34.2,34.24 1 0
github.com/baaaki/mydreamcampus/meal-service/internal/repository/cafeteria_repository.go:38.93,40.16 2 0
github.com/baaaki/mydreamcampus/meal-service/internal/repository/cafeteria_repository.go:40.16,42.3 1 0
github.com/baaaki/mydreamcampus/meal-service/internal/repository/cafeteria_repository.go:43.2,43.24 1 0
github.com/baaaki/mydreamcampus/meal-service/internal/repository/cafeteria_repository.go:47.105,49.16 2 0
github.com/baaaki/mydreamcampus/meal-service/internal/repository/cafeteria_repository.go:49.16,50.27 1 0
github.com/baaaki/mydreamcampus/meal-service/internal/repository/cafeteria_repository.go:50.27,52.4 1 0
github.com/baaaki/mydreamcampus/meal-service/internal/repository/cafeteria_repository.go:53.3,53.105 1 0
github.com/baaaki/mydreamcampus/meal-service/internal/repository/cafeteria_repository.go:55.2,55.23 1 0
github.com/baaaki/mydreamcampus/meal-service/internal/repository/cafeteria_repository.go:59.123,61.16 2 0
github.com/baaaki/mydreamcampus/meal-service/internal/repository/cafeteria_repository.go:61.16,63.3 1 0
github.com/baaaki/mydreamcampus/meal-service/internal/repository/cafeteria_repository.go:64.2,64.23 1 0
github.com/baaaki/mydreamcampus/meal-service/internal/repository/cafeteria_repository.go:68.123,70.16 2 0
github.com/baaaki/mydreamcampus/meal-service/internal/repository/cafeteria_repository.go:70.16,71.27 1 0
github.com/baaaki/mydreamcampus/meal-service/internal/repository/cafeteria_repository.go:71.27,73.4 1 0
github.com/baaaki/mydreamcampus/meal-service/internal/repository/cafeteria_repository.go:74.3,74.108 1 0
github.com/baaaki/mydreamcampus/meal-service/internal/repository/cafeteria_repository.go:76.2,76.23 1 0
github.com/baaaki/mydreamcampus/meal-service/internal/repository/cafeteria_repository.go:80.92,82.16 2 0
github.com/baaaki/mydreamcampus/meal-service/internal/repository/cafeteria_repository.go:82.16,83.27 1 0
github.com/baaaki/mydreamcampus/meal-service/internal/repository/cafeteria_repository.go:83.27,85.4 1 0
github.com/baaaki/mydreamcampus/meal-service/internal/repository/cafeteria_repository.go:86.3,86.96 1 0
github.com/baaaki/mydreamcampus/meal-service/internal/repository/cafeteria_repository.go:88.2,88.12 1 0
github.com/baaaki/mydreamcampus/meal-service/internal/repository/closed_days_cache.go:29.90,35.2 1 0
github.com/baaaki/mydreamcampus/meal-service/internal/repository/closed_days_cache.go:37.93,41.75 3 0
github.com/baaaki/mydreamcampus/meal-service/internal/repository/closed_days_cache.go:41.75,44.3 2 0
github.com/baaaki/mydreamcampus/meal-service/internal/repository/closed_days_cache.go:45.2,48.16 3 0
github.com/baaaki/mydreamcampus/meal-service/internal/repository/closed_days_cache.go:48.16,50.3 1 0
github.com/baaaki/mydreamcampus/meal-service/internal/repository/closed_days_cache.go:52.2,56.20 4 0
github.com/baaaki/mydreamcampus/meal-service/internal/repository/closed_days_cache.go:60.40,64.2 3 0
github.com/baaaki/mydreamcampus/meal-service/internal/repository/closed_days_cache.go:68.119,70.16 2 0
github.com/baaaki/mydreamcampus/meal-service/internal/repository/closed_days_cache.go:70.16,72.3 1 0
github.com/baaaki/mydreamcampus/meal-service/internal/repository/closed_days_cache.go:73.2,73.20 1 0
github.com/baaaki/mydreamcampus/meal-service/internal/repository/closed_days_cache.go:76.86,77.57 1 0
github.com/baaaki/mydreamcampus/meal-service/internal/repository/closed_days_cache.go:77.57,79.3 1 0
github.com/baaaki/mydreamcampus/meal-service/internal/repository/closed_days_cache.go:80.2,81.12 2 0
github.com/baaaki/mydreamcampus/meal-service/internal/repository/closed_days_cache.go:84.119,86.2 1 0
github.com/baaaki/mydreamcampus/meal-service/internal/repository/closed_days_cache.go:88.139,90.2 1 0
github.com/baaaki/mydreamcampus/meal-service/internal/repository/closed_days_cache.go:92.98,93.74 1 0
github.com/baaaki/mydreamcampus/meal-service/internal/repository/closed_days_cache.go:93.74,95.3 1 0
github.com/baaaki/mydreamcampus/meal-service/internal/repository/closed_days_cache.go:96.2,97.12 2 0
github.com/baaaki/mydreamcampus/meal-service/internal/repository/closed_days_repository.go:15.72,19.2 1 0
github.com/baaaki/mydreamcampus/meal-service/internal/repository/closed_days_repository.go:21.124,23.2 1 0
github.com/baaaki/mydreamcampus/meal-service/internal/repository/closed_days_repository.go:25.91,27.2 1 0
github.com/baaaki/mydreamcampus/meal-service/internal/repository/closed_days_repository.go:29.124,31.2 1 0
github.com/baaaki/mydreamcampus/meal-service/internal/repository/closed_days_repository.go:33.98,35.2 1 0
github.com/baaaki/mydreamcampus/meal-service/internal/repository/closed_days_repository.go:37.144,39.2 1 0
github.com/baaaki/mydreamcampus/meal-service/internal/repository/closed_days_repository.go:41.103,43.2 1 0
github.com/baaaki/mydreamcampus/meal-service/internal/repository/menu_repository.go:18.60,23.2 1 0
github.com/baaaki/mydreamcampus/meal-service/internal/repository/menu_repository.go:26.124,28.16 2 0
github.com/baaaki/mydreamcampus/meal-service/internal/repository/menu_repository.go:28.16,30.3 1 0
github.com/baaaki/mydreamcampus/meal-service/internal/repository/menu_repository.go:31.2,31.18 1 0
github.com/baaaki/mydreamcampus/meal-service/internal/repository/menu_repository.go:35.118,37.16 2 0
github.com/baaaki/mydreamcampus/meal-service/internal/repository/menu_repository.go:37.16,38.27 1 0
github.com/baaaki/mydreamcampus/meal-service/internal/repository/menu_repository.go:38.27,40.4 1 0
github.com/baaaki/mydreamcampus/meal-service/internal/repository/menu_repository.go:41.3,41.110 1 0
github.com/baaaki/mydreamcampus/meal-service/internal/repository/menu_repository.go:43.2,43.18 1 0
github.com/baaaki/mydreamcampus/meal-service/internal/repository/outbox_repository.go:20.64,25.2 1 0
github.com/baaaki/mydreamcampus/meal-service/internal/repository/outbox_repository.go:28.126,30.16 2 0
github.com/baaaki/mydreamcampus/meal-service/internal/repository/outbox_repository.go:30.16,32.3 1 0
github.com/baaaki/mydreamcampus/meal-service/internal/repository/outbox_repository.go:33.2,33.19 1 0
github.com/baaaki/mydreamcampus/meal-service/internal/repository/outbox_repository.go:37.111,39.16 2 0
github.com/baaaki/mydreamcampus/meal-service/internal/repository/outbox_repository.go:39.16,41.3 1 0
github.com/baaaki/mydreamcampus/meal-service/internal/repository/outbox_repository.go:42.2,42.20 1 0
github.com/baaaki/mydreamcampus/meal-service/internal/repository/outbox_repository.go:46.94,48.16 2 0
github.com/baaaki/mydreamcampus/meal-service/internal/repository/outbox_repository.go:48.16,50.3 1 0
github.com/baaaki/mydreamcampus/meal-service/internal/repository/outbox_repository.go:51.2,51.12 1 0
github.com/baaaki/mydreamcampus/meal-service/internal/repository/outbox_repository.go:55.108,60.16 2 0
github.com/baaaki/mydreamcampus/meal-service/internal/repository/outbox_repository.go:60.16,62.3 1 0
github.com/baaaki/mydreamcampus/meal-service/internal/repository/outbox_repository.go:63.2,63.12 1 0
github.com/baaaki/mydreamcampus/meal-service/internal/repository/outbox_repository.go:67.141,73.16 2 0
github.com/baaaki/mydreamcampus/meal-service/internal/repository/outbox_repository.go:73.16,75.3 1 0
github.com/baaaki/mydreamcampus/meal-service/internal/repository/outbox_repository.go:76.2,76.12 1 0
github.com/baaaki/mydreamcampus/meal-service/internal/repository/outbox_repository.go:80.97,82.16 2 0
github.com/baaaki/mydreamcampus/meal-service/internal/repository/outbox_repository.go:82.16,84.3 1 0
github.com/baaaki/mydreamcampus/meal-service/internal/repository/outbox_repository.go:85.2,85.20 1 0
github.com/baaaki/mydreamcampus/meal-service/internal/repository/processed_events_repository.go:19.82,24.2 1 0
github.com/baaaki/mydreamcampus/meal-service/internal/repository/processed_events_repository.go:27.123,29.16 2 0
github.com/baaaki/mydreamcampus/meal-service/internal/repository/processed_events_repository.go:29.16,31.3 1 0
github.com/baaaki/mydreamcampus/meal-service/internal/repository/processed_events_repository.go:32.2,32.12 1 0
github.com/baaaki/mydreamcampus/meal-service/internal/repository/processed_events_repository.go:36.108,38.16 2 0
github.com/baaaki/mydreamcampus/meal-service/internal/repository/processed_events_repository.go:38.16,40.3 1 0
github.com/baaaki/mydreamcampus/meal-service/internal/repository/processed_events_repository.go:41.2,41.20 1 0
github.com/baaaki/mydreamcampus/meal-service/internal/repository/processed_events_repository.go:45.90,47.16 2 0
github.com/baaaki/mydreamcampus/meal-service/internal/repository/processed_events_repository.go:47.16,49.3 1 0
github.com/baaaki/mydreamcampus/meal-service/internal/repository/processed_events_repository.go:50.2,50.12 1 0
github.com/baaaki/mydreamcampus/meal-service/internal/repository/reservation_repository.go:23.74,28.2 1 0
github.com/baaaki/mydreamcampus/meal-service/internal/repository/reservation_repository.go:31.131,33.16 2 0
github.com/baaaki/mydreamcampus/meal-service/internal/repository/reservation_repository.go:33.16,35.3 1 0
github.com/baaaki/mydreamcampus/meal-service/internal/repository/reservation_repository.go:36.2,36.25 1 0
github.com/baaaki/mydreamcampus/meal-service/internal/repository/reservation_repository.go:40.191,42.16 2 0
github.com/baaaki/mydreamcampus/meal-service/internal/repository/reservation_repository.go:42.16,44.3 1 0
github.com/baaaki/mydreamcampus/meal-service/internal/repository/reservation_repository.go:45.2,51.16 4 0
github.com/baaaki/mydreamcampus/meal-service/internal/repository/reservation_repository.go:51.16,53.3 1 0
github.com/baaaki/mydreamcampus/meal-service/internal/repository/reservation_repository.go:56.2,57.16 2 0
github.com/baaaki/mydreamcampus/meal-service/internal/repository/reservation_repository.go:57.16,59.3 1 0
github.com/baaaki/mydreamcampus/meal-service/internal/repository/reservation_repository.go:61.2,61.38 1 0
github.com/baaaki/mydreamcampus/meal-service/internal/repository/reservation_repository.go:61.38,63.3 1 0
github.com/baaaki/mydreamcampus/meal-service/internal/repository/reservation_repository.go:65.2,65.25 1 0
github.com/baaaki/mydreamcampus/meal-service/internal/repository/reservation_repository.go:69.147,71.16 2 0
github.com/baaaki/mydreamcampus/meal-service/internal/repository/reservation_repository.go:71.16,73.3 1 0
github.com/baaaki/mydreamcampus/meal-service/internal/repository/reservation_repository.go:74.2,79.38 4 0
github.com/baaaki/mydreamcampus/meal-service/internal/repository/reservation_repository.go:79.38,81.17 2 0
github.com/baaaki/mydreamcampus/meal-service/internal/repository/reservation_repository.go:81.17,83.4 1 0
github.com/baaaki/mydreamcampus/meal-service/internal/repository/reservation_repository.go:84.3,84.65 1 0
github.com/baaaki/mydreamcampus/meal-service/internal/repository/reservation_repository.go:87.2,87.38 1 0
github.com/baaaki/mydreamcampus/meal-service/internal/repository/reservation_repository.go:87.38,89.3 1 0
github.com/baaaki/mydreamcampus/meal-service/internal/repository/reservation_repository.go:91.2,91.33 1 0
github.com/baaaki/mydreamcampus/meal-service/internal/repository/reservation_repository.go:95.121,97.16 2 0
github.com/baaaki/mydreamcampus/meal-service/internal/repository/reservation_repository.go:97.16,98.27 1 0
github.com/baaaki/mydreamcampus/meal-service/internal/repository/reservation_repository.go:98.27,100.4 1 0
github.com/baaaki/mydreamcampus/meal-service/internal/repository/reservation_repository.go:101.3,101.119 1 0
github.com/baaaki/mydreamcampus/meal-service/internal/repository/reservation_repository.go:103.2,103.25 1 0
github.com/baaaki/mydreamcampus/meal-service/internal/repository/reservation_repository.go:107.156,109.16 2 0
github.com/baaaki/mydreamcampus/meal-service/internal/repository/reservation_repository.go:109.16,110.27 1 0
github.com/baaaki/mydreamcampus/meal-service/internal/repository/reservation_repository.go:110.27,112.4 1 0
github.com/baaaki/mydreamcampus/meal-service/internal/repository/reservation_repository.go:113.3,113.105 1 0
github.com/baaaki/mydreamcampus/meal-service/internal/repository/reservation_repository.go:115.2,115.26 1 0
github.com/baaaki/mydreamcampus/meal-service/internal/repository/reservation_repository.go:119.184,121.16 2 0
github.com/baaaki/mydreamcampus/meal-service/internal/repository/reservation_repository.go:121.16,123.3 1 0
github.com/baaaki/mydreamcampus/meal-service/internal/repository/reservation_repository.go:124.2,124.18 1 0
github.com/baaaki/mydreamcampus/meal-service/internal/repository/reservation_repository.go:128.138,130.16 2 0
github.com/baaaki/mydreamcampus/meal-service/internal/repository/reservation_repository.go:130.16,132.3 1 0
github.com/baaaki/mydreamcampus/meal-service/internal/repository/reservation_repository.go:133.2,133.26 1 0
github.com/baaaki/mydreamcampus/meal-service/internal/repository/reservation_repository.go:137.181,139.16 2 0
github.com/baaaki/mydreamcampus/meal-service/internal/repository/reservation_repository.go:139.16,141.3 1 0
github.com/baaaki/mydreamcampus/meal-service/internal/repository/reservation_repository.go:142.2,142.26 1 0
github.com/baaaki/mydreamcampus/meal-service/internal/repository/reservation_repository.go:146.152,148.16 2 0
github.com/baaaki/mydreamcampus/meal-service/internal/repository/reservation_repository.go:148.16,150.3 1 0
github.com/baaaki/mydreamcampus/meal-service/internal/repository/reservation_repository.go:151.2,151.19 1 0
github.com/baaaki/mydreamcampus/meal-service/internal/repository/reservation_repository.go:155.139,157.16 2 0
github.com/baaaki/mydreamcampus/meal-service/internal/repository/reservation_repository.go:157.16,158.27 1 0
github.com/baaaki/mydreamcampus/meal-service/internal/repository/reservation_repository.go:158.27,160.4 1 0
github.com/baaaki/mydreamcampus/meal-service/internal/repository/reservation_repository.go:161.3,161.112 1 0
github.com/baaaki/mydreamcampus/meal-service/internal/repository/reservation_repository.go:163.2,163.25 1 0
github.com/baaaki/mydreamcampus/meal-service/internal/repository/reservation_repository.go:167.133,169.16 2 0
github.com/baaaki/mydreamcampus/meal-service/internal/repository/reservation_repository.go:169.16,171.3 1 0
github.com/baaaki/mydreamcampus/meal-service/internal/repository/reservation_repository.go:172.2,172.12 1 0
github.com/baaaki/mydreamcampus/meal-service/internal/repository/reservation_repository.go:176.112,178.16 2 0
github.com/baaaki/mydreamcampus/meal-service/internal/repository/reservation_repository.go:178.16,179.27 1 0
github.com/baaaki/mydreamcampus/meal-service/internal/repository/reservation_repository.go:179.27,181.4 1 0
github.com/baaaki/mydreamcampus/meal-service/internal/repository/reservation_repository.go:182.3,182.118 1 0
github.com/baaaki/mydreamcampus/meal-service/internal/repository/reservation_repository.go:184.2,184.25 1 0
github.com/baaaki/mydreamcampus/meal-service/internal/repository/reservation_repository.go:188.149,190.16 2 0
github.com/baaaki/mydreamcampus/meal-service/internal/repository/reservation_repository.go:190.16,191.27 1 0
github.com/baaaki/mydreamcampus/meal-service/internal/repository/reservation_repository.go:191.27,193.4 1 0
github.com/baaaki/mydreamcampus/meal-service/internal/repository/reservation_repository.go:194.3,194.129 1 0
github.com/baaaki/mydreamcampus/meal-service/internal/repository/reservation_repository.go:196.2,196.25 1 0
github.com/baaaki/mydreamcampus/meal-service/internal/repository/reservation_repository.go:200.160,202.16 2 0
github.com/baaaki/mydreamcampus/meal-service/internal/repository/reservation_repository.go:202.16,204.3 1 0
github.com/baaaki/mydreamcampus/meal-service/internal/repository/reservation_repository.go:205.2,211.16 4 0
github.com/baaaki/mydreamcampus/meal-service/internal/repository/reservation_repository.go:211.16,212.27 1 0
github.com/baaaki/mydreamcampus/meal-service/internal/repository/reservation_repository.go:212.27,214.4 1 0
github.com/baaaki/mydreamcampus/meal-service/internal/repository/reservation_repository.go:215.3,215.112 1 0
github.com/baaaki/mydreamcampus/meal-service/internal/repository/reservation_repository.go:219.2,220.16 2 0
github.com/baaaki/mydreamcampus/meal-service/internal/repository/reservation_repository.go:220.16,222.3 1 0
github.com/baaaki/mydreamcampus/meal-service/internal/repository/reservation_repository.go:224.2,231.16 2 0
github.com/baaaki/mydreamcampus/meal-service/internal/repository/reservation_repository.go:231.16,233.3 1 0
github.com/baaaki/mydreamcampus/meal-service/internal/repository/reservation_repository.go:235.2,235.38 1 0
github.com/baaaki/mydreamcampus/meal-service/internal/repository/reservation_repository.go:235.38,237.3 1 0
github.com/baaaki/mydreamcampus/meal-service/internal/repository/reservation_repository.go:239.2,239.25 1 0
github.com/baaaki/mydreamcampus/meal-service/internal/repository/reservation_repository.go:243.99,245.16 2 0
github.com/baaaki/mydreamcampus/meal-service/internal/repository/reservation_repository.go:245.16,247.3 1 0
github.com/baaaki/mydreamcampus/meal-service/internal/repository/reservation_repository.go:248.2,248.12 1 0
github.com/baaaki/mydreamcampus/meal-service/internal/repository/reservation_repository.go:252.100,254.16 2 0
github.com/baaaki/mydreamcampus/meal-service/internal/repository/reservation_repository.go:254.16,256.3 1 0
github.com/baaaki/mydreamcampus/meal-service/internal/repository/reservation_repository.go:257.2,257.12 1 0
github.com/baaaki/mydreamcampus/meal-service/internal/repository/reservation_repository.go:261.150,263.16 2 0
github.com/baaaki/mydreamcampus/meal-service/internal/repository/reservation_repository.go:263.16,265.3 1 0
github.com/baaaki/mydreamcampus/meal-service/internal/repository/reservation_repository.go:266.2,271.36 3 0
github.com/baaaki/mydreamcampus/meal-service/internal/repository/reservation_repository.go:271.36,277.17 2 0
github.com/baaaki/mydreamcampus/meal-service/internal/repository/reservation_repository.go:277.17,279.4 1 0
github.com/baaaki/mydreamcampus/meal-service/internal/repository/reservation_repository.go:283.2,283.40 1 0
github.com/baaaki/mydreamcampus/meal-service/internal/repository/reservation_repository.go:283.40,285.17 2 0
github.com/baaaki/mydreamcampus/meal-service/internal/repository/reservation_repository.go:285.17,287.4 1 0
github.com/baaaki/mydreamcampus/meal-service/internal/repository/reservation_repository.go:289.3,296.17 2 0
github.com/baaaki/mydreamcampus/meal-service/internal/repository/reservation_repository.go:296.17,298.4 1 0
github.com/baaaki/mydreamcampus/meal-service/internal/repository/reservation_repository.go:301.2,301.38 1 0
github.com/baaaki/mydreamcampus/meal-service/internal/repository/reservation_repository.go:301.38,303.3 1 0
github.com/baaaki/mydreamcampus/meal-service/internal/repository/reservation_repository.go:305.2,305.12 1 0
github.com/baaaki/mydreamcampus/meal-service/internal/repository/student_cache_repository.go:20.76,25.2 1 0
github.com/baaaki/mydreamcampus/meal-service/internal/repository/student_cache_repository.go:28.136,30.16 2 0
github.com/baaaki/mydreamcampus/meal-service/internal/repository/student_cache_repository.go:30.16,32.3 1 0
github.com/baaaki/mydreamcampus/meal-service/internal/repository/student_cache_repository.go:33.2,33.21 1 0
github.com/baaaki/mydreamcampus/meal-service/internal/repository/student_cache_repository.go:37.115,39.16 2 0
github.com/baaaki/mydreamcampus/meal-service/internal/repository/student_cache_repository.go:39.16,40.27 1 0
github.com/baaaki/mydreamcampus/meal-service/internal/repository/student_cache_repository.go:40.27,42.4 1 0
github.com/baaaki/mydreamcampus/meal-service/internal/repository/student_cache_repository.go:43.3,43.113 1 0
github.com/baaaki/mydreamcampus/meal-service/internal/repository/student_cache_repository.go:45.2,45.21 1 0
github.com/baaaki/mydreamcampus/meal-service/internal/repository/student_cache_repository.go:49.94,51.16 2 0
github.com/baaaki/mydreamcampus/meal-service/internal/repository/student_cache_repository.go:51.16,53.3 1 0
github.com/baaaki/mydreamcampus/meal-service/internal/repository/student_cache_repository.go:54.2,54.12 1 0
github.com/baaaki/mydreamcampus/meal-service/internal/repository/student_cache_repository.go:58.98,60.16 2 0
github.com/baaaki/mydreamcampus/meal-service/internal/repository/student_cache_repository.go:60.16,62.3 1 0
github.com/baaaki/mydreamcampus/meal-service/internal/repository/student_cache_repository.go:63.2,63.12 1 0
github.com/baaaki/mydreamcampus/meal-service/internal/service/cafeteria_service.go:22.111,27.2 1 0
github.com/baaaki/mydreamcampus/meal-service/internal/service/cafeteria_service.go:30.105,32.16 2 0
github.com/baaaki/mydreamcampus/meal-service/internal/service/cafeteria_service.go:32.16,35.3 2 0
github.com/baaaki/mydreamcampus/meal-service/internal/service/cafeteria_service.go:37.2,41.31 2 0
[...]
github.com/baaaki/mydreamcampus/meal-service/internal/service/reservation_service.go:177.20,180.4 1 0
github.com/baaaki/mydreamcampus/meal-service/internal/service/reservation_service.go:181.3,181.18 1 0
github.com/baaaki/mydreamcampus/meal-service/internal/service/reservation_service.go:184.2,208.8 2 0
github.com/baaaki/mydreamcampus/meal-service/internal/service/reservation_service.go:212.173,215.16 2 0
github.com/baaaki/mydreamcampus/meal-service/internal/service/reservation_service.go:215.16,216.51 1 0
github.com/baaaki/mydreamcampus/meal-service/internal/service/reservation_service.go:216.51,218.4 1 0
github.com/baaaki/mydreamcampus/meal-service/internal/service/reservation_service.go:219.3,219.18 1 0
github.com/baaaki/mydreamcampus/meal-service/internal/service/reservation_service.go:222.2,222.23 1 0
github.com/baaaki/mydreamcampus/meal-service/internal/service/reservation_service.go:222.23,224.3 1 0
github.com/baaaki/mydreamcampus/meal-service/internal/service/reservation_service.go:227.2,236.37 7 0
github.com/baaaki/mydreamcampus/meal-service/internal/service/reservation_service.go:236.37,239.17 2 0
github.com/baaaki/mydreamcampus/meal-service/internal/service/reservation_service.go:239.17,247.12 2 0
github.com/baaaki/mydreamcampus/meal-service/internal/service/reservation_service.go:251.3,251.73 1 0
github.com/baaaki/mydreamcampus/meal-service/internal/service/reservation_service.go:251.73,259.12 2 0
github.com/baaaki/mydreamcampus/meal-service/internal/service/reservation_service.go:263.3,264.17 2 0
github.com/baaaki/mydreamcampus/meal-service/internal/service/reservation_service.go:264.17,272.12 2 0
github.com/baaaki/mydreamcampus/meal-service/internal/service/reservation_service.go:276.3,277.50 2 0
github.com/baaaki/mydreamcampus/meal-service/internal/service/reservation_service.go:277.50,279.4 1 0
github.com/baaaki/mydreamcampus/meal-service/internal/service/reservation_service.go:279.9,281.18 2 0
github.com/baaaki/mydreamcampus/meal-service/internal/service/reservation_service.go:281.18,282.63 1 0
github.com/baaaki/mydreamcampus/meal-service/internal/service/reservation_service.go:282.63,290.6 1 0
github.com/baaaki/mydreamcampus/meal-service/internal/service/reservation_service.go:290.11,292.6 1 0
github.com/baaaki/mydreamcampus/meal-service/internal/service/reservation_service.go:293.5,293.13 1 0
github.com/baaaki/mydreamcampus/meal-service/internal/service/reservation_service.go:295.4,295.41 1 0
github.com/baaaki/mydreamcampus/meal-service/internal/service/reservation_service.go:298.3,298.26 1 0
github.com/baaaki/mydreamcampus/meal-service/internal/service/reservation_service.go:298.26,306.12 2 0
github.com/baaaki/mydreamcampus/meal-service/internal/service/reservation_service.go:310.3,310.86 1 0
github.com/baaaki/mydreamcampus/meal-service/internal/service/reservation_service.go:310.86,318.12 2 0
github.com/baaaki/mydreamcampus/meal-service/internal/service/reservation_service.go:322.3,333.5 3 0
github.com/baaaki/mydreamcampus/meal-service/internal/service/reservation_service.go:337.2,337.31 1 0
github.com/baaaki/mydreamcampus/meal-service/internal/service/reservation_service.go:337.31,340.3 2 0
github.com/baaaki/mydreamcampus/meal-service/internal/service/reservation_service.go:343.2,343.32 1 0
github.com/baaaki/mydreamcampus/meal-service/internal/service/reservation_service.go:343.32,346.39 3 0
github.com/baaaki/mydreamcampus/meal-service/internal/service/reservation_service.go:346.39,349.4 2 0
github.com/baaaki/mydreamcampus/meal-service/internal/service/reservation_service.go:351.3,356.17 2 0
github.com/baaaki/mydreamcampus/meal-service/internal/service/reservation_service.go:356.17,358.4 1 0
github.com/baaaki/mydreamcampus/meal-service/internal/service/reservation_service.go:360.3,360.36 1 0
github.com/baaaki/mydreamcampus/meal-service/internal/service/reservation_service.go:360.36,368.4 1 0
github.com/baaaki/mydreamcampus/meal-service/internal/service/reservation_service.go:372.2,372.24 1 0
github.com/baaaki/mydreamcampus/meal-service/internal/service/reservation_service.go:372.24,375.3 2 0
github.com/baaaki/mydreamcampus/meal-service/internal/service/reservation_service.go:380.2,381.16 2 0
github.com/baaaki/mydreamcampus/meal-service/internal/service/reservation_service.go:381.16,382.29 1 0
github.com/baaaki/mydreamcampus/meal-service/internal/service/reservation_service.go:382.29,384.4 1 0
github.com/baaaki/mydreamcampus/meal-service/internal/service/reservation_service.go:385.3,386.18 2 0
github.com/baaaki/mydreamcampus/meal-service/internal/service/reservation_service.go:390.2,399.16 4 0
github.com/baaaki/mydreamcampus/meal-service/internal/service/reservation_service.go:399.16,406.20 2 0
github.com/baaaki/mydreamcampus/meal-service/internal/service/reservation_service.go:406.20,409.4 1 0
github.com/baaaki/mydreamcampus/meal-service/internal/service/reservation_service.go:410.3,410.18 1 0
github.com/baaaki/mydreamcampus/meal-service/internal/service/reservation_service.go:414.2,415.33 2 0
github.com/baaaki/mydreamcampus/meal-service/internal/service/reservation_service.go:415.33,427.3 2 0
github.com/baaaki/mydreamcampus/meal-service/internal/service/reservation_service.go:429.2,443.8 2 0
github.com/baaaki/mydreamcampus/meal-service/internal/service/reservation_service.go:447.158,455.26 5 0
github.com/baaaki/mydreamcampus/meal-service/internal/service/reservation_service.go:455.26,457.17 2 0
github.com/baaaki/mydreamcampus/meal-service/internal/service/reservation_service.go:457.17,459.4 1 0
github.com/baaaki/mydreamcampus/meal-service/internal/service/reservation_service.go:460.3,460.47 1 0
github.com/baaaki/mydreamcampus/meal-service/internal/service/reservation_service.go:463.2,463.24 1 0
github.com/baaaki/mydreamcampus/meal-service/internal/service/reservation_service.go:463.24,465.17 2 0
github.com/baaaki/mydreamcampus/meal-service/internal/service/reservation_service.go:465.17,467.4 1 0
github.com/baaaki/mydreamcampus/meal-service/internal/service/reservation_service.go:468.3,468.45 1 0
github.com/baaaki/mydreamcampus/meal-service/internal/service/reservation_service.go:471.2,471.24 1 0
github.com/baaaki/mydreamcampus/meal-service/internal/service/reservation_service.go:471.24,473.17 2 0
github.com/baaaki/mydreamcampus/meal-service/internal/service/reservation_service.go:473.17,475.4 1 0
github.com/baaaki/mydreamcampus/meal-service/internal/service/reservation_service.go:476.3,476.88 1 0
github.com/baaaki/mydreamcampus/meal-service/internal/service/reservation_service.go:480.2,484.20 4 0
github.com/baaaki/mydreamcampus/meal-service/internal/service/reservation_service.go:484.20,485.22 1 0
github.com/baaaki/mydreamcampus/meal-service/internal/service/reservation_service.go:485.22,487.4 1 0
github.com/baaaki/mydreamcampus/meal-service/internal/service/reservation_service.go:487.9,489.4 1 0
github.com/baaaki/mydreamcampus/meal-service/internal/service/reservation_service.go:490.3,499.17 3 0
github.com/baaaki/mydreamcampus/meal-service/internal/service/reservation_service.go:499.17,502.4 2 0
github.com/baaaki/mydreamcampus/meal-service/internal/service/reservation_service.go:505.2,513.16 2 0
github.com/baaaki/mydreamcampus/meal-service/internal/service/reservation_service.go:513.16,516.3 2 0
github.com/baaaki/mydreamcampus/meal-service/internal/service/reservation_service.go:519.2,531.20 2 0
github.com/baaaki/mydreamcampus/meal-service/internal/service/reservation_service.go:531.20,533.37 2 0
github.com/baaaki/mydreamcampus/meal-service/internal/service/reservation_service.go:533.37,535.4 1 0
github.com/baaaki/mydreamcampus/meal-service/internal/service/reservation_service.go:536.3,542.43 2 0
github.com/baaaki/mydreamcampus/meal-service/internal/service/reservation_service.go:545.2,545.33 1 0
github.com/baaaki/mydreamcampus/meal-service/internal/service/reservation_service.go:545.33,562.19 2 0
github.com/baaaki/mydreamcampus/meal-service/internal/service/reservation_service.go:563.42,565.16 2 0
github.com/baaaki/mydreamcampus/meal-service/internal/service/reservation_service.go:565.16,567.5 1 0
github.com/baaaki/mydreamcampus/meal-service/internal/service/reservation_service.go:568.40,569.30 1 0
github.com/baaaki/mydreamcampus/meal-service/internal/service/reservation_service.go:570.42,571.32 1 0
github.com/baaaki/mydreamcampus/meal-service/internal/service/reservation_service.go:575.2,575.22 1 0
github.com/baaaki/mydreamcampus/meal-service/internal/service/reservation_service.go:579.152,582.16 2 0
github.com/baaaki/mydreamcampus/meal-service/internal/service/reservation_service.go:582.16,584.3 1 0
github.com/baaaki/mydreamcampus/meal-service/internal/service/reservation_service.go:587.2,588.16 2 0
github.com/baaaki/mydreamcampus/meal-service/internal/service/reservation_service.go:588.16,590.3 1 0
github.com/baaaki/mydreamcampus/meal-service/internal/service/reservation_service.go:592.2,592.23 1 0
github.com/baaaki/mydreamcampus/meal-service/internal/service/reservation_service.go:592.23,594.3 1 0
github.com/baaaki/mydreamcampus/meal-service/internal/service/reservation_service.go:597.2,598.16 2 0
github.com/baaaki/mydreamcampus/meal-service/internal/service/reservation_service.go:598.16,599.63 1 0
github.com/baaaki/mydreamcampus/meal-service/internal/service/reservation_service.go:599.63,601.4 1 0
github.com/baaaki/mydreamcampus/meal-service/internal/service/reservation_service.go:602.3,602.18 1 0
github.com/baaaki/mydreamcampus/meal-service/internal/service/reservation_service.go:606.2,606.60 1 0
github.com/baaaki/mydreamcampus/meal-service/internal/service/reservation_service.go:606.60,608.3 1 0
github.com/baaaki/mydreamcampus/meal-service/internal/service/reservation_service.go:611.2,611.61 1 0
github.com/baaaki/mydreamcampus/meal-service/internal/service/reservation_service.go:611.61,613.3 1 0
github.com/baaaki/mydreamcampus/meal-service/internal/service/reservation_service.go:616.2,616.24 1 0
github.com/baaaki/mydreamcampus/meal-service/internal/service/reservation_service.go:616.24,618.3 1 0
github.com/baaaki/mydreamcampus/meal-service/internal/service/reservation_service.go:622.2,622.103 1 0
github.com/baaaki/mydreamcampus/meal-service/internal/service/reservation_service.go:622.103,624.3 1 0
github.com/baaaki/mydreamcampus/meal-service/internal/service/reservation_service.go:627.2,633.16 2 0
github.com/baaaki/mydreamcampus/meal-service/internal/service/reservation_service.go:633.16,636.3 2 0
github.com/baaaki/mydreamcampus/meal-service/internal/service/reservation_service.go:639.2,650.16 3 0
github.com/baaaki/mydreamcampus/meal-service/internal/service/reservation_service.go:650.16,653.3 2 0
github.com/baaaki/mydreamcampus/meal-service/internal/service/reservation_service.go:655.2,665.8 2 0
github.com/baaaki/mydreamcampus/meal-service/internal/service/reservation_service.go:669.155,672.16 2 0
github.com/baaaki/mydreamcampus/meal-service/internal/service/reservation_service.go:672.16,674.3 1 0
github.com/baaaki/mydreamcampus/meal-service/internal/service/reservation_service.go:677.2,677.74 1 0
github.com/baaaki/mydreamcampus/meal-service/internal/service/reservation_service.go:677.74,679.3 1 0
github.com/baaaki/mydreamcampus/meal-service/internal/service/reservation_service.go:682.2,683.19 2 0
github.com/baaaki/mydreamcampus/meal-service/internal/service/reservation_service.go:683.19,685.3 1 0
github.com/baaaki/mydreamcampus/meal-service/internal/service/reservation_service.go:688.2,688.59 1 0
github.com/baaaki/mydreamcampus/meal-service/internal/service/reservation_service.go:688.59,690.3 1 0
github.com/baaaki/mydreamcampus/meal-service/internal/service/reservation_service.go:693.2,694.16 2 0
github.com/baaaki/mydreamcampus/meal-service/internal/service/reservation_service.go:694.16,696.3 1 0
github.com/baaaki/mydreamcampus/meal-service/internal/service/reservation_service.go:698.2,698.23 1 0
github.com/baaaki/mydreamcampus/meal-service/internal/service/reservation_service.go:698.23,700.3 1 0
github.com/baaaki/mydreamcampus/meal-service/internal/service/reservation_service.go:703.2,713.16 5 0
github.com/baaaki/mydreamcampus/meal-service/internal/service/reservation_service.go:713.16,714.63 1 0
github.com/baaaki/mydreamcampus/meal-service/internal/service/reservation_service.go:714.63,716.4 1 0
github.com/baaaki/mydreamcampus/meal-service/internal/service/reservation_service.go:717.3,717.18 1 0
github.com/baaaki/mydreamcampus/meal-service/internal/service/reservation_service.go:721.2,722.16 2 0
github.com/baaaki/mydreamcampus/meal-service/internal/service/reservation_service.go:722.16,725.3 2 0
github.com/baaaki/mydreamcampus/meal-service/internal/service/reservation_service.go:727.2,739.8 2 0
github.com/baaaki/mydreamcampus/meal-service/internal/service/reservation_service.go:743.137,746.16 2 0
github.com/baaaki/mydreamcampus/meal-service/internal/service/reservation_service.go:746.16,748.3 1 0
github.com/baaaki/mydreamcampus/meal-service/internal/service/reservation_service.go:751.2,752.16 2 0
github.com/baaaki/mydreamcampus/meal-service/internal/service/reservation_service.go:752.16,753.61 1 0
github.com/baaaki/mydreamcampus/meal-service/internal/service/reservation_service.go:753.61,755.4 1 0
github.com/baaaki/mydreamcampus/meal-service/internal/service/reservation_service.go:756.3,756.18 1 0
github.com/baaaki/mydreamcampus/meal-service/internal/service/reservation_service.go:760.2,760.16 1 0
github.com/baaaki/mydreamcampus/meal-service/internal/service/reservation_service.go:760.16,762.3 1 0
github.com/baaaki/mydreamcampus/meal-service/internal/service/reservation_service.go:765.2,769.25 3 0
github.com/baaaki/mydreamcampus/meal-service/internal/service/reservation_service.go:769.25,772.3 2 0
github.com/baaaki/mydreamcampus/meal-service/internal/service/reservation_service.go:772.8,775.3 2 0
github.com/baaaki/mydreamcampus/meal-service/internal/service/reservation_service.go:777.2,787.8 1 0
github.com/baaaki/mydreamcampus/meal-service/internal/service/reservation_service.go:794.97,796.16 2 0
github.com/baaaki/mydreamcampus/meal-service/internal/service/reservation_service.go:796.16,799.3 2 0
github.com/baaaki/mydreamcampus/meal-service/internal/service/reservation_service.go:800.2,800.14 1 0
github.com/baaaki/mydreamcampus/meal-service/internal/service/reservation_service.go:800.14,802.3 1 0
github.com/baaaki/mydreamcampus/meal-service/internal/service/reservation_service.go:804.2,804.12 1 0
github.com/baaaki/mydreamcampus/meal-service/internal/service/reservation_service.go:807.111,808.49 1 0
github.com/baaaki/mydreamcampus/meal-service/internal/service/reservation_service.go:808.49,810.3 1 0
github.com/baaaki/mydreamcampus/meal-service/internal/service/reservation_service.go:812.2,812.49 1 0
github.com/baaaki/mydreamcampus/meal-service/internal/service/reservation_service.go:812.49,814.3 1 0
github.com/baaaki/mydreamcampus/meal-service/internal/service/reservation_service.go:816.2,816.53 1 0
github.com/baaaki/mydreamcampus/meal-service/internal/service/reservation_service.go:816.53,818.3 1 0
github.com/baaaki/mydreamcampus/meal-service/internal/service/reservation_service.go:820.2,820.52 1 0
github.com/baaaki/mydreamcampus/meal-service/internal/service/reservation_service.go:820.52,822.3 1 0
github.com/baaaki/mydreamcampus/meal-service/internal/service/reservation_service.go:824.2,824.12 1 0
github.com/baaaki/mydreamcampus/meal-service/internal/service/reservation_service.go:829.110,833.18 3 5
github.com/baaaki/mydreamcampus/meal-service/internal/service/reservation_service.go:834.28,835.48 1 3
github.com/baaaki/mydreamcampus/meal-service/internal/service/reservation_service.go:836.29,837.49 1 1
github.com/baaaki/mydreamcampus/meal-service/internal/service/reservation_service.go:838.10,839.42 1 1
github.com/baaaki/mydreamcampus/meal-service/internal/service/reservation_service.go:842.2,848.39 3 4
github.com/baaaki/mydreamcampus/meal-service/internal/service/reservation_service.go:848.39,850.3 1 2
github.com/baaaki/mydreamcampus/meal-service/internal/service/reservation_service.go:851.2,851.12 1 2
github.com/baaaki/mydreamcampus/meal-service/internal/service/reservation_service.go:854.76,858.25 3 9
github.com/baaaki/mydreamcampus/meal-service/internal/service/reservation_service.go:858.25,859.82 1 4
github.com/baaaki/mydreamcampus/meal-service/internal/service/reservation_service.go:859.82,861.4 1 2
github.com/baaaki/mydreamcampus/meal-service/internal/service/reservation_service.go:862.8,862.33 1 5
github.com/baaaki/mydreamcampus/meal-service/internal/service/reservation_service.go:862.33,863.84 1 4
github.com/baaaki/mydreamcampus/meal-service/internal/service/reservation_service.go:863.84,865.4 1 2
github.com/baaaki/mydreamcampus/meal-service/internal/service/reservation_service.go:868.2,868.12 1 5
github.com/baaaki/mydreamcampus/meal-service/internal/service/reservation_service.go:874.47,876.2 1 14
github.com/baaaki/mydreamcampus/meal-service/internal/service/reservation_service.go:878.91,883.2 4 1
github.com/baaaki/mydreamcampus/meal-service/internal/service/reservation_service.go:885.67,889.2 3 18
github.com/baaaki/mydreamcampus/meal-service/internal/service/reservation_service.go:891.130,893.21 2 5
github.com/baaaki/mydreamcampus/meal-service/internal/service/reservation_service.go:893.21,895.3 1 4
github.com/baaaki/mydreamcampus/meal-service/internal/service/reservation_service.go:896.2,896.62 1 1
github.com/baaaki/mydreamcampus/meal-service/internal/service/reservation_service.go:901.108,903.16 2 7
github.com/baaaki/mydreamcampus/meal-service/internal/service/reservation_service.go:903.16,905.3 1 1
github.com/baaaki/mydreamcampus/meal-service/internal/service/reservation_service.go:906.2,907.46 2 6
github.com/baaaki/mydreamcampus/meal-service/internal/service/reservation_service.go:907.46,909.3 1 2
github.com/baaaki/mydreamcampus/meal-service/internal/service/reservation_service.go:910.2,912.56 3 4
github.com/baaaki/mydreamcampus/meal-service/internal/service/reservation_service.go:915.90,916.18 1 5
github.com/baaaki/mydreamcampus/meal-service/internal/service/reservation_service.go:917.15,918.35 1 1
github.com/baaaki/mydreamcampus/meal-service/internal/service/reservation_service.go:919.16,920.36 1 1
github.com/baaaki/mydreamcampus/meal-service/internal/service/reservation_service.go:921.10,922.46 1 3
github.com/baaaki/mydreamcampus/meal-service/internal/service/reservation_service.go:926.90,927.18 1 4
github.com/baaaki/mydreamcampus/meal-service/internal/service/reservation_service.go:928.16,929.36 1 1
github.com/baaaki/mydreamcampus/meal-service/internal/service/reservation_service.go:930.15,931.35 1 1
github.com/baaaki/mydreamcampus/meal-service/internal/service/reservation_service.go:932.10,933.46 1 2
github.com/baaaki/mydreamcampus/meal-service/internal/service/reservation_service.go:937.95,938.16 1 6
github.com/baaaki/mydreamcampus/meal-service/internal/service/reservation_service.go:939.17,940.46 1 1
github.com/baaaki/mydreamcampus/meal-service/internal/service/reservation_service.go:941.19,942.48 1 1
github.com/baaaki/mydreamcampus/meal-service/internal/service/reservation_service.go:943.19,944.48 1 1
github.com/baaaki/mydreamcampus/meal-service/internal/service/reservation_service.go:945.17,946.46 1 1
github.com/baaaki/mydreamcampus/meal-service/internal/service/reservation_service.go:947.10,948.40 1 2
github.com/baaaki/mydreamcampus/meal-service/internal/service/reservation_service.go:952.61,953.9 1 0
github.com/baaaki/mydreamcampus/meal-service/internal/service/reservation_service.go:954.58,955.31 1 0
github.com/baaaki/mydreamcampus/meal-service/internal/service/reservation_service.go:956.57,957.30 1 0
github.com/baaaki/mydreamcampus/meal-service/internal/service/reservation_service.go:958.56,959.29 1 0
github.com/baaaki/mydreamcampus/meal-service/internal/service/reservation_service.go:960.56,961.29 1 0
github.com/baaaki/mydreamcampus/meal-service/internal/service/reservation_service.go:962.10,963.28 1 0
