mode: set
github.com/baaaki/mydreamcampus/auth-service/cmd/main.go:26.13,29.16 2 0
github.com/baaaki/mydreamcampus/auth-service/cmd/main.go:29.16,30.55 1 0
github.com/baaaki/mydreamcampus/auth-service/cmd/main.go:37.2,40.60 2 0
github.com/baaaki/mydreamcampus/auth-service/cmd/main.go:40.60,41.61 1 0
github.com/baaaki/mydreamcampus/auth-service/cmd/main.go:43.2,52.16 4 0
github.com/baaaki/mydreamcampus/auth-service/cmd/main.go:52.16,56.3 1 0
github.com/baaaki/mydreamcampus/auth-service/cmd/main.go:57.2,63.16 4 0
github.com/baaaki/mydreamcampus/auth-service/cmd/main.go:63.16,67.3 1 0
github.com/baaaki/mydreamcampus/auth-service/cmd/main.go:68.2,74.16 4 0
github.com/baaaki/mydreamcampus/auth-service/cmd/main.go:74.16,78.3 1 0
github.com/baaaki/mydreamcampus/auth-service/cmd/main.go:79.2,84.50 3 0
github.com/baaaki/mydreamcampus/auth-service/cmd/main.go:84.50,88.3 1 0
github.com/baaaki/mydreamcampus/auth-service/cmd/main.go:91.2,107.51 9 0
github.com/baaaki/mydreamcampus/auth-service/cmd/main.go:107.51,112.3 1 0
github.com/baaaki/mydreamcampus/auth-service/cmd/main.go:115.2,126.57 7 0
github.com/baaaki/mydreamcampus/auth-service/cmd/main.go:126.57,130.3 1 0
github.com/baaaki/mydreamcampus/auth-service/cmd/main.go:133.2,142.12 3 0
github.com/baaaki/mydreamcampus/auth-service/cmd/main.go:142.12,146.77 2 0
github.com/baaaki/mydreamcampus/auth-service/cmd/main.go:146.77,150.4 1 0
github.com/baaaki/mydreamcampus/auth-service/cmd/main.go:154.2,168.50 9 0
github.com/baaaki/mydreamcampus/auth-service/cmd/main.go:168.50,172.3 1 0
github.com/baaaki/mydreamcampus/auth-service/cmd/main.go:174.2,174.30 1 0
github.com/baaaki/mydreamcampus/auth-service/cmd/main.go:177.76,178.25 1 0
github.com/baaaki/mydreamcampus/auth-service/cmd/main.go:178.25,180.3 1 0
github.com/baaaki/mydreamcampus/auth-service/cmd/main.go:182.2,190.45 5 0
github.com/baaaki/mydreamcampus/auth-service/cmd/main.go:190.45,195.3 1 0
github.com/baaaki/mydreamcampus/auth-service/cmd/main.go:198.2,199.2 2 0
github.com/baaaki/mydreamcampus/auth-service/cmd/main.go:199.2,208.3 6 0
github.com/baaaki/mydreamcampus/auth-service/cmd/main.go:208.3,213.4 4 0
github.com/baaaki/mydreamcampus/auth-service/cmd/main.go:216.2,216.15 1 0
github.com/baaaki/mydreamcampus/auth-service/cmd/main.go:219.53,231.16 2 0
github.com/baaaki/mydreamcampus/auth-service/cmd/main.go:231.16,233.3 1 0
github.com/baaaki/mydreamcampus/auth-service/cmd/main.go:236.2,244.16 1 0
github.com/baaaki/mydreamcampus/auth-service/cmd/main.go:244.16,246.3 1 0
github.com/baaaki/mydreamcampus/auth-service/cmd/main.go:249.2,257.16 2 0
github.com/baaaki/mydreamcampus/auth-service/cmd/main.go:257.16,259.3 1 0
github.com/baaaki/mydreamcampus/auth-service/cmd/main.go:262.2,267.41 2 0
github.com/baaaki/mydreamcampus/auth-service/cmd/main.go:267.41,274.17 1 0
github.com/baaaki/mydreamcampus/auth-service/cmd/main.go:274.17,276.4 1 0
github.com/baaaki/mydreamcampus/auth-service/cmd/main.go:280.2,285.39 2 0
github.com/baaaki/mydreamcampus/auth-service/cmd/main.go:285.39,292.17 1 0
github.com/baaaki/mydreamcampus/auth-service/cmd/main.go:292.17,294.4 1 0
github.com/baaaki/mydreamcampus/auth-service/cmd/main.go:297.2,303.12 2 0
github.com/baaaki/mydreamcampus/auth-service/internal/db/db.go:20.28,22.2 1 0
github.com/baaaki/mydreamcampus/auth-service/internal/db/db.go:28.46,32.2 1 0
github.com/baaaki/mydreamcampus/auth-service/internal/db/processed_events.sql.go:19.98,22.2 2 0
github.com/baaaki/mydreamcampus/auth-service/internal/db/processed_events.sql.go:28.87,33.2 4 0
github.com/baaaki/mydreamcampus/auth-service/internal/db/processed_events.sql.go:46.95,49.2 2 0
github.com/baaaki/mydreamcampus/auth-service/internal/db/sessions.sql.go:19.69,22.2 2 0
github.com/baaaki/mydreamcampus/auth-service/internal/db/sessions.sql.go:38.96,58.2 4 0
github.com/baaaki/mydreamcampus/auth-service/internal/db/sessions.sql.go:65.88,68.2 2 0
github.com/baaaki/mydreamcampus/auth-service/internal/db/sessions.sql.go:75.84,78.2 2 0
github.com/baaaki/mydreamcampus/auth-service/internal/db/sessions.sql.go:90.93,93.2 2 0
github.com/baaaki/mydreamcampus/auth-service/internal/db/sessions.sql.go:102.97,116.2 4 0
github.com/baaaki/mydreamcampus/auth-service/internal/db/sessions.sql.go:125.99,127.16 2 0
github.com/baaaki/mydreamcampus/auth-service/internal/db/sessions.sql.go:127.16,129.3 1 0
github.com/baaaki/mydreamcampus/auth-service/internal/db/sessions.sql.go:130.2,132.18 3 0
github.com/baaaki/mydreamcampus/auth-service/internal/db/sessions.sql.go:132.18,143.17 2 0
github.com/baaaki/mydreamcampus/auth-service/internal/db/sessions.sql.go:143.17,145.4 1 0
github.com/baaaki/mydreamcampus/auth-service/internal/db/sessions.sql.go:146.3,146.27 1 0
github.com/baaaki/mydreamcampus/auth-service/internal/db/sessions.sql.go:148.2,148.35 1 0
github.com/baaaki/mydreamcampus/auth-service/internal/db/sessions.sql.go:148.35,150.3 1 0
github.com/baaaki/mydreamcampus/auth-service/internal/db/sessions.sql.go:151.2,151.19 1 0
github.com/baaaki/mydreamcampus/auth-service/internal/db/sessions.sql.go:160.92,163.2 2 0
github.com/baaaki/mydreamcampus/auth-service/internal/db/users.sql.go:18.66,23.2 4 0
github.com/baaaki/mydreamcampus/auth-service/internal/db/users.sql.go:38.111,43.2 4 0
github.com/baaaki/mydreamcampus/auth-service/internal/db/users.sql.go:74.96,97.2 4 0
github.com/baaaki/mydreamcampus/auth-service/internal/db/users.sql.go:108.77,111.2 2 0
github.com/baaaki/mydreamcampus/auth-service/internal/db/users.sql.go:122.83,141.2 4 0
github.com/baaaki/mydreamcampus/auth-service/internal/db/users.sql.go:152.82,171.2 4 0
github.com/baaaki/mydreamcampus/auth-service/internal/db/users.sql.go:180.91,183.2 2 0
github.com/baaaki/mydreamcampus/auth-service/internal/db/users.sql.go:193.94,198.2 4 0
github.com/baaaki/mydreamcampus/auth-service/internal/db/users.sql.go:212.81,215.2 2 0
github.com/baaaki/mydreamcampus/auth-service/internal/db/users.sql.go:225.87,228.2 2 0
github.com/baaaki/mydreamcampus/auth-service/internal/db/users.sql.go:245.87,248.2 2 0
github.com/baaaki/mydreamcampus/auth-service/internal/db/users.sql.go:264.79,267.2 2 0
github.com/baaaki/mydreamcampus/auth-service/config/config.go:56.30,105.42 13 0
github.com/baaaki/mydreamcampus/auth-service/config/config.go:105.42,107.3 1 0
github.com/baaaki/mydreamcampus/auth-service/config/config.go:109.2,109.20 1 0
github.com/baaaki/mydreamcampus/auth-service/config/config.go:113.35,114.25 1 0
github.com/baaaki/mydreamcampus/auth-service/config/config.go:114.25,116.3 1 0
github.com/baaaki/mydreamcampus/auth-service/config/config.go:117.2,117.26 1 0
github.com/baaaki/mydreamcampus/auth-service/config/config.go:117.26,119.3 1 0
github.com/baaaki/mydreamcampus/auth-service/config/config.go:120.2,120.26 1 0
github.com/baaaki/mydreamcampus/auth-service/config/config.go:120.26,122.3 1 0
github.com/baaaki/mydreamcampus/auth-service/config/config.go:123.2,123.24 1 0
github.com/baaaki/mydreamcampus/auth-service/config/config.go:123.24,125.3 1 0
github.com/baaaki/mydreamcampus/auth-service/config/config.go:126.2,126.24 1 0
github.com/baaaki/mydreamcampus/auth-service/config/config.go:126.24,128.3 1 0
github.com/baaaki/mydreamcampus/auth-service/config/config.go:129.2,129.25 1 0
github.com/baaaki/mydreamcampus/auth-service/config/config.go:129.25,131.3 1 0
github.com/baaaki/mydreamcampus/auth-service/config/config.go:132.2,132.35 1 0
github.com/baaaki/mydreamcampus/auth-service/config/config.go:132.35,134.3 1 0
github.com/baaaki/mydreamcampus/auth-service/config/config.go:135.2,135.12 1 0
github.com/baaaki/mydreamcampus/auth-service/internal/handler/auth_handler.go:27.88,32.2 1 0
github.com/baaaki/mydreamcampus/auth-service/internal/handler/auth_handler.go:35.45,46.47 5 0
github.com/baaaki/mydreamcampus/auth-service/internal/handler/auth_handler.go:46.47,55.3 3 0
github.com/baaaki/mydreamcampus/auth-service/internal/handler/auth_handler.go:58.2,68.16 5 0
github.com/baaaki/mydreamcampus/auth-service/internal/handler/auth_handler.go:68.16,74.42 2 0
github.com/baaaki/mydreamcampus/auth-service/internal/handler/auth_handler.go:74.42,80.4 2 0
github.com/baaaki/mydreamcampus/auth-service/internal/handler/auth_handler.go:82.3,82.43 1 0
github.com/baaaki/mydreamcampus/auth-service/internal/handler/auth_handler.go:82.43,88.4 2 0
github.com/baaaki/mydreamcampus/auth-service/internal/handler/auth_handler.go:90.3,94.9 2 0
github.com/baaaki/mydreamcampus/auth-service/internal/handler/auth_handler.go:97.2,114.33 4 0
github.com/baaaki/mydreamcampus/auth-service/internal/handler/auth_handler.go:118.46,130.16 5 0
github.com/baaaki/mydreamcampus/auth-service/internal/handler/auth_handler.go:130.16,139.3 3 0
github.com/baaaki/mydreamcampus/auth-service/internal/handler/auth_handler.go:141.2,145.16 3 0
github.com/baaaki/mydreamcampus/auth-service/internal/handler/auth_handler.go:145.16,150.3 1 0
github.com/baaaki/mydreamcampus/auth-service/internal/handler/auth_handler.go:153.2,167.4 3 0
github.com/baaaki/mydreamcampus/auth-service/internal/handler/auth_handler.go:171.49,183.13 5 0
github.com/baaaki/mydreamcampus/auth-service/internal/handler/auth_handler.go:183.13,190.3 3 0
github.com/baaaki/mydreamcampus/auth-service/internal/handler/auth_handler.go:192.2,193.16 2 0
github.com/baaaki/mydreamcampus/auth-service/internal/handler/auth_handler.go:193.16,202.3 3 0
github.com/baaaki/mydreamcampus/auth-service/internal/handler/auth_handler.go:204.2,209.16 4 0
github.com/baaaki/mydreamcampus/auth-service/internal/handler/auth_handler.go:209.16,218.3 3 0
github.com/baaaki/mydreamcampus/auth-service/internal/handler/auth_handler.go:220.2,235.4 3 0
github.com/baaaki/mydreamcampus/auth-service/internal/handler/auth_handler.go:239.52,251.16 5 0
github.com/baaaki/mydreamcampus/auth-service/internal/handler/auth_handler.go:251.16,260.3 3 0
github.com/baaaki/mydreamcampus/auth-service/internal/handler/auth_handler.go:262.2,266.16 3 0
github.com/baaaki/mydreamcampus/auth-service/internal/handler/auth_handler.go:266.16,271.42 2 0
github.com/baaaki/mydreamcampus/auth-service/internal/handler/auth_handler.go:271.42,277.4 2 0
github.com/baaaki/mydreamcampus/auth-service/internal/handler/auth_handler.go:279.3,283.9 2 0
github.com/baaaki/mydreamcampus/auth-service/internal/handler/auth_handler.go:286.2,300.33 4 0
github.com/baaaki/mydreamcampus/auth-service/internal/handler/auth_handler.go:304.54,310.13 4 0
github.com/baaaki/mydreamcampus/auth-service/internal/handler/auth_handler.go:310.13,316.3 2 0
github.com/baaaki/mydreamcampus/auth-service/internal/handler/auth_handler.go:318.2,319.16 2 0
github.com/baaaki/mydreamcampus/auth-service/internal/handler/auth_handler.go:319.16,325.3 2 0
github.com/baaaki/mydreamcampus/auth-service/internal/handler/auth_handler.go:327.2,328.47 2 0
github.com/baaaki/mydreamcampus/auth-service/internal/handler/auth_handler.go:328.47,334.3 2 0
github.com/baaaki/mydreamcampus/auth-service/internal/handler/auth_handler.go:337.2,338.16 2 0
github.com/baaaki/mydreamcampus/auth-service/internal/handler/auth_handler.go:338.16,344.42 2 0
github.com/baaaki/mydreamcampus/auth-service/internal/handler/auth_handler.go:344.42,350.4 2 0
github.com/baaaki/mydreamcampus/auth-service/internal/handler/auth_handler.go:352.3,356.9 2 0
github.com/baaaki/mydreamcampus/auth-service/internal/handler/auth_handler.go:360.2,371.33 3 0
github.com/baaaki/mydreamcampus/auth-service/internal/handler/auth_handler.go:375.51,381.13 4 0
github.com/baaaki/mydreamcampus/auth-service/internal/handler/auth_handler.go:381.13,387.3 2 0
github.com/baaaki/mydreamcampus/auth-service/internal/handler/auth_handler.go:389.2,390.16 2 0
github.com/baaaki/mydreamcampus/auth-service/internal/handler/auth_handler.go:390.16,396.3 2 0
github.com/baaaki/mydreamcampus/auth-service/internal/handler/auth_handler.go:399.2,401.23 3 0
github.com/baaaki/mydreamcampus/auth-service/internal/handler/auth_handler.go:401.23,403.3 1 0
github.com/baaaki/mydreamcampus/auth-service/internal/handler/auth_handler.go:406.2,407.16 2 0
github.com/baaaki/mydreamcampus/auth-service/internal/handler/auth_handler.go:407.16,417.3 3 0
github.com/baaaki/mydreamcampus/auth-service/internal/handler/auth_handler.go:419.2,419.33 1 0
github.com/baaaki/mydreamcampus/auth-service/internal/handler/auth_handler.go:423.53,429.13 4 0
github.com/baaaki/mydreamcampus/auth-service/internal/handler/auth_handler.go:429.13,435.3 2 0
github.com/baaaki/mydreamcampus/auth-service/internal/handler/auth_handler.go:437.2,438.16 2 0
github.com/baaaki/mydreamcampus/auth-service/internal/handler/auth_handler.go:438.16,444.3 2 0
github.com/baaaki/mydreamcampus/auth-service/internal/handler/auth_handler.go:447.2,449.16 3 0
github.com/baaaki/mydreamcampus/auth-service/internal/handler/auth_handler.go:449.16,455.3 2 0
github.com/baaaki/mydreamcampus/auth-service/internal/handler/auth_handler.go:458.2,460.23 3 0
github.com/baaaki/mydreamcampus/auth-service/internal/handler/auth_handler.go:460.23,462.3 1 0
github.com/baaaki/mydreamcampus/auth-service/internal/handler/auth_handler.go:465.2,466.16 2 0
github.com/baaaki/mydreamcampus/auth-service/internal/handler/auth_handler.go:466.16,472.76 2 0
github.com/baaaki/mydreamcampus/auth-service/internal/handler/auth_handler.go:472.76,478.4 2 0
github.com/baaaki/mydreamcampus/auth-service/internal/handler/auth_handler.go:480.3,484.9 2 0
github.com/baaaki/mydreamcampus/auth-service/internal/handler/auth_handler.go:487.2,489.4 1 0
github.com/baaaki/mydreamcampus/auth-service/internal/repository/auth_repository.go:19.60,24.2 1 0
github.com/baaaki/mydreamcampus/auth-service/internal/repository/auth_repository.go:27.93,29.26 2 0
github.com/baaaki/mydreamcampus/auth-service/internal/repository/auth_repository.go:29.26,31.3 1 0
github.com/baaaki/mydreamcampus/auth-service/internal/repository/auth_repository.go:32.2,32.16 1 0
github.com/baaaki/mydreamcampus/auth-service/internal/repository/auth_repository.go:32.16,34.3 1 0
github.com/baaaki/mydreamcampus/auth-service/internal/repository/auth_repository.go:35.2,35.18 1 0
github.com/baaaki/mydreamcampus/auth-service/internal/repository/auth_repository.go:39.90,41.26 2 0
github.com/baaaki/mydreamcampus/auth-service/internal/repository/auth_repository.go:41.26,43.3 1 0
github.com/baaaki/mydreamcampus/auth-service/internal/repository/auth_repository.go:44.2,44.16 1 0
github.com/baaaki/mydreamcampus/auth-service/internal/repository/auth_repository.go:44.16,46.3 1 0
github.com/baaaki/mydreamcampus/auth-service/internal/repository/auth_repository.go:47.2,47.18 1 0
github.com/baaaki/mydreamcampus/auth-service/internal/repository/auth_repository.go:51.112,53.16 2 0
github.com/baaaki/mydreamcampus/auth-service/internal/repository/auth_repository.go:53.16,55.3 1 0
github.com/baaaki/mydreamcampus/auth-service/internal/repository/auth_repository.go:56.2,56.18 1 0
github.com/baaaki/mydreamcampus/auth-service/internal/repository/auth_repository.go:60.133,67.16 3 0
github.com/baaaki/mydreamcampus/auth-service/internal/repository/auth_repository.go:67.16,69.3 1 0
github.com/baaaki/mydreamcampus/auth-service/internal/repository/auth_repository.go:70.2,70.12 1 0
github.com/baaaki/mydreamcampus/auth-service/internal/repository/auth_repository.go:74.92,76.16 2 0
github.com/baaaki/mydreamcampus/auth-service/internal/repository/auth_repository.go:76.16,78.3 1 0
github.com/baaaki/mydreamcampus/auth-service/internal/repository/auth_repository.go:79.2,79.12 1 0
github.com/baaaki/mydreamcampus/auth-service/internal/repository/auth_repository.go:83.102,85.16 2 0
github.com/baaaki/mydreamcampus/auth-service/internal/repository/auth_repository.go:85.16,87.3 1 0
github.com/baaaki/mydreamcampus/auth-service/internal/repository/auth_repository.go:88.2,88.20 1 0
github.com/baaaki/mydreamcampus/auth-service/internal/repository/auth_repository.go:88.20,90.3 1 0
github.com/baaaki/mydreamcampus/auth-service/internal/repository/auth_repository.go:91.2,91.22 1 0
github.com/baaaki/mydreamcampus/auth-service/internal/repository/auth_repository.go:95.100,97.16 2 0
github.com/baaaki/mydreamcampus/auth-service/internal/repository/auth_repository.go:97.16,99.3 1 0
github.com/baaaki/mydreamcampus/auth-service/internal/repository/auth_repository.go:100.2,100.12 1 0
github.com/baaaki/mydreamcampus/auth-service/internal/repository/auth_repository.go:104.96,106.16 2 0
github.com/baaaki/mydreamcampus/auth-service/internal/repository/auth_repository.go:106.16,108.3 1 0
github.com/baaaki/mydreamcampus/auth-service/internal/repository/auth_repository.go:109.2,109.12 1 0
github.com/baaaki/mydreamcampus/auth-service/internal/repository/auth_repository.go:113.94,115.16 2 0
github.com/baaaki/mydreamcampus/auth-service/internal/repository/auth_repository.go:115.16,117.3 1 0
github.com/baaaki/mydreamcampus/auth-service/internal/repository/auth_repository.go:118.2,118.12 1 0
github.com/baaaki/mydreamcampus/auth-service/internal/repository/auth_repository.go:122.86,124.16 2 0
github.com/baaaki/mydreamcampus/auth-service/internal/repository/auth_repository.go:124.16,126.3 1 0
github.com/baaaki/mydreamcampus/auth-service/internal/repository/auth_repository.go:127.2,127.12 1 0
github.com/baaaki/mydreamcampus/auth-service/internal/repository/auth_repository.go:131.73,133.16 2 0
github.com/baaaki/mydreamcampus/auth-service/internal/repository/auth_repository.go:133.16,135.3 1 0
github.com/baaaki/mydreamcampus/auth-service/internal/repository/auth_repository.go:136.2,136.20 1 0
github.com/baaaki/mydreamcampus/auth-service/internal/repository/auth_repository.go:140.119,145.26 2 0
github.com/baaaki/mydreamcampus/auth-service/internal/repository/auth_repository.go:145.26,148.3 1 0
github.com/baaaki/mydreamcampus/auth-service/internal/repository/auth_repository.go:149.2,149.16 1 0
github.com/baaaki/mydreamcampus/auth-service/internal/repository/auth_repository.go:149.16,151.3 1 0
github.com/baaaki/mydreamcampus/auth-service/internal/repository/auth_repository.go:152.2,152.20 1 0
github.com/baaaki/mydreamcampus/auth-service/internal/repository/auth_repository.go:152.20,154.3 1 0
github.com/baaaki/mydreamcampus/auth-service/internal/repository/auth_repository.go:155.2,155.22 1 0
github.com/baaaki/mydreamcampus/auth-service/internal/repository/event_repository.go:17.62,22.2 1 0
github.com/baaaki/mydreamcampus/auth-service/internal/repository/event_repository.go:25.95,27.16 2 0
github.com/baaaki/mydreamcampus/auth-service/internal/repository/event_repository.go:27.16,29.3 1 0
github.com/baaaki/mydreamcampus/auth-service/internal/repository/event_repository.go:30.2,30.20 1 0
github.com/baaaki/mydreamcampus/auth-service/internal/repository/event_repository.go:34.100,39.16 2 0
github.com/baaaki/mydreamcampus/auth-service/internal/repository/event_repository.go:39.16,41.3 1 0
github.com/baaaki/mydreamcampus/auth-service/internal/repository/event_repository.go:42.2,42.12 1 0
github.com/baaaki/mydreamcampus/auth-service/internal/repository/event_repository.go:46.98,54.16 3 0
github.com/baaaki/mydreamcampus/auth-service/internal/repository/event_repository.go:54.16,56.3 1 0
github.com/baaaki/mydreamcampus/auth-service/internal/repository/event_repository.go:57.2,57.12 1 0
github.com/baaaki/mydreamcampus/auth-service/internal/repository/session_repository.go:19.66,24.2 1 0
github.com/baaaki/mydreamcampus/auth-service/internal/repository/session_repository.go:27.115,29.16 2 0
github.com/baaaki/mydreamcampus/auth-service/internal/repository/session_repository.go:29.16,31.3 1 0
github.com/baaaki/mydreamcampus/auth-service/internal/repository/session_repository.go:32.2,32.21 1 0
github.com/baaaki/mydreamcampus/auth-service/internal/repository/session_repository.go:36.98,38.26 2 0
github.com/baaaki/mydreamcampus/auth-service/internal/repository/session_repository.go:38.26,40.3 1 0
github.com/baaaki/mydreamcampus/auth-service/internal/repository/session_repository.go:41.2,41.16 1 0
github.com/baaaki/mydreamcampus/auth-service/internal/repository/session_repository.go:41.16,43.3 1 0
github.com/baaaki/mydreamcampus/auth-service/internal/repository/session_repository.go:44.2,44.21 1 0
github.com/baaaki/mydreamcampus/auth-service/internal/repository/session_repository.go:48.110,50.16 2 0
github.com/baaaki/mydreamcampus/auth-service/internal/repository/session_repository.go:50.16,52.3 1 0
github.com/baaaki/mydreamcampus/auth-service/internal/repository/session_repository.go:53.2,53.22 1 0
github.com/baaaki/mydreamcampus/auth-service/internal/repository/session_repository.go:57.90,59.16 2 0
github.com/baaaki/mydreamcampus/auth-service/internal/repository/session_repository.go:59.16,61.3 1 0
github.com/baaaki/mydreamcampus/auth-service/internal/repository/session_repository.go:62.2,62.12 1 0
github.com/baaaki/mydreamcampus/auth-service/internal/repository/session_repository.go:66.82,68.16 2 0
github.com/baaaki/mydreamcampus/auth-service/internal/repository/session_repository.go:68.16,70.3 1 0
github.com/baaaki/mydreamcampus/auth-service/internal/repository/session_repository.go:71.2,71.12 1 0
github.com/baaaki/mydreamcampus/auth-service/internal/repository/session_repository.go:75.103,80.16 2 0
github.com/baaaki/mydreamcampus/auth-service/internal/repository/session_repository.go:80.16,82.3 1 0
github.com/baaaki/mydreamcampus/auth-service/internal/repository/session_repository.go:83.2,83.12 1 0
github.com/baaaki/mydreamcampus/auth-service/internal/repository/session_repository.go:87.96,89.16 2 0
github.com/baaaki/mydreamcampus/auth-service/internal/repository/session_repository.go:89.16,91.3 1 0
github.com/baaaki/mydreamcampus/auth-service/internal/repository/session_repository.go:92.2,92.12 1 0
github.com/baaaki/mydreamcampus/auth-service/internal/repository/session_repository.go:96.79,98.16 2 0
github.com/baaaki/mydreamcampus/auth-service/internal/repository/session_repository.go:98.16,100.3 1 0
github.com/baaaki/mydreamcampus/auth-service/internal/repository/session_repository.go:101.2,101.12 1 0
github.com/baaaki/mydreamcampus/auth-service/internal/worker/event_consumer.go:23.18,28.2 1 0
github.com/baaaki/mydreamcampus/auth-service/internal/worker/event_consumer.go:31.58,36.16 3 0
github.com/baaaki/mydreamcampus/auth-service/internal/worker/event_consumer.go:36.16,38.3 1 0
github.com/baaaki/mydreamcampus/auth-service/internal/worker/event_consumer.go:41.2,41.37 1 0
github.com/baaaki/mydreamcampus/auth-service/internal/worker/event_consumer.go:41.37,44.58 2 0
github.com/baaaki/mydreamcampus/auth-service/internal/worker/event_consumer.go:44.58,46.4 1 0
github.com/baaaki/mydreamcampus/auth-service/internal/worker/event_consumer.go:48.3,54.30 2 0
github.com/baaaki/mydreamcampus/auth-service/internal/worker/event_consumer.go:55.26,56.44 1 0
github.com/baaaki/mydreamcampus/auth-service/internal/worker/event_consumer.go:57.24,58.42 1 0
github.com/baaaki/mydreamcampus/auth-service/internal/worker/event_consumer.go:59.43,60.41 1 0
github.com/baaaki/mydreamcampus/auth-service/internal/worker/event_consumer.go:61.51,62.45 1 0
github.com/baaaki/mydreamcampus/auth-service/internal/worker/event_consumer.go:63.11,67.14 2 0
github.com/baaaki/mydreamcampus/auth-service/internal/worker/event_consumer.go:72.2,73.16 2 0
github.com/baaaki/mydreamcampus/auth-service/internal/worker/event_consumer.go:73.16,75.3 1 0
github.com/baaaki/mydreamcampus/auth-service/internal/worker/event_consumer.go:77.2,78.12 2 0
github.com/baaaki/mydreamcampus/auth-service/internal/worker/event_consumer.go:83.86,85.53 2 0
github.com/baaaki/mydreamcampus/auth-service/internal/worker/event_consumer.go:85.53,90.3 2 0
github.com/baaaki/mydreamcampus/auth-service/internal/worker/event_consumer.go:92.2,92.56 1 0
github.com/baaaki/mydreamcampus/auth-service/internal/worker/event_consumer.go:96.84,98.53 2 0
github.com/baaaki/mydreamcampus/auth-service/internal/worker/event_consumer.go:98.53,103.3 2 0
github.com/baaaki/mydreamcampus/auth-service/internal/worker/event_consumer.go:105.2,105.54 1 0
github.com/baaaki/mydreamcampus/auth-service/internal/worker/event_consumer.go:109.83,111.53 2 0
github.com/baaaki/mydreamcampus/auth-service/internal/worker/event_consumer.go:111.53,116.3 2 0
github.com/baaaki/mydreamcampus/auth-service/internal/worker/event_consumer.go:118.2,118.53 1 0
github.com/baaaki/mydreamcampus/auth-service/internal/worker/event_consumer.go:122.87,124.53 2 0
github.com/baaaki/mydreamcampus/auth-service/internal/worker/event_consumer.go:124.53,129.3 2 0
github.com/baaaki/mydreamcampus/auth-service/internal/worker/event_consumer.go:131.2,131.57 1 0
github.com/baaaki/mydreamcampus/auth-service/internal/service/auth_service.go:37.16,45.2 1 0
github.com/baaaki/mydreamcampus/auth-service/internal/service/auth_service.go:48.137,62.16 3 0
github.com/baaaki/mydreamcampus/auth-service/internal/service/auth_service.go:62.16,65.3 2 0
github.com/baaaki/mydreamcampus/auth-service/internal/service/auth_service.go:68.2,68.44 1 0
github.com/baaaki/mydreamcampus/auth-service/internal/service/auth_service.go:68.44,71.3 2 0
github.com/baaaki/mydreamcampus/auth-service/internal/service/auth_service.go:74.2,74.71 1 0
github.com/baaaki/mydreamcampus/auth-service/internal/service/auth_service.go:74.71,79.3 2 0
github.com/baaaki/mydreamcampus/auth-service/internal/service/auth_service.go:82.2,82.60 1 0
github.com/baaaki/mydreamcampus/auth-service/internal/service/auth_service.go:82.60,87.59 2 0
github.com/baaaki/mydreamcampus/auth-service/internal/service/auth_service.go:87.59,99.4 3 0
github.com/baaaki/mydreamcampus/auth-service/internal/service/auth_service.go:101.3,102.63 2 0
github.com/baaaki/mydreamcampus/auth-service/internal/service/auth_service.go:106.2,110.16 3 0
github.com/baaaki/mydreamcampus/auth-service/internal/service/auth_service.go:110.16,115.3 2 0
github.com/baaaki/mydreamcampus/auth-service/internal/service/auth_service.go:118.2,119.16 2 0
github.com/baaaki/mydreamcampus/auth-service/internal/service/auth_service.go:119.16,124.3 2 0
github.com/baaaki/mydreamcampus/auth-service/internal/service/auth_service.go:127.2,137.16 5 0
github.com/baaaki/mydreamcampus/auth-service/internal/service/auth_service.go:137.16,142.3 2 0
github.com/baaaki/mydreamcampus/auth-service/internal/service/auth_service.go:144.2,162.54 3 0
github.com/baaaki/mydreamcampus/auth-service/internal/service/auth_service.go:162.54,164.3 1 0
github.com/baaaki/mydreamcampus/auth-service/internal/service/auth_service.go:166.2,171.36 2 0
github.com/baaaki/mydreamcampus/auth-service/internal/service/auth_service.go:175.78,178.16 2 0
github.com/baaaki/mydreamcampus/auth-service/internal/service/auth_service.go:178.16,180.3 1 0
github.com/baaaki/mydreamcampus/auth-service/internal/service/auth_service.go:183.2,185.16 3 0
github.com/baaaki/mydreamcampus/auth-service/internal/service/auth_service.go:185.16,191.3 1 0
github.com/baaaki/mydreamcampus/auth-service/internal/service/auth_service.go:193.2,197.12 2 0
github.com/baaaki/mydreamcampus/auth-service/internal/service/auth_service.go:201.78,204.16 2 0
github.com/baaaki/mydreamcampus/auth-service/internal/service/auth_service.go:204.16,209.3 2 0
github.com/baaaki/mydreamcampus/auth-service/internal/service/auth_service.go:212.2,213.16 2 0
github.com/baaaki/mydreamcampus/auth-service/internal/service/auth_service.go:213.16,218.3 1 0
github.com/baaaki/mydreamcampus/auth-service/internal/service/auth_service.go:221.2,222.16 2 0
github.com/baaaki/mydreamcampus/auth-service/internal/service/auth_service.go:222.16,227.3 2 0
github.com/baaaki/mydreamcampus/auth-service/internal/service/auth_service.go:229.2,233.12 2 0
github.com/baaaki/mydreamcampus/auth-service/internal/service/auth_service.go:237.121,240.16 2 0
github.com/baaaki/mydreamcampus/auth-service/internal/service/auth_service.go:240.16,242.3 1 0
github.com/baaaki/mydreamcampus/auth-service/internal/service/auth_service.go:244.2,245.16 2 0
github.com/baaaki/mydreamcampus/auth-service/internal/service/auth_service.go:245.16,247.3 1 0
github.com/baaaki/mydreamcampus/auth-service/internal/service/auth_service.go:249.2,254.16 4 0
github.com/baaaki/mydreamcampus/auth-service/internal/service/auth_service.go:254.16,259.3 2 0
github.com/baaaki/mydreamcampus/auth-service/internal/service/auth_service.go:262.2,263.16 2 0
github.com/baaaki/mydreamcampus/auth-service/internal/service/auth_service.go:263.16,265.3 1 0
github.com/baaaki/mydreamcampus/auth-service/internal/service/auth_service.go:268.2,268.60 1 0
github.com/baaaki/mydreamcampus/auth-service/internal/service/auth_service.go:268.60,275.3 2 0
github.com/baaaki/mydreamcampus/auth-service/internal/service/auth_service.go:278.2,279.16 2 0
github.com/baaaki/mydreamcampus/auth-service/internal/service/auth_service.go:279.16,281.3 1 0
github.com/baaaki/mydreamcampus/auth-service/internal/service/auth_service.go:283.2,284.16 2 0
github.com/baaaki/mydreamcampus/auth-service/internal/service/auth_service.go:284.16,286.3 1 0
github.com/baaaki/mydreamcampus/auth-service/internal/service/auth_service.go:289.2,300.16 4 0
github.com/baaaki/mydreamcampus/auth-service/internal/service/auth_service.go:300.16,302.3 1 0
github.com/baaaki/mydreamcampus/auth-service/internal/service/auth_service.go:304.2,311.25 2 0
github.com/baaaki/mydreamcampus/auth-service/internal/service/auth_service.go:315.152,318.16 2 0
github.com/baaaki/mydreamcampus/auth-service/internal/service/auth_service.go:318.16,320.3 1 0
github.com/baaaki/mydreamcampus/auth-service/internal/service/auth_service.go:323.2,323.63 1 0
github.com/baaaki/mydreamcampus/auth-service/internal/service/auth_service.go:323.63,328.3 2 0
github.com/baaaki/mydreamcampus/auth-service/internal/service/auth_service.go:331.2,331.30 1 0
github.com/baaaki/mydreamcampus/auth-service/internal/service/auth_service.go:331.30,333.3 1 0
github.com/baaaki/mydreamcampus/auth-service/internal/service/auth_service.go:336.2,337.16 2 0
github.com/baaaki/mydreamcampus/auth-service/internal/service/auth_service.go:337.16,342.3 2 0
github.com/baaaki/mydreamcampus/auth-service/internal/service/auth_service.go:345.2,346.16 2 0
github.com/baaaki/mydreamcampus/auth-service/internal/service/auth_service.go:346.16,351.3 2 0
github.com/baaaki/mydreamcampus/auth-service/internal/service/auth_service.go:354.2,355.16 2 0
github.com/baaaki/mydreamcampus/auth-service/internal/service/auth_service.go:355.16,357.3 1 0
github.com/baaaki/mydreamcampus/auth-service/internal/service/auth_service.go:360.2,361.16 2 0
github.com/baaaki/mydreamcampus/auth-service/internal/service/auth_service.go:361.16,365.3 1 0
github.com/baaaki/mydreamcampus/auth-service/internal/service/auth_service.go:368.2,369.16 2 0
github.com/baaaki/mydreamcampus/auth-service/internal/service/auth_service.go:369.16,373.3 1 0
github.com/baaaki/mydreamcampus/auth-service/internal/service/auth_service.go:376.2,377.16 2 0
github.com/baaaki/mydreamcampus/auth-service/internal/service/auth_service.go:377.16,379.3 1 0
github.com/baaaki/mydreamcampus/auth-service/internal/service/auth_service.go:381.2,382.16 2 0
github.com/baaaki/mydreamcampus/auth-service/internal/service/auth_service.go:382.16,384.3 1 0
github.com/baaaki/mydreamcampus/auth-service/internal/service/auth_service.go:387.2,393.16 3 0
github.com/baaaki/mydreamcampus/auth-service/internal/service/auth_service.go:393.16,395.3 1 0
github.com/baaaki/mydreamcampus/auth-service/internal/service/auth_service.go:397.2,405.22 2 0
github.com/baaaki/mydreamcampus/auth-service/internal/service/auth_service.go:409.127,411.16 2 0
github.com/baaaki/mydreamcampus/auth-service/internal/service/auth_service.go:411.16,413.3 1 0
github.com/baaaki/mydreamcampus/auth-service/internal/service/auth_service.go:415.2,416.35 2 0
github.com/baaaki/mydreamcampus/auth-service/internal/service/auth_service.go:416.35,425.3 1 0
github.com/baaaki/mydreamcampus/auth-service/internal/service/auth_service.go:427.2,427.62 1 0
github.com/baaaki/mydreamcampus/auth-service/internal/service/auth_service.go:431.112,434.16 2 0
github.com/baaaki/mydreamcampus/auth-service/internal/service/auth_service.go:434.16,436.3 1 0
github.com/baaaki/mydreamcampus/auth-service/internal/service/auth_service.go:438.2,438.35 1 0
github.com/baaaki/mydreamcampus/auth-service/internal/service/auth_service.go:438.35,439.50 1 0
github.com/baaaki/mydreamcampus/auth-service/internal/service/auth_service.go:439.50,440.45 1 0
github.com/baaaki/mydreamcampus/auth-service/internal/service/auth_service.go:440.45,442.5 1 0
github.com/baaaki/mydreamcampus/auth-service/internal/service/auth_service.go:446.2,447.16 2 0
github.com/baaaki/mydreamcampus/auth-service/internal/service/auth_service.go:447.16,449.3 1 0
github.com/baaaki/mydreamcampus/auth-service/internal/service/auth_service.go:451.2,456.12 2 0
github.com/baaaki/mydreamcampus/auth-service/internal/service/auth_service.go:460.60,463.16 2 0
github.com/baaaki/mydreamcampus/auth-service/internal/service/auth_service.go:463.16,465.3 1 0
github.com/baaaki/mydreamcampus/auth-service/internal/service/auth_service.go:467.2,467.12 1 0
github.com/baaaki/mydreamcampus/auth-service/internal/service/auth_service.go:467.12,470.3 2 0
github.com/baaaki/mydreamcampus/auth-service/internal/service/auth_service.go:473.2,474.16 2 0
github.com/baaaki/mydreamcampus/auth-service/internal/service/auth_service.go:474.16,476.3 1 0
github.com/baaaki/mydreamcampus/auth-service/internal/service/auth_service.go:479.2,492.16 3 0
github.com/baaaki/mydreamcampus/auth-service/internal/service/auth_service.go:492.16,494.3 1 0
github.com/baaaki/mydreamcampus/auth-service/internal/service/auth_service.go:496.2,500.12 2 0
github.com/baaaki/mydreamcampus/auth-service/internal/service/auth_service.go:504.66,506.12 2 0
github.com/baaaki/mydreamcampus/auth-service/internal/service/auth_service.go:506.12,507.7 1 0
github.com/baaaki/mydreamcampus/auth-service/internal/service/auth_service.go:507.7,508.11 1 0
github.com/baaaki/mydreamcampus/auth-service/internal/service/auth_service.go:509.20,512.19 2 0
github.com/baaaki/mydreamcampus/auth-service/internal/service/auth_service.go:512.19,516.6 1 0
github.com/baaaki/mydreamcampus/auth-service/internal/service/auth_service.go:516.11,518.6 1 0
github.com/baaaki/mydreamcampus/auth-service/internal/service/auth_service.go:521.5,522.19 2 0
github.com/baaaki/mydreamcampus/auth-service/internal/service/auth_service.go:522.19,526.6 1 0
github.com/baaaki/mydreamcampus/auth-service/internal/service/auth_service.go:526.11,528.6 1 0
github.com/baaaki/mydreamcampus/auth-service/internal/service/auth_service.go:529.22,531.11 2 0
github.com/baaaki/mydreamcampus/auth-service/internal/service/auth_service.go:536.2,536.42 1 0
github.com/baaaki/mydreamcampus/auth-service/internal/service/auth_service.go:540.73,555.2 5 0
github.com/baaaki/mydreamcampus/auth-service/internal/service/auth_service.go:558.82,573.16 7 0
github.com/baaaki/mydreamcampus/auth-service/internal/service/auth_service.go:573.16,575.3 1 0
github.com/baaaki/mydreamcampus/auth-service/internal/service/auth_service.go:577.2,577.30 1 0
github.com/baaaki/mydreamcampus/auth-service/internal/service/auth_service.go:581.84,582.83 1 0
github.com/baaaki/mydreamcampus/auth-service/internal/service/auth_service.go:582.83,583.58 1 0
github.com/baaaki/mydreamcampus/auth-service/internal/service/auth_service.go:583.58,585.4 1 0
github.com/baaaki/mydreamcampus/auth-service/internal/service/auth_service.go:586.3,586.42 1 0
github.com/baaaki/mydreamcampus/auth-service/internal/service/auth_service.go:589.2,589.16 1 0
github.com/baaaki/mydreamcampus/auth-service/internal/service/auth_service.go:589.16,591.3 1 0
github.com/baaaki/mydreamcampus/auth-service/internal/service/auth_service.go:593.2,593.67 1 0
github.com/baaaki/mydreamcampus/auth-service/internal/service/auth_service.go:593.67,595.3 1 0
github.com/baaaki/mydreamcampus/auth-service/internal/service/auth_service.go:597.2,597.41 1 0
github.com/baaaki/mydreamcampus/auth-service/internal/service/auth_service.go:601.101,602.81 1 0
github.com/baaaki/mydreamcampus/auth-service/internal/service/auth_service.go:602.81,604.3 1 0
github.com/baaaki/mydreamcampus/auth-service/internal/service/auth_service.go:606.2,606.52 1 0
github.com/baaaki/mydreamcampus/auth-service/internal/service/auth_service.go:606.52,608.3 1 0
github.com/baaaki/mydreamcampus/auth-service/internal/service/auth_service.go:610.2,610.41 1 0
github.com/baaaki/mydreamcampus/auth-service/internal/service/auth_service.go:614.49,618.2 3 0
github.com/baaaki/mydreamcampus/auth-service/internal/service/event_service.go:27.17,33.2 1 0
github.com/baaaki/mydreamcampus/auth-service/internal/service/event_service.go:36.103,39.16 2 0
github.com/baaaki/mydreamcampus/auth-service/internal/service/event_service.go:39.16,41.3 1 0
github.com/baaaki/mydreamcampus/auth-service/internal/service/event_service.go:42.2,42.15 1 0
github.com/baaaki/mydreamcampus/auth-service/internal/service/event_service.go:42.15,48.3 2 0
github.com/baaaki/mydreamcampus/auth-service/internal/service/event_service.go:51.2,52.16 2 0
github.com/baaaki/mydreamcampus/auth-service/internal/service/event_service.go:52.16,54.3 1 0
github.com/baaaki/mydreamcampus/auth-service/internal/service/event_service.go:55.2,59.16 3 0
github.com/baaaki/mydreamcampus/auth-service/internal/service/event_service.go:59.16,61.3 1 0
github.com/baaaki/mydreamcampus/auth-service/internal/service/event_service.go:64.2,65.16 2 0
github.com/baaaki/mydreamcampus/auth-service/internal/service/event_service.go:65.16,67.3 1 0
github.com/baaaki/mydreamcampus/auth-service/internal/service/event_service.go:70.2,81.16 3 0
github.com/baaaki/mydreamcampus/auth-service/internal/service/event_service.go:81.16,87.3 1 0
github.com/baaaki/mydreamcampus/auth-service/internal/service/event_service.go:90.2,94.16 2 0
github.com/baaaki/mydreamcampus/auth-service/internal/service/event_service.go:94.16,96.3 1 0
github.com/baaaki/mydreamcampus/auth-service/internal/service/event_service.go:99.2,99.39 1 0
github.com/baaaki/mydreamcampus/auth-service/internal/service/event_service.go:99.39,101.3 1 0
github.com/baaaki/mydreamcampus/auth-service/internal/service/event_service.go:103.2,109.12 2 0
github.com/baaaki/mydreamcampus/auth-service/internal/service/event_service.go:113.99,116.16 2 0
github.com/baaaki/mydreamcampus/auth-service/internal/service/event_service.go:116.16,118.3 1 0
github.com/baaaki/mydreamcampus/auth-service/internal/service/event_service.go:119.2,119.15 1 0
github.com/baaaki/mydreamcampus/auth-service/internal/service/event_service.go:119.15,125.3 2 0
github.com/baaaki/mydreamcampus/auth-service/internal/service/event_service.go:128.2,129.16 2 0
github.com/baaaki/mydreamcampus/auth-service/internal/service/event_service.go:129.16,131.3 1 0
github.com/baaaki/mydreamcampus/auth-service/internal/service/event_service.go:132.2,136.16 3 0
github.com/baaaki/mydreamcampus/auth-service/internal/service/event_service.go:136.16,138.3 1 0
github.com/baaaki/mydreamcampus/auth-service/internal/service/event_service.go:141.2,142.16 2 0
github.com/baaaki/mydreamcampus/auth-service/internal/service/event_service.go:142.16,144.3 1 0
github.com/baaaki/mydreamcampus/auth-service/internal/service/event_service.go:147.2,149.33 3 0
github.com/baaaki/mydreamcampus/auth-service/internal/service/event_service.go:149.33,151.3 1 0
github.com/baaaki/mydreamcampus/auth-service/internal/service/event_service.go:152.2,162.16 2 0
github.com/baaaki/mydreamcampus/auth-service/internal/service/event_service.go:162.16,167.3 1 0
github.com/baaaki/mydreamcampus/auth-service/internal/service/event_service.go:170.2,174.16 2 0
github.com/baaaki/mydreamcampus/auth-service/internal/service/event_service.go:174.16,176.3 1 0
github.com/baaaki/mydreamcampus/auth-service/internal/service/event_service.go:179.2,179.39 1 0
github.com/baaaki/mydreamcampus/auth-service/internal/service/event_service.go:179.39,181.3 1 0
github.com/baaaki/mydreamcampus/auth-service/internal/service/event_service.go:183.2,190.12 2 0
github.com/baaaki/mydreamcampus/auth-service/internal/service/event_service.go:194.97,197.16 2 0
github.com/baaaki/mydreamcampus/auth-service/internal/service/event_service.go:197.16,199.3 1 0
github.com/baaaki/mydreamcampus/auth-service/internal/service/event_service.go:200.2,200.15 1 0
github.com/baaaki/mydreamcampus/auth-service/internal/service/event_service.go:200.15,206.3 2 0
github.com/baaaki/mydreamcampus/auth-service/internal/service/event_service.go:209.2,210.16 2 0
github.com/baaaki/mydreamcampus/auth-service/internal/service/event_service.go:210.16,212.3 1 0
github.com/baaaki/mydreamcampus/auth-service/internal/service/event_service.go:213.2,217.16 3 0
github.com/baaaki/mydreamcampus/auth-service/internal/service/event_service.go:217.16,219.3 1 0
github.com/baaaki/mydreamcampus/auth-service/internal/service/event_service.go:221.2,228.56 3 0
github.com/baaaki/mydreamcampus/auth-service/internal/service/event_service.go:228.56,230.3 1 0
github.com/baaaki/mydreamcampus/auth-service/internal/service/event_service.go:232.2,232.66 1 0
github.com/baaaki/mydreamcampus/auth-service/internal/service/event_service.go:232.66,234.3 1 0
github.com/baaaki/mydreamcampus/auth-service/internal/service/event_service.go:236.2,237.16 2 0
github.com/baaaki/mydreamcampus/auth-service/internal/service/event_service.go:237.16,239.3 1 0
github.com/baaaki/mydreamcampus/auth-service/internal/service/event_service.go:242.2,242.56 1 0
github.com/baaaki/mydreamcampus/auth-service/internal/service/event_service.go:242.56,247.17 2 0
github.com/baaaki/mydreamcampus/auth-service/internal/service/event_service.go:247.17,251.4 1 0
github.com/baaaki/mydreamcampus/auth-service/internal/service/event_service.go:255.2,259.16 2 0
github.com/baaaki/mydreamcampus/auth-service/internal/service/event_service.go:259.16,261.3 1 0
github.com/baaaki/mydreamcampus/auth-service/internal/service/event_service.go:264.2,264.39 1 0
github.com/baaaki/mydreamcampus/auth-service/internal/service/event_service.go:264.39,266.3 1 0
github.com/baaaki/mydreamcampus/auth-service/internal/service/event_service.go:268.2,273.12 2 0
github.com/baaaki/mydreamcampus/auth-service/internal/service/event_service.go:277.105,280.16 2 0
github.com/baaaki/mydreamcampus/auth-service/internal/service/event_service.go:280.16,282.3 1 0
github.com/baaaki/mydreamcampus/auth-service/internal/service/event_service.go:283.2,283.15 1 0
github.com/baaaki/mydreamcampus/auth-service/internal/service/event_service.go:283.15,289.3 2 0
github.com/baaaki/mydreamcampus/auth-service/internal/service/event_service.go:292.2,293.16 2 0
github.com/baaaki/mydreamcampus/auth-service/internal/service/event_service.go:293.16,295.3 1 0
github.com/baaaki/mydreamcampus/auth-service/internal/service/event_service.go:296.2,300.16 3 0
github.com/baaaki/mydreamcampus/auth-service/internal/service/event_service.go:300.16,302.3 1 0
github.com/baaaki/mydreamcampus/auth-service/internal/service/event_service.go:304.2,308.16 3 0
github.com/baaaki/mydreamcampus/auth-service/internal/service/event_service.go:308.16,310.3 1 0
github.com/baaaki/mydreamcampus/auth-service/internal/service/event_service.go:313.2,314.16 2 0
github.com/baaaki/mydreamcampus/auth-service/internal/service/event_service.go:314.16,319.3 1 0
github.com/baaaki/mydreamcampus/auth-service/internal/service/event_service.go:322.2,326.16 2 0
github.com/baaaki/mydreamcampus/auth-service/internal/service/event_service.go:326.16,328.3 1 0
github.com/baaaki/mydreamcampus/auth-service/internal/service/event_service.go:331.2,331.39 1 0
github.com/baaaki/mydreamcampus/auth-service/internal/service/event_service.go:331.39,333.3 1 0
github.com/baaaki/mydreamcampus/auth-service/internal/service/event_service.go:335.2,340.12 2 0
